[ 2015-07-28T16:20:23+08:00 ] 127.0.0.1 /admin.php/login/index
INFO: [ route_check ] --START--
INFO: Run CheckRoute Behavior [ RunTime:0.000716s ]
INFO: [ route_check ] --END-- [ RunTime:0.000806s ]
INFO: [ app_begin ] --START--
INFO: Run ReadHtmlCache Behavior [ RunTime:0.000403s ]
INFO: [ app_begin ] --END-- [ RunTime:0.000441s ]
INFO: [ view_template ] --START--
INFO: Run LocationTemplate Behavior [ RunTime:0.007687s ]
INFO: [ view_template ] --END-- [ RunTime:0.007763s ]
INFO: [ view_parse ] --START--
INFO: Run ParseTemplate Behavior [ RunTime:0.022758s ]
INFO: [ view_parse ] --END-- [ RunTime:0.022825s ]
INFO: [ view_filter ] --START--
INFO: Run ContentReplace Behavior [ RunTime:0.000369s ]
INFO: Run TokenBuild Behavior [ RunTime:0.000368s ]
INFO: Run WriteHtmlCache Behavior [ RunTime:0.000262s ]
INFO: Run ShowRuntime Behavior [ RunTime:0.000392s ]
INFO: [ view_filter ] --END-- [ RunTime:0.001501s ]
INFO: [ view_end ] --START--
INFO: Run ShowPageTrace Behavior [ RunTime:0.000435s ]
INFO: [ view_end ] --END-- [ RunTime:0.000471s ]

[ 2015-07-28T16:20:23+08:00 ] ERR: (ThinkException) 非法操作:js
[ 2015-07-28T16:20:23+08:00 ] ERR: (ThinkException) 非法操作:js
[ 2015-07-28T16:20:28+08:00 ] 127.0.0.1 /admin.php/login/index
INFO: [ route_check ] --START--
INFO: Run CheckRoute Behavior [ RunTime:0.001535s ]
INFO: [ route_check ] --END-- [ RunTime:0.001661s ]
INFO: [ app_begin ] --START--
INFO: Run ReadHtmlCache Behavior [ RunTime:0.000705s ]
INFO: [ app_begin ] --END-- [ RunTime:0.000780s ]
INFO: [ view_template ] --START--
INFO: Run LocationTemplate Behavior [ RunTime:0.000798s ]
INFO: [ view_template ] --END-- [ RunTime:0.000873s ]
INFO: [ view_parse ] --START--
INFO: Run ParseTemplate Behavior [ RunTime:0.006485s ]
INFO: [ view_parse ] --END-- [ RunTime:0.006558s ]
INFO: [ view_filter ] --START--
INFO: Run ContentReplace Behavior [ RunTime:0.000517s ]
INFO: Run TokenBuild Behavior [ RunTime:0.000622s ]
INFO: Run WriteHtmlCache Behavior [ RunTime:0.000589s ]
INFO: Run ShowRuntime Behavior [ RunTime:0.000551s ]
INFO: [ view_filter ] --END-- [ RunTime:0.002459s ]
INFO: [ view_end ] --START--
INFO: Run ShowPageTrace Behavior [ RunTime:0.000555s ]
INFO: [ view_end ] --END-- [ RunTime:0.000599s ]

[ 2015-07-28T16:20:28+08:00 ] ERR: (ThinkException) 非法操作:js
[ 2015-07-28T16:20:28+08:00 ] ERR: (ThinkException) 非法操作:js
[ 2015-07-28T16:23:15+08:00 ] 127.0.0.1 /admin.php/Login/Logincheck
INFO: [ route_check ] --START--
INFO: Run CheckRoute Behavior [ RunTime:0.000722s ]
INFO: [ route_check ] --END-- [ RunTime:0.000805s ]
INFO: [ app_begin ] --START--
INFO: Run ReadHtmlCache Behavior [ RunTime:0.000548s ]
INFO: [ app_begin ] --END-- [ RunTime:0.000600s ]
SQL: SHOW COLUMNS FROM `xs_admin` [ RunTime:0.004948s ]
SQL: SELECT `id` FROM `xs_admin` WHERE ( `username` = 'admin' ) AND ( `password` = '21232f297a57a5a743894a0e4a801fc3' ) LIMIT 1   [ RunTime:0.001495s ]
NOTIC: [8] A session had already been started - ignoring session_start() D:\www\docs\xs.cn\admin\Lib\Action\LoginAction.class.php 第 24 行.
SQL: UPDATE `xs_admin` SET `lastlogin`=1438071795 WHERE ( `username` = 'admin' ) AND ( `password` = '21232f297a57a5a743894a0e4a801fc3' ) [ RunTime:0.001682s ]
INFO: [ view_template ] --START--
INFO: Run LocationTemplate Behavior [ RunTime:0.000958s ]
INFO: [ view_template ] --END-- [ RunTime:0.001025s ]
INFO: [ view_parse ] --START--
INFO: Run ParseTemplate Behavior [ RunTime:0.006068s ]
INFO: [ view_parse ] --END-- [ RunTime:0.006132s ]
INFO: [ view_filter ] --START--
INFO: Run ContentReplace Behavior [ RunTime:0.000439s ]
INFO: Run TokenBuild Behavior [ RunTime:0.000426s ]
INFO: Run WriteHtmlCache Behavior [ RunTime:0.000500s ]
INFO: Run ShowRuntime Behavior [ RunTime:0.000453s ]
INFO: [ view_filter ] --END-- [ RunTime:0.001959s ]
INFO: [ view_end ] --START--
INFO: Run ShowPageTrace Behavior [ RunTime:0.000551s ]
INFO: [ view_end ] --END-- [ RunTime:0.000593s ]

[ 2015-07-28T16:23:16+08:00 ] 127.0.0.1 /admin.php/admin/index
INFO: [ route_check ] --START--
INFO: Run CheckRoute Behavior [ RunTime:0.002511s ]
INFO: [ route_check ] --END-- [ RunTime:0.002721s ]
INFO: [ app_begin ] --START--
INFO: Run ReadHtmlCache Behavior [ RunTime:0.001633s ]
INFO: [ app_begin ] --END-- [ RunTime:0.001758s ]
SQL: SHOW COLUMNS FROM `xs_admin` [ RunTime:0.011139s ]
SQL: SELECT `nickname`,`id` FROM `xs_admin` WHERE ( `username` = 'admin' ) LIMIT 1   [ RunTime:0.000560s ]
SQL: SHOW COLUMNS FROM `xs_novel` [ RunTime:0.006891s ]
SQL: SELECT COUNT(*) AS tp_count FROM `xs_novel` LIMIT 1   [ RunTime:0.000521s ]
SQL: SHOW COLUMNS FROM `xs_content` [ RunTime:0.006047s ]
SQL: SELECT COUNT(*) AS tp_count FROM `xs_content` LIMIT 1   [ RunTime:0.000260s ]
SQL: SELECT SUM(clicksum) AS tp_sum FROM `xs_novel` LIMIT 1   [ RunTime:0.004441s ]
SQL: SELECT SUM(clicktoday) AS tp_sum FROM `xs_novel` LIMIT 1   [ RunTime:0.000300s ]
SQL: SELECT SUM(clickmonth) AS tp_sum FROM `xs_novel` LIMIT 1   [ RunTime:0.000212s ]
SQL: SHOW COLUMNS FROM `xs_content` [ RunTime:0.004682s ]
SQL: SELECT COUNT(*) AS tp_count FROM `xs_content` LIMIT 1   [ RunTime:0.000318s ]
SQL: SELECT * FROM `xs_content` ORDER BY id desc LIMIT 0,10   [ RunTime:0.000714s ]
SQL: SELECT `novelname` FROM `xs_novel` WHERE ( `id` = 2 ) LIMIT 1   [ RunTime:0.000457s ]
SQL: SELECT `novelname` FROM `xs_novel` WHERE ( `id` = 2 ) LIMIT 1   [ RunTime:0.000223s ]
SQL: SELECT `novelname` FROM `xs_novel` WHERE ( `id` = 2 ) LIMIT 1   [ RunTime:0.000170s ]
SQL: SELECT `novelname` FROM `xs_novel` WHERE ( `id` = 2 ) LIMIT 1   [ RunTime:0.000170s ]
SQL: SELECT `novelname` FROM `xs_novel` WHERE ( `id` = 2 ) LIMIT 1   [ RunTime:0.000212s ]
SQL: SELECT `novelname` FROM `xs_novel` WHERE ( `id` = 2 ) LIMIT 1   [ RunTime:0.000170s ]
SQL: SELECT `novelname` FROM `xs_novel` WHERE ( `id` = 2 ) LIMIT 1   [ RunTime:0.000158s ]
SQL: SELECT `novelname` FROM `xs_novel` WHERE ( `id` = 2 ) LIMIT 1   [ RunTime:0.000161s ]
SQL: SELECT `novelname` FROM `xs_novel` WHERE ( `id` = 2 ) LIMIT 1   [ RunTime:0.000884s ]
SQL: SELECT `novelname` FROM `xs_novel` WHERE ( `id` = 2 ) LIMIT 1   [ RunTime:0.000231s ]
INFO: [ view_template ] --START--
INFO: Run LocationTemplate Behavior [ RunTime:0.000795s ]
INFO: [ view_template ] --END-- [ RunTime:0.000847s ]
INFO: [ view_parse ] --START--
NOTIC: [8] Undefined variable: checklink D:\www\docs\xs.cn\admin\Runtime\Cache\bd915821e9b7612ae670e6d4e0f1b964.php 第 360 行.
NOTIC: [8] Undefined variable: checkcaiji D:\www\docs\xs.cn\admin\Runtime\Cache\bd915821e9b7612ae670e6d4e0f1b964.php 第 380 行.
NOTIC: [8] Undefined variable: checkset D:\www\docs\xs.cn\admin\Runtime\Cache\bd915821e9b7612ae670e6d4e0f1b964.php 第 398 行.
INFO: Run ParseTemplate Behavior [ RunTime:0.041158s ]
INFO: [ view_parse ] --END-- [ RunTime:0.041205s ]
INFO: [ view_filter ] --START--
INFO: Run ContentReplace Behavior [ RunTime:0.000469s ]
INFO: Run TokenBuild Behavior [ RunTime:0.000377s ]
INFO: Run WriteHtmlCache Behavior [ RunTime:0.000288s ]
INFO: Run ShowRuntime Behavior [ RunTime:0.000441s ]
INFO: [ view_filter ] --END-- [ RunTime:0.001677s ]
INFO: [ view_end ] --START--
INFO: Run ShowPageTrace Behavior [ RunTime:0.000539s ]
INFO: [ view_end ] --END-- [ RunTime:0.000602s ]

[ 2015-07-28T16:23:30+08:00 ] 127.0.0.1 /admin.php/Admin/index
INFO: [ route_check ] --START--
INFO: Run CheckRoute Behavior [ RunTime:0.000708s ]
INFO: [ route_check ] --END-- [ RunTime:0.000791s ]
INFO: [ app_begin ] --START--
INFO: Run ReadHtmlCache Behavior [ RunTime:0.000633s ]
INFO: [ app_begin ] --END-- [ RunTime:0.000684s ]
SQL: SHOW COLUMNS FROM `xs_admin` [ RunTime:0.004307s ]
SQL: SELECT `nickname`,`id` FROM `xs_admin` WHERE ( `username` = 'admin' ) LIMIT 1   [ RunTime:0.000244s ]
SQL: SHOW COLUMNS FROM `xs_novel` [ RunTime:0.004190s ]
SQL: SELECT COUNT(*) AS tp_count FROM `xs_novel` LIMIT 1   [ RunTime:0.000216s ]
SQL: SHOW COLUMNS FROM `xs_content` [ RunTime:0.004176s ]
SQL: SELECT COUNT(*) AS tp_count FROM `xs_content` LIMIT 1   [ RunTime:0.000232s ]
SQL: SELECT SUM(clicksum) AS tp_sum FROM `xs_novel` LIMIT 1   [ RunTime:0.000271s ]
SQL: SELECT SUM(clicktoday) AS tp_sum FROM `xs_novel` LIMIT 1   [ RunTime:0.000362s ]
SQL: SELECT SUM(clickmonth) AS tp_sum FROM `xs_novel` LIMIT 1   [ RunTime:0.000304s ]
SQL: SHOW COLUMNS FROM `xs_content` [ RunTime:0.004436s ]
SQL: SELECT COUNT(*) AS tp_count FROM `xs_content` LIMIT 1   [ RunTime:0.000192s ]
SQL: SELECT * FROM `xs_content` ORDER BY id desc LIMIT 0,10   [ RunTime:0.000625s ]
SQL: SELECT `novelname` FROM `xs_novel` WHERE ( `id` = 2 ) LIMIT 1   [ RunTime:0.000166s ]
SQL: SELECT `novelname` FROM `xs_novel` WHERE ( `id` = 2 ) LIMIT 1   [ RunTime:0.000118s ]
SQL: SELECT `novelname` FROM `xs_novel` WHERE ( `id` = 2 ) LIMIT 1   [ RunTime:0.000115s ]
SQL: SELECT `novelname` FROM `xs_novel` WHERE ( `id` = 2 ) LIMIT 1   [ RunTime:0.000127s ]
SQL: SELECT `novelname` FROM `xs_novel` WHERE ( `id` = 2 ) LIMIT 1   [ RunTime:0.000112s ]
SQL: SELECT `novelname` FROM `xs_novel` WHERE ( `id` = 2 ) LIMIT 1   [ RunTime:0.000112s ]
SQL: SELECT `novelname` FROM `xs_novel` WHERE ( `id` = 2 ) LIMIT 1   [ RunTime:0.000112s ]
SQL: SELECT `novelname` FROM `xs_novel` WHERE ( `id` = 2 ) LIMIT 1   [ RunTime:0.000111s ]
SQL: SELECT `novelname` FROM `xs_novel` WHERE ( `id` = 2 ) LIMIT 1   [ RunTime:0.000202s ]
SQL: SELECT `novelname` FROM `xs_novel` WHERE ( `id` = 2 ) LIMIT 1   [ RunTime:0.000340s ]
INFO: [ view_template ] --START--
INFO: Run LocationTemplate Behavior [ RunTime:0.000684s ]
INFO: [ view_template ] --END-- [ RunTime:0.000754s ]
INFO: [ view_parse ] --START--
NOTIC: [8] Undefined variable: checklink D:\www\docs\xs.cn\admin\Runtime\Cache\bd915821e9b7612ae670e6d4e0f1b964.php 第 360 行.
NOTIC: [8] Undefined variable: checkcaiji D:\www\docs\xs.cn\admin\Runtime\Cache\bd915821e9b7612ae670e6d4e0f1b964.php 第 380 行.
NOTIC: [8] Undefined variable: checkset D:\www\docs\xs.cn\admin\Runtime\Cache\bd915821e9b7612ae670e6d4e0f1b964.php 第 398 行.
INFO: Run ParseTemplate Behavior [ RunTime:0.011659s ]
INFO: [ view_parse ] --END-- [ RunTime:0.011712s ]
INFO: [ view_filter ] --START--
INFO: Run ContentReplace Behavior [ RunTime:0.000708s ]
INFO: Run TokenBuild Behavior [ RunTime:0.000459s ]
INFO: Run WriteHtmlCache Behavior [ RunTime:0.000409s ]
INFO: Run ShowRuntime Behavior [ RunTime:0.000656s ]
INFO: [ view_filter ] --END-- [ RunTime:0.002398s ]
INFO: [ view_end ] --START--
INFO: Run ShowPageTrace Behavior [ RunTime:0.000564s ]
INFO: [ view_end ] --END-- [ RunTime:0.000600s ]

[ 2015-07-28T16:23:32+08:00 ] 127.0.0.1 /admin.php/Caiji/index
INFO: [ route_check ] --START--
INFO: Run CheckRoute Behavior [ RunTime:0.000807s ]
INFO: [ route_check ] --END-- [ RunTime:0.000914s ]
INFO: [ app_begin ] --START--
INFO: Run ReadHtmlCache Behavior [ RunTime:0.000983s ]
INFO: [ app_begin ] --END-- [ RunTime:0.001083s ]
SQL: SHOW COLUMNS FROM `xs_admin` [ RunTime:0.007531s ]
SQL: SELECT `nickname`,`id` FROM `xs_admin` WHERE ( `username` = 'admin' ) LIMIT 1   [ RunTime:0.000547s ]
SQL: SHOW COLUMNS FROM `xs_novel` [ RunTime:0.007630s ]
SQL: SELECT COUNT(*) AS tp_count FROM `xs_novel` LIMIT 1   [ RunTime:0.000287s ]
SQL: SHOW COLUMNS FROM `xs_content` [ RunTime:0.007613s ]
SQL: SELECT COUNT(*) AS tp_count FROM `xs_content` LIMIT 1   [ RunTime:0.000355s ]
SQL: SELECT SUM(clicksum) AS tp_sum FROM `xs_novel` LIMIT 1   [ RunTime:0.000383s ]
SQL: SELECT SUM(clicktoday) AS tp_sum FROM `xs_novel` LIMIT 1   [ RunTime:0.000335s ]
SQL: SELECT SUM(clickmonth) AS tp_sum FROM `xs_novel` LIMIT 1   [ RunTime:0.000410s ]
SQL: SHOW COLUMNS FROM `xs_caiji` [ RunTime:0.010213s ]
SQL: SELECT COUNT(*) AS tp_count FROM `xs_caiji` LIMIT 1   [ RunTime:0.000196s ]
SQL: SELECT * FROM `xs_caiji` ORDER BY id desc LIMIT 0,10   [ RunTime:0.000291s ]
SQL: SELECT `novelname` FROM `xs_novel` WHERE ( `id` = 2 ) LIMIT 1   [ RunTime:0.000185s ]
SQL: SHOW COLUMNS FROM `xs_vol` [ RunTime:0.006253s ]
SQL: SELECT `volname` FROM `xs_vol` WHERE ( `id` = 2 ) LIMIT 1   [ RunTime:0.000387s ]
SQL: SELECT `novelname` FROM `xs_novel` WHERE ( `id` = 1 ) LIMIT 1   [ RunTime:0.000262s ]
SQL: SELECT `volname` FROM `xs_vol` WHERE ( `id` = 1 ) LIMIT 1   [ RunTime:0.000213s ]
INFO: [ view_template ] --START--
INFO: Run LocationTemplate Behavior [ RunTime:0.008590s ]
INFO: [ view_template ] --END-- [ RunTime:0.008661s ]
INFO: [ view_parse ] --START--
NOTIC: [8] Undefined variable: novel D:\www\docs\xs.cn\admin\Runtime\Cache\613303d6f7843dbc0baa9862602efde2.php 第 212 行.
NOTIC: [8] Undefined variable: novel D:\www\docs\xs.cn\admin\Runtime\Cache\613303d6f7843dbc0baa9862602efde2.php 第 212 行.
NOTIC: [8] Undefined variable: checkindex D:\www\docs\xs.cn\admin\Runtime\Cache\613303d6f7843dbc0baa9862602efde2.php 第 295 行.
NOTIC: [8] Undefined variable: checkclass D:\www\docs\xs.cn\admin\Runtime\Cache\613303d6f7843dbc0baa9862602efde2.php 第 301 行.
NOTIC: [8] Undefined variable: checkuser D:\www\docs\xs.cn\admin\Runtime\Cache\613303d6f7843dbc0baa9862602efde2.php 第 366 行.
NOTIC: [8] Undefined variable: checklink D:\www\docs\xs.cn\admin\Runtime\Cache\613303d6f7843dbc0baa9862602efde2.php 第 393 行.
NOTIC: [8] Undefined variable: checkset D:\www\docs\xs.cn\admin\Runtime\Cache\613303d6f7843dbc0baa9862602efde2.php 第 431 行.
INFO: Run ParseTemplate Behavior [ RunTime:0.023786s ]
INFO: [ view_parse ] --END-- [ RunTime:0.023835s ]
INFO: [ view_filter ] --START--
INFO: Run ContentReplace Behavior [ RunTime:0.000463s ]
INFO: Run TokenBuild Behavior [ RunTime:0.000347s ]
INFO: Run WriteHtmlCache Behavior [ RunTime:0.000275s ]
INFO: Run ShowRuntime Behavior [ RunTime:0.000387s ]
INFO: [ view_filter ] --END-- [ RunTime:0.001576s ]
INFO: [ view_end ] --START--
INFO: Run ShowPageTrace Behavior [ RunTime:0.000464s ]
INFO: [ view_end ] --END-- [ RunTime:0.000506s ]

[ 2015-07-28T16:23:33+08:00 ] 127.0.0.1 /admin.php/Novel/index
INFO: [ route_check ] --START--
INFO: Run CheckRoute Behavior [ RunTime:0.000779s ]
INFO: [ route_check ] --END-- [ RunTime:0.000940s ]
INFO: [ app_begin ] --START--
INFO: Run ReadHtmlCache Behavior [ RunTime:0.000687s ]
INFO: [ app_begin ] --END-- [ RunTime:0.000770s ]
SQL: SHOW COLUMNS FROM `xs_admin` [ RunTime:0.004777s ]
SQL: SELECT `nickname`,`id` FROM `xs_admin` WHERE ( `username` = 'admin' ) LIMIT 1   [ RunTime:0.000229s ]
SQL: SHOW COLUMNS FROM `xs_novel` [ RunTime:0.004022s ]
SQL: SELECT COUNT(*) AS tp_count FROM `xs_novel` LIMIT 1   [ RunTime:0.000154s ]
SQL: SHOW COLUMNS FROM `xs_content` [ RunTime:0.003894s ]
SQL: SELECT COUNT(*) AS tp_count FROM `xs_content` LIMIT 1   [ RunTime:0.000144s ]
SQL: SELECT SUM(clicksum) AS tp_sum FROM `xs_novel` LIMIT 1   [ RunTime:0.000148s ]
SQL: SELECT SUM(clicktoday) AS tp_sum FROM `xs_novel` LIMIT 1   [ RunTime:0.000119s ]
SQL: SELECT SUM(clickmonth) AS tp_sum FROM `xs_novel` LIMIT 1   [ RunTime:0.000121s ]
SQL: SHOW COLUMNS FROM `xs_class` [ RunTime:0.003837s ]
SQL: SELECT `id`,`classname` FROM `xs_class` ORDER BY id  [ RunTime:0.000225s ]
SQL: SHOW COLUMNS FROM `xs_novel` [ RunTime:0.004392s ]
NOTIC: [8] Undefined variable: where D:\www\docs\xs.cn\admin\Lib\Action\NovelAction.class.php 第 54 行.
SQL: SELECT COUNT(*) AS tp_count FROM `xs_novel` LIMIT 1   [ RunTime:0.000185s ]
NOTIC: [8] Undefined variable: where D:\www\docs\xs.cn\admin\Lib\Action\NovelAction.class.php 第 59 行.
SQL: SELECT * FROM `xs_novel` ORDER BY update_time desc LIMIT 0,10   [ RunTime:0.000237s ]
SQL: SHOW COLUMNS FROM `xs_class` [ RunTime:0.005026s ]
SQL: SELECT `classname` FROM `xs_class` WHERE ( 1=1 AND id='3' ) LIMIT 1   [ RunTime:0.000251s ]
SQL: SELECT `classname` FROM `xs_class` WHERE ( 1=1 AND id='1' ) LIMIT 1   [ RunTime:0.000130s ]
INFO: [ view_template ] --START--
INFO: Run LocationTemplate Behavior [ RunTime:0.000712s ]
INFO: [ view_template ] --END-- [ RunTime:0.000763s ]
INFO: [ view_parse ] --START--
NOTIC: [8] Undefined variable: checkindex D:\www\docs\xs.cn\admin\Runtime\Cache\9d28736f55e8befd631c9b81b03e5e8a.php 第 311 行.
NOTIC: [8] Undefined variable: checkuser D:\www\docs\xs.cn\admin\Runtime\Cache\9d28736f55e8befd631c9b81b03e5e8a.php 第 382 行.
NOTIC: [8] Undefined variable: checklink D:\www\docs\xs.cn\admin\Runtime\Cache\9d28736f55e8befd631c9b81b03e5e8a.php 第 409 行.
NOTIC: [8] Undefined variable: checkcaiji D:\www\docs\xs.cn\admin\Runtime\Cache\9d28736f55e8befd631c9b81b03e5e8a.php 第 429 行.
NOTIC: [8] Undefined variable: checkset D:\www\docs\xs.cn\admin\Runtime\Cache\9d28736f55e8befd631c9b81b03e5e8a.php 第 447 行.
INFO: Run ParseTemplate Behavior [ RunTime:0.021734s ]
INFO: [ view_parse ] --END-- [ RunTime:0.021780s ]
INFO: [ view_filter ] --START--
INFO: Run ContentReplace Behavior [ RunTime:0.000490s ]
INFO: Run TokenBuild Behavior [ RunTime:0.000373s ]
INFO: Run WriteHtmlCache Behavior [ RunTime:0.000276s ]
INFO: Run ShowRuntime Behavior [ RunTime:0.000393s ]
INFO: [ view_filter ] --END-- [ RunTime:0.001638s ]
INFO: [ view_end ] --START--
INFO: Run ShowPageTrace Behavior [ RunTime:0.000478s ]
INFO: [ view_end ] --END-- [ RunTime:0.000513s ]

[ 2015-07-28T16:23:34+08:00 ] 127.0.0.1 /admin.php/User/index
INFO: [ route_check ] --START--
INFO: Run CheckRoute Behavior [ RunTime:0.000722s ]
INFO: [ route_check ] --END-- [ RunTime:0.000813s ]
INFO: [ app_begin ] --START--
INFO: Run ReadHtmlCache Behavior [ RunTime:0.000532s ]
INFO: [ app_begin ] --END-- [ RunTime:0.000584s ]
SQL: SHOW COLUMNS FROM `xs_admin` [ RunTime:0.004641s ]
SQL: SELECT `nickname`,`id` FROM `xs_admin` WHERE ( `username` = 'admin' ) LIMIT 1   [ RunTime:0.000277s ]
SQL: SHOW COLUMNS FROM `xs_novel` [ RunTime:0.004503s ]
SQL: SELECT COUNT(*) AS tp_count FROM `xs_novel` LIMIT 1   [ RunTime:0.000205s ]
SQL: SHOW COLUMNS FROM `xs_content` [ RunTime:0.004114s ]
SQL: SELECT COUNT(*) AS tp_count FROM `xs_content` LIMIT 1   [ RunTime:0.000204s ]
SQL: SELECT SUM(clicksum) AS tp_sum FROM `xs_novel` LIMIT 1   [ RunTime:0.000198s ]
SQL: SELECT SUM(clicktoday) AS tp_sum FROM `xs_novel` LIMIT 1   [ RunTime:0.000170s ]
SQL: SELECT SUM(clickmonth) AS tp_sum FROM `xs_novel` LIMIT 1   [ RunTime:0.000181s ]
SQL: SELECT * FROM `xs_admin` ORDER BY id  [ RunTime:0.000192s ]
INFO: [ view_template ] --START--
INFO: Run LocationTemplate Behavior [ RunTime:0.000883s ]
INFO: [ view_template ] --END-- [ RunTime:0.000944s ]
INFO: [ view_parse ] --START--
NOTIC: [8] Undefined variable: checkclass D:\www\docs\xs.cn\admin\Runtime\Cache\db47b7ae6f1c73035eb3910c38bf8969.php 第 234 行.
NOTIC: [8] Undefined variable: checklink D:\www\docs\xs.cn\admin\Runtime\Cache\db47b7ae6f1c73035eb3910c38bf8969.php 第 326 行.
NOTIC: [8] Undefined variable: checkcaiji D:\www\docs\xs.cn\admin\Runtime\Cache\db47b7ae6f1c73035eb3910c38bf8969.php 第 346 行.
NOTIC: [8] Undefined variable: checkset D:\www\docs\xs.cn\admin\Runtime\Cache\db47b7ae6f1c73035eb3910c38bf8969.php 第 364 行.
INFO: Run ParseTemplate Behavior [ RunTime:0.033258s ]
INFO: [ view_parse ] --END-- [ RunTime:0.033309s ]
INFO: [ view_filter ] --START--
INFO: Run ContentReplace Behavior [ RunTime:0.000496s ]
INFO: Run TokenBuild Behavior [ RunTime:0.000356s ]
INFO: Run WriteHtmlCache Behavior [ RunTime:0.000277s ]
INFO: Run ShowRuntime Behavior [ RunTime:0.000393s ]
INFO: [ view_filter ] --END-- [ RunTime:0.001649s ]
INFO: [ view_end ] --START--
INFO: Run ShowPageTrace Behavior [ RunTime:0.000534s ]
INFO: [ view_end ] --END-- [ RunTime:0.000577s ]

[ 2015-07-28T16:23:34+08:00 ] 127.0.0.1 /admin.php/Link/index
INFO: [ route_check ] --START--
INFO: Run CheckRoute Behavior [ RunTime:0.000531s ]
INFO: [ route_check ] --END-- [ RunTime:0.000607s ]
INFO: [ app_begin ] --START--
INFO: Run ReadHtmlCache Behavior [ RunTime:0.000629s ]
INFO: [ app_begin ] --END-- [ RunTime:0.000744s ]
SQL: SHOW COLUMNS FROM `xs_admin` [ RunTime:0.004196s ]
SQL: SELECT `nickname`,`id` FROM `xs_admin` WHERE ( `username` = 'admin' ) LIMIT 1   [ RunTime:0.000200s ]
SQL: SHOW COLUMNS FROM `xs_novel` [ RunTime:0.004860s ]
SQL: SELECT COUNT(*) AS tp_count FROM `xs_novel` LIMIT 1   [ RunTime:0.000173s ]
SQL: SHOW COLUMNS FROM `xs_content` [ RunTime:0.004270s ]
SQL: SELECT COUNT(*) AS tp_count FROM `xs_content` LIMIT 1   [ RunTime:0.000219s ]
SQL: SELECT SUM(clicksum) AS tp_sum FROM `xs_novel` LIMIT 1   [ RunTime:0.000216s ]
SQL: SELECT SUM(clicktoday) AS tp_sum FROM `xs_novel` LIMIT 1   [ RunTime:0.000178s ]
SQL: SELECT SUM(clickmonth) AS tp_sum FROM `xs_novel` LIMIT 1   [ RunTime:0.000178s ]
SQL: SHOW COLUMNS FROM `xs_links` [ RunTime:0.004214s ]
SQL: SELECT COUNT(*) AS tp_count FROM `xs_links` LIMIT 1   [ RunTime:0.000246s ]
SQL: SELECT * FROM `xs_links` ORDER BY linkweight desc LIMIT 0,10   [ RunTime:0.000209s ]
INFO: [ view_template ] --START--
INFO: Run LocationTemplate Behavior [ RunTime:0.000735s ]
INFO: [ view_template ] --END-- [ RunTime:0.000781s ]
INFO: [ view_parse ] --START--
NOTIC: [8] Undefined variable: checkindex D:\www\docs\xs.cn\admin\Runtime\Cache\f8203af2637b9c0c2fb2388483e06af6.php 第 300 行.
NOTIC: [8] Undefined variable: checkclass D:\www\docs\xs.cn\admin\Runtime\Cache\f8203af2637b9c0c2fb2388483e06af6.php 第 306 行.
NOTIC: [8] Undefined variable: checkuser D:\www\docs\xs.cn\admin\Runtime\Cache\f8203af2637b9c0c2fb2388483e06af6.php 第 371 行.
NOTIC: [8] Undefined variable: checkcaiji D:\www\docs\xs.cn\admin\Runtime\Cache\f8203af2637b9c0c2fb2388483e06af6.php 第 418 行.
NOTIC: [8] Undefined variable: checkset D:\www\docs\xs.cn\admin\Runtime\Cache\f8203af2637b9c0c2fb2388483e06af6.php 第 436 行.
INFO: Run ParseTemplate Behavior [ RunTime:0.021080s ]
INFO: [ view_parse ] --END-- [ RunTime:0.021130s ]
INFO: [ view_filter ] --START--
INFO: Run ContentReplace Behavior [ RunTime:0.000528s ]
INFO: Run TokenBuild Behavior [ RunTime:0.000408s ]
INFO: Run WriteHtmlCache Behavior [ RunTime:0.000304s ]
INFO: Run ShowRuntime Behavior [ RunTime:0.000401s ]
INFO: [ view_filter ] --END-- [ RunTime:0.001752s ]
INFO: [ view_end ] --START--
INFO: Run ShowPageTrace Behavior [ RunTime:0.000507s ]
INFO: [ view_end ] --END-- [ RunTime:0.000541s ]

[ 2015-07-28T16:23:36+08:00 ] 127.0.0.1 /admin.php/Set/index
INFO: [ route_check ] --START--
INFO: Run CheckRoute Behavior [ RunTime:0.001184s ]
INFO: [ route_check ] --END-- [ RunTime:0.001439s ]
INFO: [ app_begin ] --START--
INFO: Run ReadHtmlCache Behavior [ RunTime:0.000627s ]
INFO: [ app_begin ] --END-- [ RunTime:0.000725s ]
SQL: SHOW COLUMNS FROM `xs_admin` [ RunTime:0.009347s ]
SQL: SELECT `nickname`,`id` FROM `xs_admin` WHERE ( `username` = 'admin' ) LIMIT 1   [ RunTime:0.001956s ]
SQL: SHOW COLUMNS FROM `xs_novel` [ RunTime:0.004500s ]
SQL: SELECT COUNT(*) AS tp_count FROM `xs_novel` LIMIT 1   [ RunTime:0.000195s ]
SQL: SHOW COLUMNS FROM `xs_content` [ RunTime:0.005199s ]
SQL: SELECT COUNT(*) AS tp_count FROM `xs_content` LIMIT 1   [ RunTime:0.000214s ]
SQL: SELECT SUM(clicksum) AS tp_sum FROM `xs_novel` LIMIT 1   [ RunTime:0.000215s ]
SQL: SELECT SUM(clicktoday) AS tp_sum FROM `xs_novel` LIMIT 1   [ RunTime:0.000179s ]
SQL: SELECT SUM(clickmonth) AS tp_sum FROM `xs_novel` LIMIT 1   [ RunTime:0.000175s ]
SQL: SHOW COLUMNS FROM `xs_site` [ RunTime:0.004829s ]
SQL: SELECT * FROM `xs_site` WHERE ( `id` = 1 ) LIMIT 1   [ RunTime:0.000372s ]
INFO: [ view_template ] --START--
INFO: Run LocationTemplate Behavior [ RunTime:0.000665s ]
INFO: [ view_template ] --END-- [ RunTime:0.000717s ]
INFO: [ view_parse ] --START--
NOTIC: [8] Undefined variable: checkindex D:\www\docs\xs.cn\admin\Runtime\Cache\39a3f6df5f0739b725fe450f902fa838.php 第 324 行.
NOTIC: [8] Undefined variable: checkclass D:\www\docs\xs.cn\admin\Runtime\Cache\39a3f6df5f0739b725fe450f902fa838.php 第 330 行.
NOTIC: [8] Undefined variable: checkuser D:\www\docs\xs.cn\admin\Runtime\Cache\39a3f6df5f0739b725fe450f902fa838.php 第 395 行.
NOTIC: [8] Undefined variable: checklink D:\www\docs\xs.cn\admin\Runtime\Cache\39a3f6df5f0739b725fe450f902fa838.php 第 422 行.
NOTIC: [8] Undefined variable: checkcaiji D:\www\docs\xs.cn\admin\Runtime\Cache\39a3f6df5f0739b725fe450f902fa838.php 第 442 行.
INFO: Run ParseTemplate Behavior [ RunTime:0.059328s ]
INFO: [ view_parse ] --END-- [ RunTime:0.059378s ]
INFO: [ view_filter ] --START--
INFO: Run ContentReplace Behavior [ RunTime:0.000477s ]
INFO: Run TokenBuild Behavior [ RunTime:0.000367s ]
INFO: Run WriteHtmlCache Behavior [ RunTime:0.000246s ]
INFO: Run ShowRuntime Behavior [ RunTime:0.000339s ]
INFO: [ view_filter ] --END-- [ RunTime:0.001547s ]
INFO: [ view_end ] --START--
INFO: Run ShowPageTrace Behavior [ RunTime:0.000631s ]
INFO: [ view_end ] --END-- [ RunTime:0.000694s ]

[ 2015-07-28T16:23:44+08:00 ] 127.0.0.1 /admin.php/Admin/index
INFO: [ route_check ] --START--
INFO: Run CheckRoute Behavior [ RunTime:0.000913s ]
INFO: [ route_check ] --END-- [ RunTime:0.001008s ]
INFO: [ app_begin ] --START--
INFO: Run ReadHtmlCache Behavior [ RunTime:0.000456s ]
INFO: [ app_begin ] --END-- [ RunTime:0.000499s ]
SQL: SHOW COLUMNS FROM `xs_admin` [ RunTime:0.004681s ]
SQL: SELECT `nickname`,`id` FROM `xs_admin` WHERE ( `username` = 'admin' ) LIMIT 1   [ RunTime:0.000251s ]
SQL: SHOW COLUMNS FROM `xs_novel` [ RunTime:0.004562s ]
SQL: SELECT COUNT(*) AS tp_count FROM `xs_novel` LIMIT 1   [ RunTime:0.000170s ]
SQL: SHOW COLUMNS FROM `xs_content` [ RunTime:0.004177s ]
SQL: SELECT COUNT(*) AS tp_count FROM `xs_content` LIMIT 1   [ RunTime:0.000149s ]
SQL: SELECT SUM(clicksum) AS tp_sum FROM `xs_novel` LIMIT 1   [ RunTime:0.000147s ]
SQL: SELECT SUM(clicktoday) AS tp_sum FROM `xs_novel` LIMIT 1   [ RunTime:0.000120s ]
SQL: SELECT SUM(clickmonth) AS tp_sum FROM `xs_novel` LIMIT 1   [ RunTime:0.000143s ]
SQL: SHOW COLUMNS FROM `xs_content` [ RunTime:0.004458s ]
SQL: SELECT COUNT(*) AS tp_count FROM `xs_content` LIMIT 1   [ RunTime:0.000194s ]
SQL: SELECT * FROM `xs_content` ORDER BY id desc LIMIT 0,10   [ RunTime:0.000642s ]
SQL: SELECT `novelname` FROM `xs_novel` WHERE ( `id` = 2 ) LIMIT 1   [ RunTime:0.000166s ]
SQL: SELECT `novelname` FROM `xs_novel` WHERE ( `id` = 2 ) LIMIT 1   [ RunTime:0.000118s ]
SQL: SELECT `novelname` FROM `xs_novel` WHERE ( `id` = 2 ) LIMIT 1   [ RunTime:0.000236s ]
SQL: SELECT `novelname` FROM `xs_novel` WHERE ( `id` = 2 ) LIMIT 1   [ RunTime:0.000216s ]
SQL: SELECT `novelname` FROM `xs_novel` WHERE ( `id` = 2 ) LIMIT 1   [ RunTime:0.000279s ]
SQL: SELECT `novelname` FROM `xs_novel` WHERE ( `id` = 2 ) LIMIT 1   [ RunTime:0.000280s ]
SQL: SELECT `novelname` FROM `xs_novel` WHERE ( `id` = 2 ) LIMIT 1   [ RunTime:0.000429s ]
SQL: SELECT `novelname` FROM `xs_novel` WHERE ( `id` = 2 ) LIMIT 1   [ RunTime:0.000272s ]
SQL: SELECT `novelname` FROM `xs_novel` WHERE ( `id` = 2 ) LIMIT 1   [ RunTime:0.000245s ]
SQL: SELECT `novelname` FROM `xs_novel` WHERE ( `id` = 2 ) LIMIT 1   [ RunTime:0.000259s ]
INFO: [ view_template ] --START--
INFO: Run LocationTemplate Behavior [ RunTime:0.001875s ]
INFO: [ view_template ] --END-- [ RunTime:0.001976s ]
INFO: [ view_parse ] --START--
NOTIC: [8] Undefined variable: checklink D:\www\docs\xs.cn\admin\Runtime\Cache\bd915821e9b7612ae670e6d4e0f1b964.php 第 360 行.
NOTIC: [8] Undefined variable: checkcaiji D:\www\docs\xs.cn\admin\Runtime\Cache\bd915821e9b7612ae670e6d4e0f1b964.php 第 380 行.
NOTIC: [8] Undefined variable: checkset D:\www\docs\xs.cn\admin\Runtime\Cache\bd915821e9b7612ae670e6d4e0f1b964.php 第 398 行.
INFO: Run ParseTemplate Behavior [ RunTime:0.011747s ]
INFO: [ view_parse ] --END-- [ RunTime:0.011811s ]
INFO: [ view_filter ] --START--
INFO: Run ContentReplace Behavior [ RunTime:0.000463s ]
INFO: Run TokenBuild Behavior [ RunTime:0.000385s ]
INFO: Run WriteHtmlCache Behavior [ RunTime:0.000273s ]
INFO: Run ShowRuntime Behavior [ RunTime:0.000418s ]
INFO: [ view_filter ] --END-- [ RunTime:0.001646s ]
INFO: [ view_end ] --START--
INFO: Run ShowPageTrace Behavior [ RunTime:0.000457s ]
INFO: [ view_end ] --END-- [ RunTime:0.000492s ]

[ 2015-07-28T16:24:01+08:00 ] 127.0.0.1 /admin.php/Admin/index
INFO: [ route_check ] --START--
INFO: Run CheckRoute Behavior [ RunTime:0.000675s ]
INFO: [ route_check ] --END-- [ RunTime:0.000777s ]
INFO: [ app_begin ] --START--
INFO: Run ReadHtmlCache Behavior [ RunTime:0.000787s ]
INFO: [ app_begin ] --END-- [ RunTime:0.000851s ]
SQL: SHOW COLUMNS FROM `xs_admin` [ RunTime:0.007217s ]
SQL: SELECT `nickname`,`id` FROM `xs_admin` WHERE ( `username` = 'admin' ) LIMIT 1   [ RunTime:0.000359s ]
SQL: SHOW COLUMNS FROM `xs_novel` [ RunTime:0.007293s ]
SQL: SELECT COUNT(*) AS tp_count FROM `xs_novel` LIMIT 1   [ RunTime:0.000296s ]
SQL: SHOW COLUMNS FROM `xs_content` [ RunTime:0.004851s ]
SQL: SELECT COUNT(*) AS tp_count FROM `xs_content` LIMIT 1   [ RunTime:0.000255s ]
SQL: SELECT SUM(clicksum) AS tp_sum FROM `xs_novel` LIMIT 1   [ RunTime:0.000411s ]
SQL: SELECT SUM(clicktoday) AS tp_sum FROM `xs_novel` LIMIT 1   [ RunTime:0.000349s ]
SQL: SELECT SUM(clickmonth) AS tp_sum FROM `xs_novel` LIMIT 1   [ RunTime:0.000567s ]
SQL: SHOW COLUMNS FROM `xs_content` [ RunTime:0.005097s ]
SQL: SELECT COUNT(*) AS tp_count FROM `xs_content` LIMIT 1   [ RunTime:0.000184s ]
SQL: SELECT * FROM `xs_content` ORDER BY id desc LIMIT 0,10   [ RunTime:0.000748s ]
SQL: SELECT `novelname` FROM `xs_novel` WHERE ( `id` = 2 ) LIMIT 1   [ RunTime:0.000185s ]
SQL: SELECT `novelname` FROM `xs_novel` WHERE ( `id` = 2 ) LIMIT 1   [ RunTime:0.000118s ]
SQL: SELECT `novelname` FROM `xs_novel` WHERE ( `id` = 2 ) LIMIT 1   [ RunTime:0.000110s ]
SQL: SELECT `novelname` FROM `xs_novel` WHERE ( `id` = 2 ) LIMIT 1   [ RunTime:0.000112s ]
SQL: SELECT `novelname` FROM `xs_novel` WHERE ( `id` = 2 ) LIMIT 1   [ RunTime:0.000108s ]
SQL: SELECT `novelname` FROM `xs_novel` WHERE ( `id` = 2 ) LIMIT 1   [ RunTime:0.000106s ]
SQL: SELECT `novelname` FROM `xs_novel` WHERE ( `id` = 2 ) LIMIT 1   [ RunTime:0.000105s ]
SQL: SELECT `novelname` FROM `xs_novel` WHERE ( `id` = 2 ) LIMIT 1   [ RunTime:0.000111s ]
SQL: SELECT `novelname` FROM `xs_novel` WHERE ( `id` = 2 ) LIMIT 1   [ RunTime:0.000108s ]
SQL: SELECT `novelname` FROM `xs_novel` WHERE ( `id` = 2 ) LIMIT 1   [ RunTime:0.000106s ]
INFO: [ view_template ] --START--
INFO: Run LocationTemplate Behavior [ RunTime:0.000623s ]
INFO: [ view_template ] --END-- [ RunTime:0.000692s ]
INFO: [ view_parse ] --START--
NOTIC: [8] Undefined variable: checklink D:\www\docs\xs.cn\admin\Runtime\Cache\bd915821e9b7612ae670e6d4e0f1b964.php 第 360 行.
NOTIC: [8] Undefined variable: checkcaiji D:\www\docs\xs.cn\admin\Runtime\Cache\bd915821e9b7612ae670e6d4e0f1b964.php 第 380 行.
NOTIC: [8] Undefined variable: checkset D:\www\docs\xs.cn\admin\Runtime\Cache\bd915821e9b7612ae670e6d4e0f1b964.php 第 398 行.
INFO: Run ParseTemplate Behavior [ RunTime:0.012358s ]
INFO: [ view_parse ] --END-- [ RunTime:0.012417s ]
INFO: [ view_filter ] --START--
INFO: Run ContentReplace Behavior [ RunTime:0.000497s ]
INFO: Run TokenBuild Behavior [ RunTime:0.000365s ]
INFO: Run WriteHtmlCache Behavior [ RunTime:0.000275s ]
INFO: Run ShowRuntime Behavior [ RunTime:0.000394s ]
INFO: [ view_filter ] --END-- [ RunTime:0.001639s ]
INFO: [ view_end ] --START--
INFO: Run ShowPageTrace Behavior [ RunTime:0.000460s ]
INFO: [ view_end ] --END-- [ RunTime:0.000494s ]

[ 2015-07-28T16:35:39+08:00 ] 127.0.0.1 /admin.php/Chapter/search/?keyword=dfds&search=sub
INFO: [ route_check ] --START--
INFO: Run CheckRoute Behavior [ RunTime:0.002417s ]
INFO: [ route_check ] --END-- [ RunTime:0.002961s ]
INFO: [ app_begin ] --START--
INFO: Run ReadHtmlCache Behavior [ RunTime:0.000725s ]
INFO: [ app_begin ] --END-- [ RunTime:0.000817s ]
SQL: SHOW COLUMNS FROM `xs_admin` [ RunTime:0.004742s ]
SQL: SELECT `nickname`,`id` FROM `xs_admin` WHERE ( `username` = 'admin' ) LIMIT 1   [ RunTime:0.000261s ]
SQL: SHOW COLUMNS FROM `xs_novel` [ RunTime:0.005297s ]
SQL: SELECT COUNT(*) AS tp_count FROM `xs_novel` LIMIT 1   [ RunTime:0.000160s ]
SQL: SHOW COLUMNS FROM `xs_content` [ RunTime:0.004260s ]
SQL: SELECT COUNT(*) AS tp_count FROM `xs_content` LIMIT 1   [ RunTime:0.000144s ]
SQL: SELECT SUM(clicksum) AS tp_sum FROM `xs_novel` LIMIT 1   [ RunTime:0.000149s ]
SQL: SELECT SUM(clicktoday) AS tp_sum FROM `xs_novel` LIMIT 1   [ RunTime:0.000155s ]
SQL: SELECT SUM(clickmonth) AS tp_sum FROM `xs_novel` LIMIT 1   [ RunTime:0.000148s ]
SQL: SHOW COLUMNS FROM `xs_content` [ RunTime:0.004281s ]
SQL: SELECT COUNT(*) AS tp_count FROM `xs_content` WHERE ( con_name LIKE '%dfds%' ) LIMIT 1   [ RunTime:0.017641s ]
SQL: SELECT * FROM `xs_content` WHERE ( con_name LIKE '%dfds%' ) LIMIT 0,10   [ RunTime:0.001760s ]
NOTIC: [2] Invalid argument supplied for foreach() D:\www\docs\xs.cn\admin\Lib\Action\ChapterAction.class.php 第 56 行.
NOTIC: [8] Undefined variable: newcon D:\www\docs\xs.cn\admin\Lib\Action\ChapterAction.class.php 第 65 行.
INFO: [ view_template ] --START--
INFO: Run LocationTemplate Behavior [ RunTime:0.000612s ]
INFO: [ view_template ] --END-- [ RunTime:0.000656s ]
INFO: [ view_parse ] --START--
NOTIC: [8] Undefined variable: novelinfo D:\www\docs\xs.cn\admin\Runtime\Cache\81cf9562a037ce7ae4c3b905a1322eb3.php 第 178 行.
NOTIC: [8] Undefined variable: checkindex D:\www\docs\xs.cn\admin\Runtime\Cache\81cf9562a037ce7ae4c3b905a1322eb3.php 第 262 行.
NOTIC: [8] Undefined variable: checkuser D:\www\docs\xs.cn\admin\Runtime\Cache\81cf9562a037ce7ae4c3b905a1322eb3.php 第 333 行.
NOTIC: [8] Undefined variable: checklink D:\www\docs\xs.cn\admin\Runtime\Cache\81cf9562a037ce7ae4c3b905a1322eb3.php 第 360 行.
NOTIC: [8] Undefined variable: checkcaiji D:\www\docs\xs.cn\admin\Runtime\Cache\81cf9562a037ce7ae4c3b905a1322eb3.php 第 380 行.
NOTIC: [8] Undefined variable: checkset D:\www\docs\xs.cn\admin\Runtime\Cache\81cf9562a037ce7ae4c3b905a1322eb3.php 第 398 行.
INFO: Run ParseTemplate Behavior [ RunTime:0.022209s ]
INFO: [ view_parse ] --END-- [ RunTime:0.022254s ]
INFO: [ view_filter ] --START--
INFO: Run ContentReplace Behavior [ RunTime:0.000409s ]
INFO: Run TokenBuild Behavior [ RunTime:0.000338s ]
INFO: Run WriteHtmlCache Behavior [ RunTime:0.000260s ]
INFO: Run ShowRuntime Behavior [ RunTime:0.000401s ]
INFO: [ view_filter ] --END-- [ RunTime:0.001520s ]
INFO: [ view_end ] --START--
INFO: Run ShowPageTrace Behavior [ RunTime:0.000435s ]
INFO: [ view_end ] --END-- [ RunTime:0.000471s ]

[ 2015-07-28T16:36:04+08:00 ] 127.0.0.1 /admin.php/Chapter/search/
INFO: [ route_check ] --START--
INFO: Run CheckRoute Behavior [ RunTime:0.000759s ]
INFO: [ route_check ] --END-- [ RunTime:0.000864s ]
INFO: [ app_begin ] --START--
INFO: Run ReadHtmlCache Behavior [ RunTime:0.000514s ]
INFO: [ app_begin ] --END-- [ RunTime:0.000570s ]
SQL: SHOW COLUMNS FROM `xs_admin` [ RunTime:0.005124s ]
SQL: SELECT `nickname`,`id` FROM `xs_admin` WHERE ( `username` = 'admin' ) LIMIT 1   [ RunTime:0.000373s ]
SQL: SHOW COLUMNS FROM `xs_novel` [ RunTime:0.007260s ]
SQL: SELECT COUNT(*) AS tp_count FROM `xs_novel` LIMIT 1   [ RunTime:0.000187s ]
SQL: SHOW COLUMNS FROM `xs_content` [ RunTime:0.004214s ]
SQL: SELECT COUNT(*) AS tp_count FROM `xs_content` LIMIT 1   [ RunTime:0.000148s ]
SQL: SELECT SUM(clicksum) AS tp_sum FROM `xs_novel` LIMIT 1   [ RunTime:0.000200s ]
SQL: SELECT SUM(clicktoday) AS tp_sum FROM `xs_novel` LIMIT 1   [ RunTime:0.000124s ]
SQL: SELECT SUM(clickmonth) AS tp_sum FROM `xs_novel` LIMIT 1   [ RunTime:0.000117s ]
SQL: SHOW COLUMNS FROM `xs_content` [ RunTime:0.007656s ]

[ 2015-07-28T16:36:09+08:00 ] 127.0.0.1 /admin.php/admin/index
INFO: [ route_check ] --START--
INFO: Run CheckRoute Behavior [ RunTime:0.000590s ]
INFO: [ route_check ] --END-- [ RunTime:0.000657s ]
INFO: [ app_begin ] --START--
INFO: Run ReadHtmlCache Behavior [ RunTime:0.000453s ]
INFO: [ app_begin ] --END-- [ RunTime:0.000494s ]
SQL: SHOW COLUMNS FROM `xs_admin` [ RunTime:0.004297s ]
SQL: SELECT `nickname`,`id` FROM `xs_admin` WHERE ( `username` = 'admin' ) LIMIT 1   [ RunTime:0.000210s ]
SQL: SHOW COLUMNS FROM `xs_novel` [ RunTime:0.004090s ]
SQL: SELECT COUNT(*) AS tp_count FROM `xs_novel` LIMIT 1   [ RunTime:0.000146s ]
SQL: SHOW COLUMNS FROM `xs_content` [ RunTime:0.005616s ]
SQL: SELECT COUNT(*) AS tp_count FROM `xs_content` LIMIT 1   [ RunTime:0.000176s ]
SQL: SELECT SUM(clicksum) AS tp_sum FROM `xs_novel` LIMIT 1   [ RunTime:0.000156s ]
SQL: SELECT SUM(clicktoday) AS tp_sum FROM `xs_novel` LIMIT 1   [ RunTime:0.000119s ]
SQL: SELECT SUM(clickmonth) AS tp_sum FROM `xs_novel` LIMIT 1   [ RunTime:0.000117s ]
SQL: SHOW COLUMNS FROM `xs_content` [ RunTime:0.004233s ]
SQL: SELECT COUNT(*) AS tp_count FROM `xs_content` LIMIT 1   [ RunTime:0.000191s ]
SQL: SELECT * FROM `xs_content` ORDER BY id desc LIMIT 0,10   [ RunTime:0.000671s ]
SQL: SELECT `novelname` FROM `xs_novel` WHERE ( `id` = 2 ) LIMIT 1   [ RunTime:0.000196s ]
SQL: SELECT `novelname` FROM `xs_novel` WHERE ( `id` = 2 ) LIMIT 1   [ RunTime:0.000164s ]
SQL: SELECT `novelname` FROM `xs_novel` WHERE ( `id` = 2 ) LIMIT 1   [ RunTime:0.000153s ]
SQL: SELECT `novelname` FROM `xs_novel` WHERE ( `id` = 2 ) LIMIT 1   [ RunTime:0.000166s ]
SQL: SELECT `novelname` FROM `xs_novel` WHERE ( `id` = 2 ) LIMIT 1   [ RunTime:0.000207s ]
SQL: SELECT `novelname` FROM `xs_novel` WHERE ( `id` = 2 ) LIMIT 1   [ RunTime:0.000285s ]
SQL: SELECT `novelname` FROM `xs_novel` WHERE ( `id` = 2 ) LIMIT 1   [ RunTime:0.000196s ]
SQL: SELECT `novelname` FROM `xs_novel` WHERE ( `id` = 2 ) LIMIT 1   [ RunTime:0.000194s ]
SQL: SELECT `novelname` FROM `xs_novel` WHERE ( `id` = 2 ) LIMIT 1   [ RunTime:0.000208s ]
SQL: SELECT `novelname` FROM `xs_novel` WHERE ( `id` = 2 ) LIMIT 1   [ RunTime:0.000176s ]
INFO: [ view_template ] --START--
INFO: Run LocationTemplate Behavior [ RunTime:0.000849s ]
INFO: [ view_template ] --END-- [ RunTime:0.000913s ]
INFO: [ view_parse ] --START--
NOTIC: [8] Undefined variable: checklink D:\www\docs\xs.cn\admin\Runtime\Cache\bd915821e9b7612ae670e6d4e0f1b964.php 第 360 行.
NOTIC: [8] Undefined variable: checkcaiji D:\www\docs\xs.cn\admin\Runtime\Cache\bd915821e9b7612ae670e6d4e0f1b964.php 第 380 行.
NOTIC: [8] Undefined variable: checkset D:\www\docs\xs.cn\admin\Runtime\Cache\bd915821e9b7612ae670e6d4e0f1b964.php 第 398 行.
INFO: Run ParseTemplate Behavior [ RunTime:0.010964s ]
INFO: [ view_parse ] --END-- [ RunTime:0.011011s ]
INFO: [ view_filter ] --START--
INFO: Run ContentReplace Behavior [ RunTime:0.000485s ]
INFO: Run TokenBuild Behavior [ RunTime:0.000392s ]
INFO: Run WriteHtmlCache Behavior [ RunTime:0.000306s ]
INFO: Run ShowRuntime Behavior [ RunTime:0.000449s ]
INFO: [ view_filter ] --END-- [ RunTime:0.001741s ]
INFO: [ view_end ] --START--
INFO: Run ShowPageTrace Behavior [ RunTime:0.000503s ]
INFO: [ view_end ] --END-- [ RunTime:0.000539s ]

