[ 2016-02-01T14:58:17+08:00 ] 127.0.0.1 /admin.php/login/index
INFO: [ route_check ] --START--
INFO: Run CheckRoute Behavior [ RunTime:0.001083s ]
INFO: [ route_check ] --END-- [ RunTime:0.001187s ]
INFO: [ app_begin ] --START--
INFO: Run ReadHtmlCache Behavior [ RunTime:0.000839s ]
INFO: [ app_begin ] --END-- [ RunTime:0.000905s ]
INFO: [ view_template ] --START--
INFO: Run LocationTemplate Behavior [ RunTime:0.007856s ]
INFO: [ view_template ] --END-- [ RunTime:0.007958s ]
INFO: [ view_parse ] --START--
INFO: Run ParseTemplate Behavior [ RunTime:0.038816s ]
INFO: [ view_parse ] --END-- [ RunTime:0.038917s ]
INFO: [ view_filter ] --START--
INFO: Run ContentReplace Behavior [ RunTime:0.000770s ]
INFO: Run TokenBuild Behavior [ RunTime:0.000736s ]
INFO: Run WriteHtmlCache Behavior [ RunTime:0.000651s ]
INFO: Run ShowRuntime Behavior [ RunTime:0.000809s ]
INFO: [ view_filter ] --END-- [ RunTime:0.003147s ]
INFO: [ view_end ] --START--
INFO: Run ShowPageTrace Behavior [ RunTime:0.001197s ]
INFO: [ view_end ] --END-- [ RunTime:0.001301s ]

[ 2016-02-01T14:58:17+08:00 ] ERR: (ThinkException) 非法操作:js
[ 2016-02-01T14:58:17+08:00 ] ERR: (ThinkException) 非法操作:js
[ 2016-02-01T14:58:26+08:00 ] 127.0.0.1 /admin.php/Login/Logincheck
INFO: [ route_check ] --START--
INFO: Run CheckRoute Behavior [ RunTime:0.001054s ]
INFO: [ route_check ] --END-- [ RunTime:0.001248s ]
INFO: [ app_begin ] --START--
INFO: Run ReadHtmlCache Behavior [ RunTime:0.000665s ]
INFO: [ app_begin ] --END-- [ RunTime:0.000752s ]
NOTIC: [8] Undefined index: trytime D:\www\docs\xs.cn\admin\Lib\Action\LoginAction.class.php 第 10 行.
NOTIC: [8] Undefined index: t D:\www\docs\xs.cn\admin\Lib\Action\LoginAction.class.php 第 14 行.
SQL: SHOW COLUMNS FROM `xs_admin` [ RunTime:0.004910s ]
SQL: SELECT `id` FROM `xs_admin` WHERE ( `username` = 'admin' ) AND ( `password` = '21232f297a57a5a743894a0e4a801fc3' ) LIMIT 1   [ RunTime:0.001038s ]
NOTIC: [8] A session had already been started - ignoring session_start() D:\www\docs\xs.cn\admin\Lib\Action\LoginAction.class.php 第 24 行.
SQL: UPDATE `xs_admin` SET `lastlogin`=1454309906 WHERE ( `username` = 'admin' ) AND ( `password` = '21232f297a57a5a743894a0e4a801fc3' ) [ RunTime:0.001873s ]
INFO: [ view_template ] --START--
INFO: Run LocationTemplate Behavior [ RunTime:0.000675s ]
INFO: [ view_template ] --END-- [ RunTime:0.000753s ]
INFO: [ view_parse ] --START--
INFO: Run ParseTemplate Behavior [ RunTime:0.005677s ]
INFO: [ view_parse ] --END-- [ RunTime:0.005742s ]
INFO: [ view_filter ] --START--
INFO: Run ContentReplace Behavior [ RunTime:0.000467s ]
INFO: Run TokenBuild Behavior [ RunTime:0.000414s ]
INFO: Run WriteHtmlCache Behavior [ RunTime:0.000354s ]
INFO: Run ShowRuntime Behavior [ RunTime:0.000443s ]
INFO: [ view_filter ] --END-- [ RunTime:0.001800s ]
INFO: [ view_end ] --START--
INFO: Run ShowPageTrace Behavior [ RunTime:0.000526s ]
INFO: [ view_end ] --END-- [ RunTime:0.000563s ]

[ 2016-02-01T14:58:27+08:00 ] 127.0.0.1 /admin.php/admin/index
INFO: [ route_check ] --START--
INFO: Run CheckRoute Behavior [ RunTime:0.000668s ]
INFO: [ route_check ] --END-- [ RunTime:0.000742s ]
INFO: [ app_begin ] --START--
INFO: Run ReadHtmlCache Behavior [ RunTime:0.000495s ]
INFO: [ app_begin ] --END-- [ RunTime:0.000535s ]
SQL: SHOW COLUMNS FROM `xs_admin` [ RunTime:0.005246s ]
SQL: SELECT `nickname`,`id` FROM `xs_admin` WHERE ( `username` = 'admin' ) LIMIT 1   [ RunTime:0.000285s ]
SQL: SHOW COLUMNS FROM `xs_novel` [ RunTime:0.005167s ]
SQL: SELECT COUNT(*) AS tp_count FROM `xs_novel` LIMIT 1   [ RunTime:0.004349s ]
SQL: SHOW COLUMNS FROM `xs_content` [ RunTime:0.006627s ]
SQL: SELECT COUNT(*) AS tp_count FROM `xs_content` LIMIT 1   [ RunTime:0.000364s ]
SQL: SELECT SUM(clicksum) AS tp_sum FROM `xs_novel` LIMIT 1   [ RunTime:0.000540s ]
SQL: SELECT SUM(clicktoday) AS tp_sum FROM `xs_novel` LIMIT 1   [ RunTime:0.000223s ]
SQL: SELECT SUM(clickmonth) AS tp_sum FROM `xs_novel` LIMIT 1   [ RunTime:0.000203s ]
SQL: SHOW COLUMNS FROM `xs_content` [ RunTime:0.005641s ]
SQL: SELECT COUNT(*) AS tp_count FROM `xs_content` LIMIT 1   [ RunTime:0.000275s ]
SQL: SELECT * FROM `xs_content` ORDER BY id desc LIMIT 0,10   [ RunTime:0.000797s ]
SQL: SELECT `novelname` FROM `xs_novel` WHERE ( `id` = 2 ) LIMIT 1   [ RunTime:0.000236s ]
SQL: SELECT `novelname` FROM `xs_novel` WHERE ( `id` = 2 ) LIMIT 1   [ RunTime:0.000155s ]
SQL: SELECT `novelname` FROM `xs_novel` WHERE ( `id` = 2 ) LIMIT 1   [ RunTime:0.000157s ]
SQL: SELECT `novelname` FROM `xs_novel` WHERE ( `id` = 2 ) LIMIT 1   [ RunTime:0.000156s ]
SQL: SELECT `novelname` FROM `xs_novel` WHERE ( `id` = 2 ) LIMIT 1   [ RunTime:0.000173s ]
SQL: SELECT `novelname` FROM `xs_novel` WHERE ( `id` = 2 ) LIMIT 1   [ RunTime:0.000152s ]
SQL: SELECT `novelname` FROM `xs_novel` WHERE ( `id` = 2 ) LIMIT 1   [ RunTime:0.000153s ]
SQL: SELECT `novelname` FROM `xs_novel` WHERE ( `id` = 2 ) LIMIT 1   [ RunTime:0.000149s ]
SQL: SELECT `novelname` FROM `xs_novel` WHERE ( `id` = 2 ) LIMIT 1   [ RunTime:0.000149s ]
SQL: SELECT `novelname` FROM `xs_novel` WHERE ( `id` = 2 ) LIMIT 1   [ RunTime:0.000145s ]
INFO: [ view_template ] --START--
INFO: Run LocationTemplate Behavior [ RunTime:0.000987s ]
INFO: [ view_template ] --END-- [ RunTime:0.001053s ]
INFO: [ view_parse ] --START--
NOTIC: [8] Undefined variable: checklink D:\www\docs\xs.cn\admin\Runtime\Cache\bd915821e9b7612ae670e6d4e0f1b964.php 第 360 行.
NOTIC: [8] Undefined variable: checkcaiji D:\www\docs\xs.cn\admin\Runtime\Cache\bd915821e9b7612ae670e6d4e0f1b964.php 第 380 行.
NOTIC: [8] Undefined variable: checkset D:\www\docs\xs.cn\admin\Runtime\Cache\bd915821e9b7612ae670e6d4e0f1b964.php 第 398 行.
INFO: Run ParseTemplate Behavior [ RunTime:0.042843s ]
INFO: [ view_parse ] --END-- [ RunTime:0.042902s ]
INFO: [ view_filter ] --START--
INFO: Run ContentReplace Behavior [ RunTime:0.000635s ]
INFO: Run TokenBuild Behavior [ RunTime:0.000514s ]
INFO: Run WriteHtmlCache Behavior [ RunTime:0.000455s ]
INFO: Run ShowRuntime Behavior [ RunTime:0.000548s ]
INFO: [ view_filter ] --END-- [ RunTime:0.002266s ]
INFO: [ view_end ] --START--
INFO: Run ShowPageTrace Behavior [ RunTime:0.000625s ]
INFO: [ view_end ] --END-- [ RunTime:0.000663s ]

[ 2016-02-01T14:58:51+08:00 ] 127.0.0.1 /admin.php/Caiji/index
INFO: [ route_check ] --START--
INFO: Run CheckRoute Behavior [ RunTime:0.000998s ]
INFO: [ route_check ] --END-- [ RunTime:0.001105s ]
INFO: [ app_begin ] --START--
INFO: Run ReadHtmlCache Behavior [ RunTime:0.001605s ]
INFO: [ app_begin ] --END-- [ RunTime:0.001750s ]
SQL: SHOW COLUMNS FROM `xs_admin` [ RunTime:0.005661s ]
SQL: SELECT `nickname`,`id` FROM `xs_admin` WHERE ( `username` = 'admin' ) LIMIT 1   [ RunTime:0.000664s ]
SQL: SHOW COLUMNS FROM `xs_novel` [ RunTime:0.005308s ]
SQL: SELECT COUNT(*) AS tp_count FROM `xs_novel` LIMIT 1   [ RunTime:0.000215s ]
SQL: SHOW COLUMNS FROM `xs_content` [ RunTime:0.004890s ]
SQL: SELECT COUNT(*) AS tp_count FROM `xs_content` LIMIT 1   [ RunTime:0.000223s ]
SQL: SELECT SUM(clicksum) AS tp_sum FROM `xs_novel` LIMIT 1   [ RunTime:0.000204s ]
SQL: SELECT SUM(clicktoday) AS tp_sum FROM `xs_novel` LIMIT 1   [ RunTime:0.000166s ]
SQL: SELECT SUM(clickmonth) AS tp_sum FROM `xs_novel` LIMIT 1   [ RunTime:0.000159s ]
SQL: SHOW COLUMNS FROM `xs_caiji` [ RunTime:0.004568s ]
SQL: SELECT COUNT(*) AS tp_count FROM `xs_caiji` LIMIT 1   [ RunTime:0.000217s ]
SQL: SELECT * FROM `xs_caiji` ORDER BY id desc LIMIT 0,10   [ RunTime:0.004454s ]
SQL: SELECT `novelname` FROM `xs_novel` WHERE ( `id` = 2 ) LIMIT 1   [ RunTime:0.000202s ]
SQL: SHOW COLUMNS FROM `xs_vol` [ RunTime:0.007323s ]
SQL: SELECT `volname` FROM `xs_vol` WHERE ( `id` = 2 ) LIMIT 1   [ RunTime:0.000368s ]
SQL: SELECT `novelname` FROM `xs_novel` WHERE ( `id` = 1 ) LIMIT 1   [ RunTime:0.000295s ]
SQL: SELECT `volname` FROM `xs_vol` WHERE ( `id` = 1 ) LIMIT 1   [ RunTime:0.000182s ]
INFO: [ view_template ] --START--
INFO: Run LocationTemplate Behavior [ RunTime:0.007363s ]
INFO: [ view_template ] --END-- [ RunTime:0.007459s ]
INFO: [ view_parse ] --START--
NOTIC: [8] Undefined variable: novel D:\www\docs\xs.cn\admin\Runtime\Cache\613303d6f7843dbc0baa9862602efde2.php 第 212 行.
NOTIC: [8] Undefined variable: novel D:\www\docs\xs.cn\admin\Runtime\Cache\613303d6f7843dbc0baa9862602efde2.php 第 212 行.
NOTIC: [8] Undefined variable: checkindex D:\www\docs\xs.cn\admin\Runtime\Cache\613303d6f7843dbc0baa9862602efde2.php 第 295 行.
NOTIC: [8] Undefined variable: checkclass D:\www\docs\xs.cn\admin\Runtime\Cache\613303d6f7843dbc0baa9862602efde2.php 第 301 行.
NOTIC: [8] Undefined variable: checkuser D:\www\docs\xs.cn\admin\Runtime\Cache\613303d6f7843dbc0baa9862602efde2.php 第 366 行.
NOTIC: [8] Undefined variable: checklink D:\www\docs\xs.cn\admin\Runtime\Cache\613303d6f7843dbc0baa9862602efde2.php 第 393 行.
NOTIC: [8] Undefined variable: checkset D:\www\docs\xs.cn\admin\Runtime\Cache\613303d6f7843dbc0baa9862602efde2.php 第 431 行.
INFO: Run ParseTemplate Behavior [ RunTime:0.032046s ]
INFO: [ view_parse ] --END-- [ RunTime:0.032093s ]
INFO: [ view_filter ] --START--
INFO: Run ContentReplace Behavior [ RunTime:0.000587s ]
INFO: Run TokenBuild Behavior [ RunTime:0.000452s ]
INFO: Run WriteHtmlCache Behavior [ RunTime:0.000356s ]
INFO: Run ShowRuntime Behavior [ RunTime:0.000469s ]
INFO: [ view_filter ] --END-- [ RunTime:0.001970s ]
INFO: [ view_end ] --START--
INFO: Run ShowPageTrace Behavior [ RunTime:0.000545s ]
INFO: [ view_end ] --END-- [ RunTime:0.000582s ]

[ 2016-02-01T14:58:56+08:00 ] 127.0.0.1 /admin.php/caiji/add
INFO: [ route_check ] --START--
INFO: Run CheckRoute Behavior [ RunTime:0.000656s ]
INFO: [ route_check ] --END-- [ RunTime:0.000731s ]
INFO: [ app_begin ] --START--
INFO: Run ReadHtmlCache Behavior [ RunTime:0.000597s ]
INFO: [ app_begin ] --END-- [ RunTime:0.000647s ]
SQL: SHOW COLUMNS FROM `xs_admin` [ RunTime:0.004604s ]
SQL: SELECT `nickname`,`id` FROM `xs_admin` WHERE ( `username` = 'admin' ) LIMIT 1   [ RunTime:0.000249s ]
SQL: SHOW COLUMNS FROM `xs_novel` [ RunTime:0.007342s ]
SQL: SELECT COUNT(*) AS tp_count FROM `xs_novel` LIMIT 1   [ RunTime:0.000172s ]
SQL: SHOW COLUMNS FROM `xs_content` [ RunTime:0.004591s ]
SQL: SELECT COUNT(*) AS tp_count FROM `xs_content` LIMIT 1   [ RunTime:0.000196s ]
SQL: SELECT SUM(clicksum) AS tp_sum FROM `xs_novel` LIMIT 1   [ RunTime:0.000163s ]
SQL: SELECT SUM(clicktoday) AS tp_sum FROM `xs_novel` LIMIT 1   [ RunTime:0.000125s ]
SQL: SELECT SUM(clickmonth) AS tp_sum FROM `xs_novel` LIMIT 1   [ RunTime:0.000122s ]
INFO: [ view_template ] --START--
INFO: Run LocationTemplate Behavior [ RunTime:0.000675s ]
INFO: [ view_template ] --END-- [ RunTime:0.000721s ]
INFO: [ view_parse ] --START--
NOTIC: [8] Undefined variable: checkindex D:\www\docs\xs.cn\admin\Runtime\Cache\e92cb0462f467fed86f65ebedc4b0f05.php 第 227 行.
NOTIC: [8] Undefined variable: checkclass D:\www\docs\xs.cn\admin\Runtime\Cache\e92cb0462f467fed86f65ebedc4b0f05.php 第 233 行.
NOTIC: [8] Undefined variable: checkuser D:\www\docs\xs.cn\admin\Runtime\Cache\e92cb0462f467fed86f65ebedc4b0f05.php 第 298 行.
NOTIC: [8] Undefined variable: checklink D:\www\docs\xs.cn\admin\Runtime\Cache\e92cb0462f467fed86f65ebedc4b0f05.php 第 325 行.
NOTIC: [8] Undefined variable: checkset D:\www\docs\xs.cn\admin\Runtime\Cache\e92cb0462f467fed86f65ebedc4b0f05.php 第 363 行.
INFO: Run ParseTemplate Behavior [ RunTime:0.031063s ]
INFO: [ view_parse ] --END-- [ RunTime:0.031113s ]
INFO: [ view_filter ] --START--
INFO: Run ContentReplace Behavior [ RunTime:0.000598s ]
INFO: Run TokenBuild Behavior [ RunTime:0.000439s ]
INFO: Run WriteHtmlCache Behavior [ RunTime:0.000350s ]
INFO: Run ShowRuntime Behavior [ RunTime:0.000551s ]
INFO: [ view_filter ] --END-- [ RunTime:0.002061s ]
INFO: [ view_end ] --START--
INFO: Run ShowPageTrace Behavior [ RunTime:0.000532s ]
INFO: [ view_end ] --END-- [ RunTime:0.000578s ]

[ 2016-02-01T14:59:00+08:00 ] 127.0.0.1 /admin.php/caiji/index
INFO: [ route_check ] --START--
INFO: Run CheckRoute Behavior [ RunTime:0.000755s ]
INFO: [ route_check ] --END-- [ RunTime:0.000829s ]
INFO: [ app_begin ] --START--
INFO: Run ReadHtmlCache Behavior [ RunTime:0.000596s ]
INFO: [ app_begin ] --END-- [ RunTime:0.000639s ]
SQL: SHOW COLUMNS FROM `xs_admin` [ RunTime:0.005018s ]
SQL: SELECT `nickname`,`id` FROM `xs_admin` WHERE ( `username` = 'admin' ) LIMIT 1   [ RunTime:0.000321s ]
SQL: SHOW COLUMNS FROM `xs_novel` [ RunTime:0.005491s ]
SQL: SELECT COUNT(*) AS tp_count FROM `xs_novel` LIMIT 1   [ RunTime:0.000240s ]
SQL: SHOW COLUMNS FROM `xs_content` [ RunTime:0.005513s ]
SQL: SELECT COUNT(*) AS tp_count FROM `xs_content` LIMIT 1   [ RunTime:0.000237s ]
SQL: SELECT SUM(clicksum) AS tp_sum FROM `xs_novel` LIMIT 1   [ RunTime:0.000217s ]
SQL: SELECT SUM(clicktoday) AS tp_sum FROM `xs_novel` LIMIT 1   [ RunTime:0.000192s ]
SQL: SELECT SUM(clickmonth) AS tp_sum FROM `xs_novel` LIMIT 1   [ RunTime:0.000184s ]
SQL: SHOW COLUMNS FROM `xs_caiji` [ RunTime:0.005636s ]
SQL: SELECT COUNT(*) AS tp_count FROM `xs_caiji` LIMIT 1   [ RunTime:0.000242s ]
SQL: SELECT * FROM `xs_caiji` ORDER BY id desc LIMIT 0,10   [ RunTime:0.000298s ]
SQL: SELECT `novelname` FROM `xs_novel` WHERE ( `id` = 2 ) LIMIT 1   [ RunTime:0.000217s ]
SQL: SHOW COLUMNS FROM `xs_vol` [ RunTime:0.004508s ]
SQL: SELECT `volname` FROM `xs_vol` WHERE ( `id` = 2 ) LIMIT 1   [ RunTime:0.000262s ]
SQL: SELECT `novelname` FROM `xs_novel` WHERE ( `id` = 1 ) LIMIT 1   [ RunTime:0.000187s ]
SQL: SELECT `volname` FROM `xs_vol` WHERE ( `id` = 1 ) LIMIT 1   [ RunTime:0.000190s ]
INFO: [ view_template ] --START--
INFO: Run LocationTemplate Behavior [ RunTime:0.000704s ]
INFO: [ view_template ] --END-- [ RunTime:0.000752s ]
INFO: [ view_parse ] --START--
NOTIC: [8] Undefined variable: novel D:\www\docs\xs.cn\admin\Runtime\Cache\613303d6f7843dbc0baa9862602efde2.php 第 212 行.
NOTIC: [8] Undefined variable: novel D:\www\docs\xs.cn\admin\Runtime\Cache\613303d6f7843dbc0baa9862602efde2.php 第 212 行.
NOTIC: [8] Undefined variable: checkindex D:\www\docs\xs.cn\admin\Runtime\Cache\613303d6f7843dbc0baa9862602efde2.php 第 295 行.
NOTIC: [8] Undefined variable: checkclass D:\www\docs\xs.cn\admin\Runtime\Cache\613303d6f7843dbc0baa9862602efde2.php 第 301 行.
NOTIC: [8] Undefined variable: checkuser D:\www\docs\xs.cn\admin\Runtime\Cache\613303d6f7843dbc0baa9862602efde2.php 第 366 行.
NOTIC: [8] Undefined variable: checklink D:\www\docs\xs.cn\admin\Runtime\Cache\613303d6f7843dbc0baa9862602efde2.php 第 393 行.
NOTIC: [8] Undefined variable: checkset D:\www\docs\xs.cn\admin\Runtime\Cache\613303d6f7843dbc0baa9862602efde2.php 第 431 行.
INFO: Run ParseTemplate Behavior [ RunTime:0.011687s ]
INFO: [ view_parse ] --END-- [ RunTime:0.011733s ]
INFO: [ view_filter ] --START--
INFO: Run ContentReplace Behavior [ RunTime:0.000665s ]
INFO: Run TokenBuild Behavior [ RunTime:0.000700s ]
INFO: Run WriteHtmlCache Behavior [ RunTime:0.000442s ]
INFO: Run ShowRuntime Behavior [ RunTime:0.000497s ]
INFO: [ view_filter ] --END-- [ RunTime:0.002494s ]
INFO: [ view_end ] --START--
INFO: Run ShowPageTrace Behavior [ RunTime:0.000559s ]
INFO: [ view_end ] --END-- [ RunTime:0.000597s ]

[ 2016-02-01T14:59:18+08:00 ] 127.0.0.1 /admin.php/Link/index
INFO: [ route_check ] --START--
INFO: Run CheckRoute Behavior [ RunTime:0.000635s ]
INFO: [ route_check ] --END-- [ RunTime:0.000706s ]
INFO: [ app_begin ] --START--
INFO: Run ReadHtmlCache Behavior [ RunTime:0.000482s ]
INFO: [ app_begin ] --END-- [ RunTime:0.000522s ]
SQL: SHOW COLUMNS FROM `xs_admin` [ RunTime:0.004773s ]
SQL: SELECT `nickname`,`id` FROM `xs_admin` WHERE ( `username` = 'admin' ) LIMIT 1   [ RunTime:0.000398s ]
SQL: SHOW COLUMNS FROM `xs_novel` [ RunTime:0.006227s ]
SQL: SELECT COUNT(*) AS tp_count FROM `xs_novel` LIMIT 1   [ RunTime:0.000259s ]
SQL: SHOW COLUMNS FROM `xs_content` [ RunTime:0.005343s ]
SQL: SELECT COUNT(*) AS tp_count FROM `xs_content` LIMIT 1   [ RunTime:0.000253s ]
SQL: SELECT SUM(clicksum) AS tp_sum FROM `xs_novel` LIMIT 1   [ RunTime:0.000255s ]
SQL: SELECT SUM(clicktoday) AS tp_sum FROM `xs_novel` LIMIT 1   [ RunTime:0.000191s ]
SQL: SELECT SUM(clickmonth) AS tp_sum FROM `xs_novel` LIMIT 1   [ RunTime:0.000195s ]
SQL: SHOW COLUMNS FROM `xs_links` [ RunTime:0.004821s ]
SQL: SELECT COUNT(*) AS tp_count FROM `xs_links` LIMIT 1   [ RunTime:0.000239s ]
SQL: SELECT * FROM `xs_links` ORDER BY linkweight desc LIMIT 0,10   [ RunTime:0.000207s ]
INFO: [ view_template ] --START--
INFO: Run LocationTemplate Behavior [ RunTime:0.011157s ]
INFO: [ view_template ] --END-- [ RunTime:0.011231s ]
INFO: [ view_parse ] --START--
NOTIC: [8] Undefined variable: checkindex D:\www\docs\xs.cn\admin\Runtime\Cache\f8203af2637b9c0c2fb2388483e06af6.php 第 300 行.
NOTIC: [8] Undefined variable: checkclass D:\www\docs\xs.cn\admin\Runtime\Cache\f8203af2637b9c0c2fb2388483e06af6.php 第 306 行.
NOTIC: [8] Undefined variable: checkuser D:\www\docs\xs.cn\admin\Runtime\Cache\f8203af2637b9c0c2fb2388483e06af6.php 第 371 行.
NOTIC: [8] Undefined variable: checkcaiji D:\www\docs\xs.cn\admin\Runtime\Cache\f8203af2637b9c0c2fb2388483e06af6.php 第 418 行.
NOTIC: [8] Undefined variable: checkset D:\www\docs\xs.cn\admin\Runtime\Cache\f8203af2637b9c0c2fb2388483e06af6.php 第 436 行.
INFO: Run ParseTemplate Behavior [ RunTime:0.031587s ]
INFO: [ view_parse ] --END-- [ RunTime:0.031680s ]
INFO: [ view_filter ] --START--
INFO: Run ContentReplace Behavior [ RunTime:0.000616s ]
INFO: Run TokenBuild Behavior [ RunTime:0.000637s ]
INFO: Run WriteHtmlCache Behavior [ RunTime:0.000657s ]
INFO: Run ShowRuntime Behavior [ RunTime:0.000920s ]
INFO: [ view_filter ] --END-- [ RunTime:0.003004s ]
INFO: [ view_end ] --START--
INFO: Run ShowPageTrace Behavior [ RunTime:0.000608s ]
INFO: [ view_end ] --END-- [ RunTime:0.000642s ]

[ 2016-02-01T14:59:21+08:00 ] 127.0.0.1 /admin.php/Link/add
INFO: [ route_check ] --START--
INFO: Run CheckRoute Behavior [ RunTime:0.000637s ]
INFO: [ route_check ] --END-- [ RunTime:0.000704s ]
INFO: [ app_begin ] --START--
INFO: Run ReadHtmlCache Behavior [ RunTime:0.000703s ]
INFO: [ app_begin ] --END-- [ RunTime:0.000776s ]
SQL: SHOW COLUMNS FROM `xs_admin` [ RunTime:0.005919s ]
SQL: SELECT `nickname`,`id` FROM `xs_admin` WHERE ( `username` = 'admin' ) LIMIT 1   [ RunTime:0.000320s ]
SQL: SHOW COLUMNS FROM `xs_novel` [ RunTime:0.004747s ]
SQL: SELECT COUNT(*) AS tp_count FROM `xs_novel` LIMIT 1   [ RunTime:0.000180s ]
SQL: SHOW COLUMNS FROM `xs_content` [ RunTime:0.005232s ]
SQL: SELECT COUNT(*) AS tp_count FROM `xs_content` LIMIT 1   [ RunTime:0.000210s ]
SQL: SELECT SUM(clicksum) AS tp_sum FROM `xs_novel` LIMIT 1   [ RunTime:0.000206s ]
SQL: SELECT SUM(clicktoday) AS tp_sum FROM `xs_novel` LIMIT 1   [ RunTime:0.000178s ]
SQL: SELECT SUM(clickmonth) AS tp_sum FROM `xs_novel` LIMIT 1   [ RunTime:0.000269s ]
INFO: [ view_template ] --START--
INFO: Run LocationTemplate Behavior [ RunTime:0.000922s ]
INFO: [ view_template ] --END-- [ RunTime:0.000979s ]
INFO: [ view_parse ] --START--
NOTIC: [8] Undefined variable: checkindex D:\www\docs\xs.cn\admin\Runtime\Cache\50757e4e913979c9a621426bba0a57c2.php 第 234 行.
NOTIC: [8] Undefined variable: checkclass D:\www\docs\xs.cn\admin\Runtime\Cache\50757e4e913979c9a621426bba0a57c2.php 第 240 行.
NOTIC: [8] Undefined variable: checkuser D:\www\docs\xs.cn\admin\Runtime\Cache\50757e4e913979c9a621426bba0a57c2.php 第 305 行.
NOTIC: [8] Undefined variable: checkcaiji D:\www\docs\xs.cn\admin\Runtime\Cache\50757e4e913979c9a621426bba0a57c2.php 第 352 行.
NOTIC: [8] Undefined variable: checkset D:\www\docs\xs.cn\admin\Runtime\Cache\50757e4e913979c9a621426bba0a57c2.php 第 370 行.
INFO: Run ParseTemplate Behavior [ RunTime:0.079100s ]
INFO: [ view_parse ] --END-- [ RunTime:0.079144s ]
INFO: [ view_filter ] --START--
INFO: Run ContentReplace Behavior [ RunTime:0.000568s ]
INFO: Run TokenBuild Behavior [ RunTime:0.000433s ]
INFO: Run WriteHtmlCache Behavior [ RunTime:0.000379s ]
INFO: Run ShowRuntime Behavior [ RunTime:0.000476s ]
INFO: [ view_filter ] --END-- [ RunTime:0.001957s ]
INFO: [ view_end ] --START--
INFO: Run ShowPageTrace Behavior [ RunTime:0.000567s ]
INFO: [ view_end ] --END-- [ RunTime:0.000604s ]

[ 2016-02-01T14:59:24+08:00 ] 127.0.0.1 /admin.php/User/index
INFO: [ route_check ] --START--
INFO: Run CheckRoute Behavior [ RunTime:0.000712s ]
INFO: [ route_check ] --END-- [ RunTime:0.000785s ]
INFO: [ app_begin ] --START--
INFO: Run ReadHtmlCache Behavior [ RunTime:0.000584s ]
INFO: [ app_begin ] --END-- [ RunTime:0.000636s ]
SQL: SHOW COLUMNS FROM `xs_admin` [ RunTime:0.005660s ]
SQL: SELECT `nickname`,`id` FROM `xs_admin` WHERE ( `username` = 'admin' ) LIMIT 1   [ RunTime:0.000309s ]
SQL: SHOW COLUMNS FROM `xs_novel` [ RunTime:0.005021s ]
SQL: SELECT COUNT(*) AS tp_count FROM `xs_novel` LIMIT 1   [ RunTime:0.000204s ]
SQL: SHOW COLUMNS FROM `xs_content` [ RunTime:0.006127s ]
SQL: SELECT COUNT(*) AS tp_count FROM `xs_content` LIMIT 1   [ RunTime:0.000248s ]
SQL: SELECT SUM(clicksum) AS tp_sum FROM `xs_novel` LIMIT 1   [ RunTime:0.000230s ]
SQL: SELECT SUM(clicktoday) AS tp_sum FROM `xs_novel` LIMIT 1   [ RunTime:0.000201s ]
SQL: SELECT SUM(clickmonth) AS tp_sum FROM `xs_novel` LIMIT 1   [ RunTime:0.000187s ]
SQL: SELECT * FROM `xs_admin` ORDER BY id  [ RunTime:0.000211s ]
INFO: [ view_template ] --START--
INFO: Run LocationTemplate Behavior [ RunTime:0.001106s ]
INFO: [ view_template ] --END-- [ RunTime:0.001160s ]
INFO: [ view_parse ] --START--
NOTIC: [8] Undefined variable: checkclass D:\www\docs\xs.cn\admin\Runtime\Cache\db47b7ae6f1c73035eb3910c38bf8969.php 第 234 行.
NOTIC: [8] Undefined variable: checklink D:\www\docs\xs.cn\admin\Runtime\Cache\db47b7ae6f1c73035eb3910c38bf8969.php 第 326 行.
NOTIC: [8] Undefined variable: checkcaiji D:\www\docs\xs.cn\admin\Runtime\Cache\db47b7ae6f1c73035eb3910c38bf8969.php 第 346 行.
NOTIC: [8] Undefined variable: checkset D:\www\docs\xs.cn\admin\Runtime\Cache\db47b7ae6f1c73035eb3910c38bf8969.php 第 364 行.
INFO: Run ParseTemplate Behavior [ RunTime:0.021671s ]
INFO: [ view_parse ] --END-- [ RunTime:0.021720s ]
INFO: [ view_filter ] --START--
INFO: Run ContentReplace Behavior [ RunTime:0.000553s ]
INFO: Run TokenBuild Behavior [ RunTime:0.000467s ]
INFO: Run WriteHtmlCache Behavior [ RunTime:0.000371s ]
INFO: Run ShowRuntime Behavior [ RunTime:0.000467s ]
INFO: [ view_filter ] --END-- [ RunTime:0.001968s ]
INFO: [ view_end ] --START--
INFO: Run ShowPageTrace Behavior [ RunTime:0.000524s ]
INFO: [ view_end ] --END-- [ RunTime:0.000562s ]

[ 2016-02-01T14:59:26+08:00 ] 127.0.0.1 /admin.php/User/add
INFO: [ route_check ] --START--
INFO: Run CheckRoute Behavior [ RunTime:0.000953s ]
INFO: [ route_check ] --END-- [ RunTime:0.001047s ]
INFO: [ app_begin ] --START--
INFO: Run ReadHtmlCache Behavior [ RunTime:0.000672s ]
INFO: [ app_begin ] --END-- [ RunTime:0.000726s ]
SQL: SHOW COLUMNS FROM `xs_admin` [ RunTime:0.004479s ]
SQL: SELECT `nickname`,`id` FROM `xs_admin` WHERE ( `username` = 'admin' ) LIMIT 1   [ RunTime:0.000222s ]
SQL: SHOW COLUMNS FROM `xs_novel` [ RunTime:0.004898s ]
SQL: SELECT COUNT(*) AS tp_count FROM `xs_novel` LIMIT 1   [ RunTime:0.000224s ]
SQL: SHOW COLUMNS FROM `xs_content` [ RunTime:0.005981s ]
SQL: SELECT COUNT(*) AS tp_count FROM `xs_content` LIMIT 1   [ RunTime:0.000177s ]
SQL: SELECT SUM(clicksum) AS tp_sum FROM `xs_novel` LIMIT 1   [ RunTime:0.000184s ]
SQL: SELECT SUM(clicktoday) AS tp_sum FROM `xs_novel` LIMIT 1   [ RunTime:0.000129s ]
SQL: SELECT SUM(clickmonth) AS tp_sum FROM `xs_novel` LIMIT 1   [ RunTime:0.000121s ]
INFO: [ view_template ] --START--
INFO: Run LocationTemplate Behavior [ RunTime:0.037038s ]
INFO: [ view_template ] --END-- [ RunTime:0.037157s ]
INFO: [ view_parse ] --START--
NOTIC: [8] Undefined variable: userinfo D:\www\docs\xs.cn\admin\Runtime\Cache\5bfefd15268d18244dfb087a531f6a80.php 第 194 行.
NOTIC: [8] Undefined variable: checkindex D:\www\docs\xs.cn\admin\Runtime\Cache\5bfefd15268d18244dfb087a531f6a80.php 第 227 行.
NOTIC: [8] Undefined variable: checkclass D:\www\docs\xs.cn\admin\Runtime\Cache\5bfefd15268d18244dfb087a531f6a80.php 第 233 行.
NOTIC: [8] Undefined variable: checklink D:\www\docs\xs.cn\admin\Runtime\Cache\5bfefd15268d18244dfb087a531f6a80.php 第 325 行.
NOTIC: [8] Undefined variable: checkcaiji D:\www\docs\xs.cn\admin\Runtime\Cache\5bfefd15268d18244dfb087a531f6a80.php 第 345 行.
NOTIC: [8] Undefined variable: checkset D:\www\docs\xs.cn\admin\Runtime\Cache\5bfefd15268d18244dfb087a531f6a80.php 第 363 行.
INFO: Run ParseTemplate Behavior [ RunTime:0.048553s ]
INFO: [ view_parse ] --END-- [ RunTime:0.048660s ]
INFO: [ view_filter ] --START--
INFO: Run ContentReplace Behavior [ RunTime:0.002310s ]
INFO: Run TokenBuild Behavior [ RunTime:0.001969s ]
INFO: Run WriteHtmlCache Behavior [ RunTime:0.001168s ]
INFO: Run ShowRuntime Behavior [ RunTime:0.001482s ]
INFO: [ view_filter ] --END-- [ RunTime:0.007499s ]
INFO: [ view_end ] --START--
INFO: Run ShowPageTrace Behavior [ RunTime:0.000972s ]
INFO: [ view_end ] --END-- [ RunTime:0.001031s ]

[ 2016-02-01T14:59:34+08:00 ] 127.0.0.1 /admin.php/Novel/index
INFO: [ route_check ] --START--
INFO: Run CheckRoute Behavior [ RunTime:0.000808s ]
INFO: [ route_check ] --END-- [ RunTime:0.000919s ]
INFO: [ app_begin ] --START--
INFO: Run ReadHtmlCache Behavior [ RunTime:0.000621s ]
INFO: [ app_begin ] --END-- [ RunTime:0.000700s ]
SQL: SHOW COLUMNS FROM `xs_admin` [ RunTime:0.006500s ]
SQL: SELECT `nickname`,`id` FROM `xs_admin` WHERE ( `username` = 'admin' ) LIMIT 1   [ RunTime:0.000343s ]
SQL: SHOW COLUMNS FROM `xs_novel` [ RunTime:0.007488s ]
SQL: SELECT COUNT(*) AS tp_count FROM `xs_novel` LIMIT 1   [ RunTime:0.000272s ]
SQL: SHOW COLUMNS FROM `xs_content` [ RunTime:0.006964s ]
SQL: SELECT COUNT(*) AS tp_count FROM `xs_content` LIMIT 1   [ RunTime:0.000230s ]
SQL: SELECT SUM(clicksum) AS tp_sum FROM `xs_novel` LIMIT 1   [ RunTime:0.000245s ]
SQL: SELECT SUM(clicktoday) AS tp_sum FROM `xs_novel` LIMIT 1   [ RunTime:0.000205s ]
SQL: SELECT SUM(clickmonth) AS tp_sum FROM `xs_novel` LIMIT 1   [ RunTime:0.000169s ]
SQL: SHOW COLUMNS FROM `xs_class` [ RunTime:0.006846s ]
SQL: SELECT `id`,`classname` FROM `xs_class` ORDER BY id  [ RunTime:0.000365s ]
SQL: SHOW COLUMNS FROM `xs_novel` [ RunTime:0.005350s ]
NOTIC: [8] Undefined variable: where D:\www\docs\xs.cn\admin\Lib\Action\NovelAction.class.php 第 54 行.
SQL: SELECT COUNT(*) AS tp_count FROM `xs_novel` LIMIT 1   [ RunTime:0.000270s ]
NOTIC: [8] Undefined variable: where D:\www\docs\xs.cn\admin\Lib\Action\NovelAction.class.php 第 59 行.
SQL: SELECT * FROM `xs_novel` ORDER BY update_time desc LIMIT 0,10   [ RunTime:0.000277s ]
SQL: SHOW COLUMNS FROM `xs_class` [ RunTime:0.004740s ]
SQL: SELECT `classname` FROM `xs_class` WHERE ( 1=1 AND id='3' ) LIMIT 1   [ RunTime:0.000264s ]
SQL: SELECT `classname` FROM `xs_class` WHERE ( 1=1 AND id='1' ) LIMIT 1   [ RunTime:0.000129s ]
INFO: [ view_template ] --START--
INFO: Run LocationTemplate Behavior [ RunTime:0.010905s ]
INFO: [ view_template ] --END-- [ RunTime:0.010975s ]
INFO: [ view_parse ] --START--
NOTIC: [8] Undefined variable: checkindex D:\www\docs\xs.cn\admin\Runtime\Cache\9d28736f55e8befd631c9b81b03e5e8a.php 第 311 行.
NOTIC: [8] Undefined variable: checkuser D:\www\docs\xs.cn\admin\Runtime\Cache\9d28736f55e8befd631c9b81b03e5e8a.php 第 382 行.
NOTIC: [8] Undefined variable: checklink D:\www\docs\xs.cn\admin\Runtime\Cache\9d28736f55e8befd631c9b81b03e5e8a.php 第 409 行.
NOTIC: [8] Undefined variable: checkcaiji D:\www\docs\xs.cn\admin\Runtime\Cache\9d28736f55e8befd631c9b81b03e5e8a.php 第 429 行.
NOTIC: [8] Undefined variable: checkset D:\www\docs\xs.cn\admin\Runtime\Cache\9d28736f55e8befd631c9b81b03e5e8a.php 第 447 行.
INFO: Run ParseTemplate Behavior [ RunTime:0.032411s ]
INFO: [ view_parse ] --END-- [ RunTime:0.032459s ]
INFO: [ view_filter ] --START--
INFO: Run ContentReplace Behavior [ RunTime:0.000648s ]
INFO: Run TokenBuild Behavior [ RunTime:0.000541s ]
INFO: Run WriteHtmlCache Behavior [ RunTime:0.000449s ]
INFO: Run ShowRuntime Behavior [ RunTime:0.000587s ]
INFO: [ view_filter ] --END-- [ RunTime:0.002346s ]
INFO: [ view_end ] --START--
INFO: Run ShowPageTrace Behavior [ RunTime:0.000654s ]
INFO: [ view_end ] --END-- [ RunTime:0.000695s ]

[ 2016-02-01T14:59:37+08:00 ] 127.0.0.1 /admin.php/Admin/index
INFO: [ route_check ] --START--
INFO: Run CheckRoute Behavior [ RunTime:0.000629s ]
INFO: [ route_check ] --END-- [ RunTime:0.000695s ]
INFO: [ app_begin ] --START--
INFO: Run ReadHtmlCache Behavior [ RunTime:0.000495s ]
INFO: [ app_begin ] --END-- [ RunTime:0.000536s ]
SQL: SHOW COLUMNS FROM `xs_admin` [ RunTime:0.005277s ]
SQL: SELECT `nickname`,`id` FROM `xs_admin` WHERE ( `username` = 'admin' ) LIMIT 1   [ RunTime:0.000335s ]
SQL: SHOW COLUMNS FROM `xs_novel` [ RunTime:0.005767s ]
SQL: SELECT COUNT(*) AS tp_count FROM `xs_novel` LIMIT 1   [ RunTime:0.000189s ]
SQL: SHOW COLUMNS FROM `xs_content` [ RunTime:0.004551s ]
SQL: SELECT COUNT(*) AS tp_count FROM `xs_content` LIMIT 1   [ RunTime:0.000175s ]
SQL: SELECT SUM(clicksum) AS tp_sum FROM `xs_novel` LIMIT 1   [ RunTime:0.000157s ]
SQL: SELECT SUM(clicktoday) AS tp_sum FROM `xs_novel` LIMIT 1   [ RunTime:0.000122s ]
SQL: SELECT SUM(clickmonth) AS tp_sum FROM `xs_novel` LIMIT 1   [ RunTime:0.000116s ]
SQL: SHOW COLUMNS FROM `xs_content` [ RunTime:0.004461s ]
SQL: SELECT COUNT(*) AS tp_count FROM `xs_content` LIMIT 1   [ RunTime:0.000281s ]
SQL: SELECT * FROM `xs_content` ORDER BY id desc LIMIT 0,10   [ RunTime:0.000942s ]
SQL: SELECT `novelname` FROM `xs_novel` WHERE ( `id` = 2 ) LIMIT 1   [ RunTime:0.000189s ]
SQL: SELECT `novelname` FROM `xs_novel` WHERE ( `id` = 2 ) LIMIT 1   [ RunTime:0.000123s ]
SQL: SELECT `novelname` FROM `xs_novel` WHERE ( `id` = 2 ) LIMIT 1   [ RunTime:0.000169s ]
SQL: SELECT `novelname` FROM `xs_novel` WHERE ( `id` = 2 ) LIMIT 1   [ RunTime:0.000151s ]
SQL: SELECT `novelname` FROM `xs_novel` WHERE ( `id` = 2 ) LIMIT 1   [ RunTime:0.000121s ]
SQL: SELECT `novelname` FROM `xs_novel` WHERE ( `id` = 2 ) LIMIT 1   [ RunTime:0.000114s ]
SQL: SELECT `novelname` FROM `xs_novel` WHERE ( `id` = 2 ) LIMIT 1   [ RunTime:0.000123s ]
SQL: SELECT `novelname` FROM `xs_novel` WHERE ( `id` = 2 ) LIMIT 1   [ RunTime:0.000115s ]
SQL: SELECT `novelname` FROM `xs_novel` WHERE ( `id` = 2 ) LIMIT 1   [ RunTime:0.000111s ]
SQL: SELECT `novelname` FROM `xs_novel` WHERE ( `id` = 2 ) LIMIT 1   [ RunTime:0.000108s ]
INFO: [ view_template ] --START--
INFO: Run LocationTemplate Behavior [ RunTime:0.000738s ]
INFO: [ view_template ] --END-- [ RunTime:0.000793s ]
INFO: [ view_parse ] --START--
NOTIC: [8] Undefined variable: checklink D:\www\docs\xs.cn\admin\Runtime\Cache\bd915821e9b7612ae670e6d4e0f1b964.php 第 360 行.
NOTIC: [8] Undefined variable: checkcaiji D:\www\docs\xs.cn\admin\Runtime\Cache\bd915821e9b7612ae670e6d4e0f1b964.php 第 380 行.
NOTIC: [8] Undefined variable: checkset D:\www\docs\xs.cn\admin\Runtime\Cache\bd915821e9b7612ae670e6d4e0f1b964.php 第 398 行.
INFO: Run ParseTemplate Behavior [ RunTime:0.010926s ]
INFO: [ view_parse ] --END-- [ RunTime:0.010973s ]
INFO: [ view_filter ] --START--
INFO: Run ContentReplace Behavior [ RunTime:0.000807s ]
INFO: Run TokenBuild Behavior [ RunTime:0.000441s ]
INFO: Run WriteHtmlCache Behavior [ RunTime:0.000395s ]
INFO: Run ShowRuntime Behavior [ RunTime:0.000528s ]
INFO: [ view_filter ] --END-- [ RunTime:0.002275s ]
INFO: [ view_end ] --START--
INFO: Run ShowPageTrace Behavior [ RunTime:0.000700s ]
INFO: [ view_end ] --END-- [ RunTime:0.000733s ]

[ 2016-02-01T14:59:43+08:00 ] 127.0.0.1 /admin.php/Set/index
INFO: [ route_check ] --START--
INFO: Run CheckRoute Behavior [ RunTime:0.000691s ]
INFO: [ route_check ] --END-- [ RunTime:0.000766s ]
INFO: [ app_begin ] --START--
INFO: Run ReadHtmlCache Behavior [ RunTime:0.000543s ]
INFO: [ app_begin ] --END-- [ RunTime:0.000591s ]
SQL: SHOW COLUMNS FROM `xs_admin` [ RunTime:0.004896s ]
SQL: SELECT `nickname`,`id` FROM `xs_admin` WHERE ( `username` = 'admin' ) LIMIT 1   [ RunTime:0.000332s ]
SQL: SHOW COLUMNS FROM `xs_novel` [ RunTime:0.004811s ]
SQL: SELECT COUNT(*) AS tp_count FROM `xs_novel` LIMIT 1   [ RunTime:0.000263s ]
SQL: SHOW COLUMNS FROM `xs_content` [ RunTime:0.004697s ]
SQL: SELECT COUNT(*) AS tp_count FROM `xs_content` LIMIT 1   [ RunTime:0.000264s ]
SQL: SELECT SUM(clicksum) AS tp_sum FROM `xs_novel` LIMIT 1   [ RunTime:0.000258s ]
SQL: SELECT SUM(clicktoday) AS tp_sum FROM `xs_novel` LIMIT 1   [ RunTime:0.000214s ]
SQL: SELECT SUM(clickmonth) AS tp_sum FROM `xs_novel` LIMIT 1   [ RunTime:0.000213s ]
SQL: SHOW COLUMNS FROM `xs_site` [ RunTime:0.005199s ]
SQL: SELECT * FROM `xs_site` WHERE ( `id` = 1 ) LIMIT 1   [ RunTime:0.000363s ]
INFO: [ view_template ] --START--
INFO: Run LocationTemplate Behavior [ RunTime:0.000814s ]
INFO: [ view_template ] --END-- [ RunTime:0.000862s ]
INFO: [ view_parse ] --START--
NOTIC: [8] Undefined variable: checkindex D:\www\docs\xs.cn\admin\Runtime\Cache\39a3f6df5f0739b725fe450f902fa838.php 第 324 行.
NOTIC: [8] Undefined variable: checkclass D:\www\docs\xs.cn\admin\Runtime\Cache\39a3f6df5f0739b725fe450f902fa838.php 第 330 行.
NOTIC: [8] Undefined variable: checkuser D:\www\docs\xs.cn\admin\Runtime\Cache\39a3f6df5f0739b725fe450f902fa838.php 第 395 行.
NOTIC: [8] Undefined variable: checklink D:\www\docs\xs.cn\admin\Runtime\Cache\39a3f6df5f0739b725fe450f902fa838.php 第 422 行.
NOTIC: [8] Undefined variable: checkcaiji D:\www\docs\xs.cn\admin\Runtime\Cache\39a3f6df5f0739b725fe450f902fa838.php 第 442 行.
INFO: Run ParseTemplate Behavior [ RunTime:0.023194s ]
INFO: [ view_parse ] --END-- [ RunTime:0.023244s ]
INFO: [ view_filter ] --START--
INFO: Run ContentReplace Behavior [ RunTime:0.000682s ]
INFO: Run TokenBuild Behavior [ RunTime:0.000509s ]
INFO: Run WriteHtmlCache Behavior [ RunTime:0.000379s ]
INFO: Run ShowRuntime Behavior [ RunTime:0.000515s ]
INFO: [ view_filter ] --END-- [ RunTime:0.002200s ]
INFO: [ view_end ] --START--
INFO: Run ShowPageTrace Behavior [ RunTime:0.000573s ]
INFO: [ view_end ] --END-- [ RunTime:0.000609s ]

[ 2016-02-01T15:00:08+08:00 ] 127.0.0.1 /admin.php/Set/ad
INFO: [ route_check ] --START--
INFO: Run CheckRoute Behavior [ RunTime:0.000737s ]
INFO: [ route_check ] --END-- [ RunTime:0.000810s ]
INFO: [ app_begin ] --START--
INFO: Run ReadHtmlCache Behavior [ RunTime:0.000591s ]
INFO: [ app_begin ] --END-- [ RunTime:0.000633s ]
SQL: SHOW COLUMNS FROM `xs_admin` [ RunTime:0.005048s ]
SQL: SELECT `nickname`,`id` FROM `xs_admin` WHERE ( `username` = 'admin' ) LIMIT 1   [ RunTime:0.000268s ]
SQL: SHOW COLUMNS FROM `xs_novel` [ RunTime:0.005380s ]
SQL: SELECT COUNT(*) AS tp_count FROM `xs_novel` LIMIT 1   [ RunTime:0.000212s ]
SQL: SHOW COLUMNS FROM `xs_content` [ RunTime:0.005839s ]
SQL: SELECT COUNT(*) AS tp_count FROM `xs_content` LIMIT 1   [ RunTime:0.000229s ]
SQL: SELECT SUM(clicksum) AS tp_sum FROM `xs_novel` LIMIT 1   [ RunTime:0.000198s ]
SQL: SELECT SUM(clicktoday) AS tp_sum FROM `xs_novel` LIMIT 1   [ RunTime:0.000187s ]
SQL: SELECT SUM(clickmonth) AS tp_sum FROM `xs_novel` LIMIT 1   [ RunTime:0.000178s ]
INFO: [ view_template ] --START--
INFO: Run LocationTemplate Behavior [ RunTime:0.000756s ]
INFO: [ view_template ] --END-- [ RunTime:0.000807s ]
INFO: [ view_parse ] --START--
NOTIC: [8] Undefined variable: checkindex D:\www\docs\xs.cn\admin\Runtime\Cache\9204d5d68d61af0b723c2587e1b0edc7.php 第 217 行.
NOTIC: [8] Undefined variable: checkclass D:\www\docs\xs.cn\admin\Runtime\Cache\9204d5d68d61af0b723c2587e1b0edc7.php 第 223 行.
NOTIC: [8] Undefined variable: checkuser D:\www\docs\xs.cn\admin\Runtime\Cache\9204d5d68d61af0b723c2587e1b0edc7.php 第 288 行.
NOTIC: [8] Undefined variable: checklink D:\www\docs\xs.cn\admin\Runtime\Cache\9204d5d68d61af0b723c2587e1b0edc7.php 第 315 行.
NOTIC: [8] Undefined variable: checkcaiji D:\www\docs\xs.cn\admin\Runtime\Cache\9204d5d68d61af0b723c2587e1b0edc7.php 第 335 行.
INFO: Run ParseTemplate Behavior [ RunTime:0.044184s ]
INFO: [ view_parse ] --END-- [ RunTime:0.044226s ]
INFO: [ view_filter ] --START--
INFO: Run ContentReplace Behavior [ RunTime:0.000572s ]
INFO: Run TokenBuild Behavior [ RunTime:0.000463s ]
INFO: Run WriteHtmlCache Behavior [ RunTime:0.000432s ]
INFO: Run ShowRuntime Behavior [ RunTime:0.000491s ]
INFO: [ view_filter ] --END-- [ RunTime:0.002075s ]
INFO: [ view_end ] --START--
INFO: Run ShowPageTrace Behavior [ RunTime:0.000538s ]
INFO: [ view_end ] --END-- [ RunTime:0.000576s ]

