[ 2015-06-05T16:17:46+08:00 ] 127.0.0.1 /
INFO: [ app_begin ] --START--
INFO: Run ReadHtmlCache Behavior [ RunTime:0.007194s ]
INFO: [ app_begin ] --END-- [ RunTime:0.007342s ]
SQL: SHOW COLUMNS FROM `xs_site` [ RunTime:0.015406s ]
SQL: SELECT * FROM `xs_site` WHERE ( `id` = 1 ) LIMIT 1   [ RunTime:0.002274s ]
SQL: SHOW COLUMNS FROM `xs_class` [ RunTime:0.008693s ]
SQL: SELECT * FROM `xs_class`  [ RunTime:0.000315s ]
SQL: SHOW COLUMNS FROM `xs_novel` [ RunTime:0.006702s ]
SQL: SELECT `novelname`,`novelauthor` FROM `xs_novel` ORDER BY rand() limit 5  [ RunTime:0.000845s ]
SQL: SELECT * FROM `xs_site` WHERE ( `id` = 1 ) LIMIT 1   [ RunTime:0.000291s ]
SQL: SHOW COLUMNS FROM `xs_links` [ RunTime:0.006951s ]
SQL: SELECT * FROM `xs_links` ORDER BY linkweight desc  [ RunTime:0.000235s ]
SQL: SELECT * FROM `xs_novel` ORDER BY tuitime desc limit 6  [ RunTime:0.000320s ]
SQL: SELECT `id`,`novel_cid`,`novelname`,`novelpy`,`novelauthor`,`update_time` FROM `xs_novel` ORDER BY update_time desc limit 15  [ RunTime:0.000258s ]
SQL: SHOW COLUMNS FROM `xs_content` [ RunTime:0.006091s ]
SQL: SELECT * FROM `xs_class`  [ RunTime:0.000281s ]
SQL: SELECT * FROM `xs_content` WHERE ( `con_nid` = 2 ) ORDER BY id desc limit 1  [ RunTime:0.000863s ]
SQL: SELECT * FROM `xs_class`  [ RunTime:0.000263s ]
SQL: SELECT * FROM `xs_content` WHERE ( `con_nid` = 1 ) ORDER BY id desc limit 1  [ RunTime:0.040157s ]
INFO: [ view_template ] --START--
INFO: Run LocationTemplate Behavior [ RunTime:0.001204s ]
INFO: [ view_template ] --END-- [ RunTime:0.001270s ]
INFO: [ view_parse ] --START--
INFO: Run ParseTemplate Behavior [ RunTime:0.079850s ]
INFO: [ view_parse ] --END-- [ RunTime:0.079922s ]
INFO: [ view_filter ] --START--
INFO: Run ContentReplace Behavior [ RunTime:0.000845s ]
INFO: Run TokenBuild Behavior [ RunTime:0.000684s ]
INFO: Run WriteHtmlCache Behavior [ RunTime:0.000573s ]
INFO: Run ShowRuntime Behavior [ RunTime:0.000689s ]
INFO: [ view_filter ] --END-- [ RunTime:0.002913s ]
INFO: [ view_end ] --START--
INFO: Run ShowPageTrace Behavior [ RunTime:0.000768s ]
INFO: [ view_end ] --END-- [ RunTime:0.000810s ]

[ 2015-06-05T16:17:46+08:00 ] ERR: (ThinkException) 无法加载模块:Public
[ 2015-06-05T16:17:46+08:00 ] ERR: (ThinkException) 无法加载模块:Favicon
[ 2015-06-05T16:17:57+08:00 ] ERR: (ThinkException) 无法加载模块:Public
[ 2015-06-05T16:18:12+08:00 ] ERR: (ThinkException) 无法加载模块:Favicon
[ 2015-06-05T16:24:04+08:00 ] ERR: (ThinkException) 无法加载模块:Public
[ 2015-06-05T16:24:10+08:00 ] ERR: (ThinkException) 无法加载模块:Favicon
[ 2015-06-05T16:24:21+08:00 ] ERR: (ThinkException) 无法加载模块:Favicon
[ 2015-06-05T16:28:35+08:00 ] 127.0.0.1 /
INFO: [ app_begin ] --START--
INFO: Run ReadHtmlCache Behavior [ RunTime:0.000450s ]
INFO: [ app_begin ] --END-- [ RunTime:0.000516s ]
SQL: SHOW COLUMNS FROM `xs_site` [ RunTime:0.003926s ]
SQL: SELECT * FROM `xs_site` WHERE ( `id` = 1 ) LIMIT 1   [ RunTime:0.000316s ]
SQL: SHOW COLUMNS FROM `xs_class` [ RunTime:0.003723s ]
SQL: SELECT * FROM `xs_class`  [ RunTime:0.000199s ]
SQL: SHOW COLUMNS FROM `xs_novel` [ RunTime:0.003764s ]
SQL: SELECT `novelname`,`novelauthor` FROM `xs_novel` ORDER BY rand() limit 5  [ RunTime:0.000346s ]
SQL: SELECT * FROM `xs_site` WHERE ( `id` = 1 ) LIMIT 1   [ RunTime:0.000244s ]
SQL: SHOW COLUMNS FROM `xs_links` [ RunTime:0.003839s ]
SQL: SELECT * FROM `xs_links` ORDER BY linkweight desc  [ RunTime:0.000232s ]
SQL: SELECT * FROM `xs_novel` ORDER BY tuitime desc limit 6  [ RunTime:0.000261s ]
SQL: SELECT `id`,`novel_cid`,`novelname`,`novelpy`,`novelauthor`,`update_time` FROM `xs_novel` ORDER BY update_time desc limit 15  [ RunTime:0.000193s ]
SQL: SHOW COLUMNS FROM `xs_content` [ RunTime:0.004149s ]
SQL: SELECT * FROM `xs_class`  [ RunTime:0.000256s ]
SQL: SELECT * FROM `xs_content` WHERE ( `con_nid` = 2 ) ORDER BY id desc limit 1  [ RunTime:0.000333s ]
SQL: SELECT * FROM `xs_class`  [ RunTime:0.000174s ]
SQL: SELECT * FROM `xs_content` WHERE ( `con_nid` = 1 ) ORDER BY id desc limit 1  [ RunTime:0.001113s ]
INFO: [ view_template ] --START--
INFO: Run LocationTemplate Behavior [ RunTime:0.000623s ]
INFO: [ view_template ] --END-- [ RunTime:0.000671s ]
INFO: [ view_parse ] --START--
INFO: Run ParseTemplate Behavior [ RunTime:0.012332s ]
INFO: [ view_parse ] --END-- [ RunTime:0.012390s ]
INFO: [ view_filter ] --START--
INFO: Run ContentReplace Behavior [ RunTime:0.000423s ]
INFO: Run TokenBuild Behavior [ RunTime:0.000380s ]
INFO: Run WriteHtmlCache Behavior [ RunTime:0.000459s ]
INFO: Run ShowRuntime Behavior [ RunTime:0.000407s ]
INFO: [ view_filter ] --END-- [ RunTime:0.001790s ]
INFO: [ view_end ] --START--
INFO: Run ShowPageTrace Behavior [ RunTime:0.000454s ]
INFO: [ view_end ] --END-- [ RunTime:0.000494s ]

[ 2015-06-05T16:28:35+08:00 ] ERR: (ThinkException) 无法加载模块:Public
[ 2015-06-05T16:28:35+08:00 ] ERR: (ThinkException) 无法加载模块:Favicon
[ 2015-06-05T16:28:37+08:00 ] ERR: (ThinkException) 无法加载模块:Public
[ 2015-06-05T16:28:43+08:00 ] 127.0.0.1 /
INFO: [ app_begin ] --START--
INFO: Run ReadHtmlCache Behavior [ RunTime:0.000857s ]
INFO: [ app_begin ] --END-- [ RunTime:0.000966s ]
SQL: SHOW COLUMNS FROM `xs_site` [ RunTime:0.003575s ]
SQL: SELECT * FROM `xs_site` WHERE ( `id` = 1 ) LIMIT 1   [ RunTime:0.000348s ]
SQL: SHOW COLUMNS FROM `xs_class` [ RunTime:0.003543s ]
SQL: SELECT * FROM `xs_class`  [ RunTime:0.000265s ]
SQL: SHOW COLUMNS FROM `xs_novel` [ RunTime:0.003554s ]
SQL: SELECT `novelname`,`novelauthor` FROM `xs_novel` ORDER BY rand() limit 5  [ RunTime:0.000358s ]
SQL: SELECT * FROM `xs_site` WHERE ( `id` = 1 ) LIMIT 1   [ RunTime:0.000226s ]
SQL: SHOW COLUMNS FROM `xs_links` [ RunTime:0.003805s ]
SQL: SELECT * FROM `xs_links` ORDER BY linkweight desc  [ RunTime:0.000265s ]
SQL: SELECT * FROM `xs_novel` ORDER BY tuitime desc limit 6  [ RunTime:0.000384s ]
SQL: SELECT `id`,`novel_cid`,`novelname`,`novelpy`,`novelauthor`,`update_time` FROM `xs_novel` ORDER BY update_time desc limit 15  [ RunTime:0.000283s ]
SQL: SHOW COLUMNS FROM `xs_content` [ RunTime:0.003900s ]
SQL: SELECT * FROM `xs_class`  [ RunTime:0.000253s ]
SQL: SELECT * FROM `xs_content` WHERE ( `con_nid` = 2 ) ORDER BY id desc limit 1  [ RunTime:0.000299s ]
SQL: SELECT * FROM `xs_class`  [ RunTime:0.000221s ]
SQL: SELECT * FROM `xs_content` WHERE ( `con_nid` = 1 ) ORDER BY id desc limit 1  [ RunTime:0.000938s ]
INFO: [ view_template ] --START--
INFO: Run LocationTemplate Behavior [ RunTime:0.000648s ]
INFO: [ view_template ] --END-- [ RunTime:0.000701s ]
INFO: [ view_parse ] --START--
INFO: Run ParseTemplate Behavior [ RunTime:0.012638s ]
INFO: [ view_parse ] --END-- [ RunTime:0.012695s ]
INFO: [ view_filter ] --START--
INFO: Run ContentReplace Behavior [ RunTime:0.000418s ]
INFO: Run TokenBuild Behavior [ RunTime:0.000382s ]
INFO: Run WriteHtmlCache Behavior [ RunTime:0.000292s ]
INFO: Run ShowRuntime Behavior [ RunTime:0.000433s ]
INFO: [ view_filter ] --END-- [ RunTime:0.001659s ]
INFO: [ view_end ] --START--
INFO: Run ShowPageTrace Behavior [ RunTime:0.000457s ]
INFO: [ view_end ] --END-- [ RunTime:0.000514s ]

[ 2015-06-05T16:28:43+08:00 ] ERR: (ThinkException) 无法加载模块:Favicon
[ 2015-06-05T16:28:44+08:00 ] 127.0.0.1 /
INFO: [ app_begin ] --START--
INFO: Run ReadHtmlCache Behavior [ RunTime:0.000628s ]
INFO: [ app_begin ] --END-- [ RunTime:0.000695s ]
SQL: SHOW COLUMNS FROM `xs_site` [ RunTime:0.003545s ]
SQL: SELECT * FROM `xs_site` WHERE ( `id` = 1 ) LIMIT 1   [ RunTime:0.000382s ]
SQL: SHOW COLUMNS FROM `xs_class` [ RunTime:0.003415s ]
SQL: SELECT * FROM `xs_class`  [ RunTime:0.000231s ]
SQL: SHOW COLUMNS FROM `xs_novel` [ RunTime:0.003902s ]
SQL: SELECT `novelname`,`novelauthor` FROM `xs_novel` ORDER BY rand() limit 5  [ RunTime:0.000417s ]
SQL: SELECT * FROM `xs_site` WHERE ( `id` = 1 ) LIMIT 1   [ RunTime:0.000267s ]
SQL: SHOW COLUMNS FROM `xs_links` [ RunTime:0.003520s ]
SQL: SELECT * FROM `xs_links` ORDER BY linkweight desc  [ RunTime:0.000223s ]
SQL: SELECT * FROM `xs_novel` ORDER BY tuitime desc limit 6  [ RunTime:0.000257s ]
SQL: SELECT `id`,`novel_cid`,`novelname`,`novelpy`,`novelauthor`,`update_time` FROM `xs_novel` ORDER BY update_time desc limit 15  [ RunTime:0.000201s ]
SQL: SHOW COLUMNS FROM `xs_content` [ RunTime:0.003348s ]
SQL: SELECT * FROM `xs_class`  [ RunTime:0.000210s ]
SQL: SELECT * FROM `xs_content` WHERE ( `con_nid` = 2 ) ORDER BY id desc limit 1  [ RunTime:0.000259s ]
SQL: SELECT * FROM `xs_class`  [ RunTime:0.000169s ]
SQL: SELECT * FROM `xs_content` WHERE ( `con_nid` = 1 ) ORDER BY id desc limit 1  [ RunTime:0.001083s ]
INFO: [ view_template ] --START--
INFO: Run LocationTemplate Behavior [ RunTime:0.000836s ]
INFO: [ view_template ] --END-- [ RunTime:0.000886s ]
INFO: [ view_parse ] --START--
INFO: Run ParseTemplate Behavior [ RunTime:0.022252s ]
INFO: [ view_parse ] --END-- [ RunTime:0.022319s ]
INFO: [ view_filter ] --START--
INFO: Run ContentReplace Behavior [ RunTime:0.000524s ]
INFO: Run TokenBuild Behavior [ RunTime:0.000491s ]
INFO: Run WriteHtmlCache Behavior [ RunTime:0.000346s ]
INFO: Run ShowRuntime Behavior [ RunTime:0.000458s ]
INFO: [ view_filter ] --END-- [ RunTime:0.001950s ]
INFO: [ view_end ] --START--
INFO: Run ShowPageTrace Behavior [ RunTime:0.000466s ]
INFO: [ view_end ] --END-- [ RunTime:0.000510s ]

[ 2015-06-05T16:28:44+08:00 ] ERR: (ThinkException) 无法加载模块:Public
[ 2015-06-05T16:28:44+08:00 ] ERR: (ThinkException) 无法加载模块:Favicon
[ 2015-06-05T16:28:45+08:00 ] ERR: (ThinkException) 无法加载模块:Public
[ 2015-06-05T16:28:48+08:00 ] 127.0.0.1 /
INFO: [ app_begin ] --START--
INFO: Run ReadHtmlCache Behavior [ RunTime:0.000728s ]
INFO: [ app_begin ] --END-- [ RunTime:0.000814s ]
SQL: SHOW COLUMNS FROM `xs_site` [ RunTime:0.003645s ]
SQL: SELECT * FROM `xs_site` WHERE ( `id` = 1 ) LIMIT 1   [ RunTime:0.000314s ]
SQL: SHOW COLUMNS FROM `xs_class` [ RunTime:0.003227s ]
SQL: SELECT * FROM `xs_class`  [ RunTime:0.000257s ]
SQL: SHOW COLUMNS FROM `xs_novel` [ RunTime:0.003834s ]
SQL: SELECT `novelname`,`novelauthor` FROM `xs_novel` ORDER BY rand() limit 5  [ RunTime:0.000345s ]
SQL: SELECT * FROM `xs_site` WHERE ( `id` = 1 ) LIMIT 1   [ RunTime:0.000239s ]
SQL: SHOW COLUMNS FROM `xs_links` [ RunTime:0.003348s ]
SQL: SELECT * FROM `xs_links` ORDER BY linkweight desc  [ RunTime:0.000182s ]
SQL: SELECT * FROM `xs_novel` ORDER BY tuitime desc limit 6  [ RunTime:0.000235s ]
SQL: SELECT `id`,`novel_cid`,`novelname`,`novelpy`,`novelauthor`,`update_time` FROM `xs_novel` ORDER BY update_time desc limit 15  [ RunTime:0.000185s ]
SQL: SHOW COLUMNS FROM `xs_content` [ RunTime:0.003341s ]
SQL: SELECT * FROM `xs_class`  [ RunTime:0.000196s ]
SQL: SELECT * FROM `xs_content` WHERE ( `con_nid` = 2 ) ORDER BY id desc limit 1  [ RunTime:0.000264s ]
SQL: SELECT * FROM `xs_class`  [ RunTime:0.000170s ]
SQL: SELECT * FROM `xs_content` WHERE ( `con_nid` = 1 ) ORDER BY id desc limit 1  [ RunTime:0.001204s ]
INFO: [ view_template ] --START--
INFO: Run LocationTemplate Behavior [ RunTime:0.000769s ]
INFO: [ view_template ] --END-- [ RunTime:0.000819s ]
INFO: [ view_parse ] --START--
INFO: Run ParseTemplate Behavior [ RunTime:0.021804s ]
INFO: [ view_parse ] --END-- [ RunTime:0.021867s ]
INFO: [ view_filter ] --START--
INFO: Run ContentReplace Behavior [ RunTime:0.000497s ]
INFO: Run TokenBuild Behavior [ RunTime:0.000445s ]
INFO: Run WriteHtmlCache Behavior [ RunTime:0.000351s ]
INFO: Run ShowRuntime Behavior [ RunTime:0.000455s ]
INFO: [ view_filter ] --END-- [ RunTime:0.001874s ]
INFO: [ view_end ] --START--
INFO: Run ShowPageTrace Behavior [ RunTime:0.000502s ]
INFO: [ view_end ] --END-- [ RunTime:0.000542s ]

[ 2015-06-05T16:28:48+08:00 ] ERR: (ThinkException) 无法加载模块:Favicon
[ 2015-06-05T16:28:50+08:00 ] ERR: (ThinkException) 无法加载模块:Favicon
[ 2015-06-05T16:28:50+08:00 ] ERR: (ThinkException) 无法加载模块:Favicon
[ 2015-06-05T16:29:56+08:00 ] ERR: (ThinkException) 无法加载模块:Favicon
[ 2015-06-05T16:29:59+08:00 ] 127.0.0.1 /
INFO: [ app_begin ] --START--
INFO: Run ReadHtmlCache Behavior [ RunTime:0.000557s ]
INFO: [ app_begin ] --END-- [ RunTime:0.000624s ]
SQL: SHOW COLUMNS FROM `xs_site` [ RunTime:0.003995s ]
SQL: SELECT * FROM `xs_site` WHERE ( `id` = 1 ) LIMIT 1   [ RunTime:0.000350s ]
SQL: SHOW COLUMNS FROM `xs_class` [ RunTime:0.003353s ]
SQL: SELECT * FROM `xs_class`  [ RunTime:0.000217s ]
SQL: SHOW COLUMNS FROM `xs_novel` [ RunTime:0.003627s ]
SQL: SELECT `novelname`,`novelauthor` FROM `xs_novel` ORDER BY rand() limit 5  [ RunTime:0.000376s ]
SQL: SELECT * FROM `xs_site` WHERE ( `id` = 1 ) LIMIT 1   [ RunTime:0.000294s ]
SQL: SHOW COLUMNS FROM `xs_links` [ RunTime:0.004331s ]
SQL: SELECT * FROM `xs_links` ORDER BY linkweight desc  [ RunTime:0.000269s ]
SQL: SELECT * FROM `xs_novel` ORDER BY tuitime desc limit 6  [ RunTime:0.000314s ]
SQL: SELECT `id`,`novel_cid`,`novelname`,`novelpy`,`novelauthor`,`update_time` FROM `xs_novel` ORDER BY update_time desc limit 15  [ RunTime:0.000213s ]
SQL: SHOW COLUMNS FROM `xs_content` [ RunTime:0.003707s ]
SQL: SELECT * FROM `xs_class`  [ RunTime:0.000238s ]
SQL: SELECT * FROM `xs_content` WHERE ( `con_nid` = 2 ) ORDER BY id desc limit 1  [ RunTime:0.000272s ]
SQL: SELECT * FROM `xs_class`  [ RunTime:0.000172s ]
SQL: SELECT * FROM `xs_content` WHERE ( `con_nid` = 1 ) ORDER BY id desc limit 1  [ RunTime:0.000907s ]
INFO: [ view_template ] --START--
INFO: Run LocationTemplate Behavior [ RunTime:0.000767s ]
INFO: [ view_template ] --END-- [ RunTime:0.000818s ]
INFO: [ view_parse ] --START--
INFO: Run ParseTemplate Behavior [ RunTime:0.022640s ]
INFO: [ view_parse ] --END-- [ RunTime:0.022709s ]
INFO: [ view_filter ] --START--
INFO: Run ContentReplace Behavior [ RunTime:0.000488s ]
INFO: Run TokenBuild Behavior [ RunTime:0.000412s ]
INFO: Run WriteHtmlCache Behavior [ RunTime:0.000326s ]
INFO: Run ShowRuntime Behavior [ RunTime:0.000450s ]
INFO: [ view_filter ] --END-- [ RunTime:0.001803s ]
INFO: [ view_end ] --START--
INFO: Run ShowPageTrace Behavior [ RunTime:0.000510s ]
INFO: [ view_end ] --END-- [ RunTime:0.000554s ]

[ 2015-06-05T16:29:59+08:00 ] ERR: (ThinkException) 无法加载模块:Public
[ 2015-06-05T16:29:59+08:00 ] ERR: (ThinkException) 无法加载模块:Favicon
[ 2015-06-05T16:30:00+08:00 ] ERR: (ThinkException) 无法加载模块:Public
[ 2015-06-05T16:30:00+08:00 ] ERR: (ThinkException) 无法加载模块:Public
[ 2015-06-05T16:30:00+08:00 ] ERR: (ThinkException) 无法加载模块:Public
[ 2015-06-05T16:32:37+08:00 ] 127.0.0.1 /
INFO: [ app_begin ] --START--
INFO: Run ReadHtmlCache Behavior [ RunTime:0.000906s ]
INFO: [ app_begin ] --END-- [ RunTime:0.001001s ]
SQL: SHOW COLUMNS FROM `xs_site` [ RunTime:0.004723s ]
SQL: SELECT * FROM `xs_site` WHERE ( `id` = 1 ) LIMIT 1   [ RunTime:0.000414s ]
SQL: SHOW COLUMNS FROM `xs_class` [ RunTime:0.004237s ]
SQL: SELECT * FROM `xs_class`  [ RunTime:0.000287s ]
SQL: SHOW COLUMNS FROM `xs_novel` [ RunTime:0.004017s ]
SQL: SELECT `novelname`,`novelauthor` FROM `xs_novel` ORDER BY rand() limit 5  [ RunTime:0.000425s ]
SQL: SELECT * FROM `xs_site` WHERE ( `id` = 1 ) LIMIT 1   [ RunTime:0.000284s ]
SQL: SHOW COLUMNS FROM `xs_links` [ RunTime:0.004106s ]
SQL: SELECT * FROM `xs_links` ORDER BY linkweight desc  [ RunTime:0.000278s ]
SQL: SELECT * FROM `xs_novel` ORDER BY tuitime desc limit 6  [ RunTime:0.000295s ]
SQL: SELECT `id`,`novel_cid`,`novelname`,`novelpy`,`novelauthor`,`update_time` FROM `xs_novel` ORDER BY update_time desc limit 15  [ RunTime:0.000231s ]
SQL: SHOW COLUMNS FROM `xs_content` [ RunTime:0.004845s ]
SQL: SELECT * FROM `xs_class`  [ RunTime:0.000307s ]
SQL: SELECT * FROM `xs_content` WHERE ( `con_nid` = 2 ) ORDER BY id desc limit 1  [ RunTime:0.000319s ]
SQL: SELECT * FROM `xs_class`  [ RunTime:0.000212s ]
SQL: SELECT * FROM `xs_content` WHERE ( `con_nid` = 1 ) ORDER BY id desc limit 1  [ RunTime:0.001252s ]
INFO: [ view_template ] --START--
INFO: Run LocationTemplate Behavior [ RunTime:0.000725s ]
INFO: [ view_template ] --END-- [ RunTime:0.000781s ]
INFO: [ view_parse ] --START--
INFO: Run ParseTemplate Behavior [ RunTime:0.015428s ]
INFO: [ view_parse ] --END-- [ RunTime:0.015520s ]
INFO: [ view_filter ] --START--
INFO: Run ContentReplace Behavior [ RunTime:0.000484s ]
INFO: Run TokenBuild Behavior [ RunTime:0.000396s ]
INFO: Run WriteHtmlCache Behavior [ RunTime:0.000316s ]
INFO: Run ShowRuntime Behavior [ RunTime:0.000449s ]
INFO: [ view_filter ] --END-- [ RunTime:0.001779s ]
INFO: [ view_end ] --START--
INFO: Run ShowPageTrace Behavior [ RunTime:0.000498s ]
INFO: [ view_end ] --END-- [ RunTime:0.000543s ]

[ 2015-06-05T16:32:38+08:00 ] ERR: (ThinkException) 无法加载模块:Public
[ 2015-06-05T16:32:38+08:00 ] ERR: (ThinkException) 无法加载模块:Favicon
[ 2015-06-05T16:32:39+08:00 ] ERR: (ThinkException) 无法加载模块:Public
[ 2015-06-05T16:32:39+08:00 ] ERR: (ThinkException) 无法加载模块:Public
[ 2015-06-05T16:33:07+08:00 ] 127.0.0.1 /
INFO: [ app_begin ] --START--
INFO: Run ReadHtmlCache Behavior [ RunTime:0.000836s ]
INFO: [ app_begin ] --END-- [ RunTime:0.000937s ]
SQL: SHOW COLUMNS FROM `xs_site` [ RunTime:0.005145s ]
SQL: SELECT * FROM `xs_site` WHERE ( `id` = 1 ) LIMIT 1   [ RunTime:0.000424s ]
SQL: SHOW COLUMNS FROM `xs_class` [ RunTime:0.005126s ]
SQL: SELECT * FROM `xs_class`  [ RunTime:0.000299s ]
SQL: SHOW COLUMNS FROM `xs_novel` [ RunTime:0.004717s ]
SQL: SELECT `novelname`,`novelauthor` FROM `xs_novel` ORDER BY rand() limit 5  [ RunTime:0.000438s ]
SQL: SELECT * FROM `xs_site` WHERE ( `id` = 1 ) LIMIT 1   [ RunTime:0.000308s ]
SQL: SHOW COLUMNS FROM `xs_links` [ RunTime:0.004489s ]
SQL: SELECT * FROM `xs_links` ORDER BY linkweight desc  [ RunTime:0.000240s ]
SQL: SELECT * FROM `xs_novel` ORDER BY tuitime desc limit 6  [ RunTime:0.000314s ]
SQL: SELECT `id`,`novel_cid`,`novelname`,`novelpy`,`novelauthor`,`update_time` FROM `xs_novel` ORDER BY update_time desc limit 15  [ RunTime:0.000240s ]
SQL: SHOW COLUMNS FROM `xs_content` [ RunTime:0.004408s ]
SQL: SELECT * FROM `xs_class`  [ RunTime:0.000189s ]
SQL: SELECT * FROM `xs_content` WHERE ( `con_nid` = 2 ) ORDER BY id desc limit 1  [ RunTime:0.000231s ]
SQL: SELECT * FROM `xs_class`  [ RunTime:0.000152s ]
SQL: SELECT * FROM `xs_content` WHERE ( `con_nid` = 1 ) ORDER BY id desc limit 1  [ RunTime:0.000865s ]
INFO: [ view_template ] --START--
INFO: Run LocationTemplate Behavior [ RunTime:0.000781s ]
INFO: [ view_template ] --END-- [ RunTime:0.000831s ]
INFO: [ view_parse ] --START--
INFO: Run ParseTemplate Behavior [ RunTime:0.021696s ]
INFO: [ view_parse ] --END-- [ RunTime:0.021759s ]
INFO: [ view_filter ] --START--
INFO: Run ContentReplace Behavior [ RunTime:0.000455s ]
INFO: Run TokenBuild Behavior [ RunTime:0.000376s ]
INFO: Run WriteHtmlCache Behavior [ RunTime:0.000298s ]
INFO: Run ShowRuntime Behavior [ RunTime:0.000406s ]
INFO: [ view_filter ] --END-- [ RunTime:0.001657s ]
INFO: [ view_end ] --START--
INFO: Run ShowPageTrace Behavior [ RunTime:0.000456s ]
INFO: [ view_end ] --END-- [ RunTime:0.000496s ]

[ 2015-06-05T16:33:08+08:00 ] ERR: (ThinkException) 无法加载模块:Public
[ 2015-06-05T16:33:08+08:00 ] ERR: (ThinkException) 无法加载模块:Favicon
[ 2015-06-05T16:33:09+08:00 ] ERR: (ThinkException) 无法加载模块:Public
[ 2015-06-05T16:33:09+08:00 ] ERR: (ThinkException) 无法加载模块:Public
[ 2015-06-05T16:33:13+08:00 ] ERR: (ThinkException) 无法加载模块:Public
[ 2015-06-05T16:35:53+08:00 ] 127.0.0.1 /
INFO: [ app_begin ] --START--
INFO: Run ReadHtmlCache Behavior [ RunTime:0.000521s ]
INFO: [ app_begin ] --END-- [ RunTime:0.000588s ]
SQL: SHOW COLUMNS FROM `xs_site` [ RunTime:0.004352s ]
SQL: SELECT * FROM `xs_site` WHERE ( `id` = 1 ) LIMIT 1   [ RunTime:0.000330s ]
SQL: SHOW COLUMNS FROM `xs_class` [ RunTime:0.004198s ]
SQL: SELECT * FROM `xs_class`  [ RunTime:0.000212s ]
SQL: SHOW COLUMNS FROM `xs_novel` [ RunTime:0.004190s ]
SQL: SELECT `novelname`,`novelauthor` FROM `xs_novel` ORDER BY rand() limit 5  [ RunTime:0.000330s ]
SQL: SELECT * FROM `xs_site` WHERE ( `id` = 1 ) LIMIT 1   [ RunTime:0.000205s ]
SQL: SHOW COLUMNS FROM `xs_links` [ RunTime:0.004056s ]
SQL: SELECT * FROM `xs_links` ORDER BY linkweight desc  [ RunTime:0.000223s ]
SQL: SELECT * FROM `xs_novel` ORDER BY tuitime desc limit 6  [ RunTime:0.000271s ]
SQL: SELECT `id`,`novel_cid`,`novelname`,`novelpy`,`novelauthor`,`update_time` FROM `xs_novel` ORDER BY update_time desc limit 15  [ RunTime:0.000236s ]
SQL: SHOW COLUMNS FROM `xs_content` [ RunTime:0.004788s ]
SQL: SELECT * FROM `xs_class`  [ RunTime:0.000248s ]
SQL: SELECT * FROM `xs_content` WHERE ( `con_nid` = 2 ) ORDER BY id desc limit 1  [ RunTime:0.000246s ]
SQL: SELECT * FROM `xs_class`  [ RunTime:0.000180s ]
SQL: SELECT * FROM `xs_content` WHERE ( `con_nid` = 1 ) ORDER BY id desc limit 1  [ RunTime:0.000909s ]
INFO: [ view_template ] --START--
INFO: Run LocationTemplate Behavior [ RunTime:0.000675s ]
INFO: [ view_template ] --END-- [ RunTime:0.000723s ]
INFO: [ view_parse ] --START--
INFO: Run ParseTemplate Behavior [ RunTime:0.013635s ]
INFO: [ view_parse ] --END-- [ RunTime:0.013701s ]
INFO: [ view_filter ] --START--
INFO: Run ContentReplace Behavior [ RunTime:0.000429s ]
INFO: Run TokenBuild Behavior [ RunTime:0.000363s ]
INFO: Run WriteHtmlCache Behavior [ RunTime:0.000277s ]
INFO: Run ShowRuntime Behavior [ RunTime:0.000391s ]
INFO: [ view_filter ] --END-- [ RunTime:0.001585s ]
INFO: [ view_end ] --START--
INFO: Run ShowPageTrace Behavior [ RunTime:0.000459s ]
INFO: [ view_end ] --END-- [ RunTime:0.000500s ]

[ 2015-06-05T16:35:53+08:00 ] ERR: (ThinkException) 无法加载模块:Public
[ 2015-06-05T16:35:53+08:00 ] ERR: (ThinkException) 无法加载模块:Favicon
[ 2015-06-05T16:35:54+08:00 ] ERR: (ThinkException) 无法加载模块:Public
[ 2015-06-05T16:36:06+08:00 ] ERR: (ThinkException) 无法加载模块:Public
[ 2015-06-05T16:36:46+08:00 ] 127.0.0.1 /
INFO: [ app_begin ] --START--
INFO: Run ReadHtmlCache Behavior [ RunTime:0.000568s ]
INFO: [ app_begin ] --END-- [ RunTime:0.000670s ]
SQL: SHOW COLUMNS FROM `xs_site` [ RunTime:0.005648s ]
SQL: SELECT * FROM `xs_site` WHERE ( `id` = 1 ) LIMIT 1   [ RunTime:0.000365s ]
SQL: SHOW COLUMNS FROM `xs_class` [ RunTime:0.006507s ]
SQL: SELECT * FROM `xs_class`  [ RunTime:0.000283s ]
SQL: SHOW COLUMNS FROM `xs_novel` [ RunTime:0.004909s ]
SQL: SELECT `novelname`,`novelauthor` FROM `xs_novel` ORDER BY rand() limit 5  [ RunTime:0.000623s ]
SQL: SELECT * FROM `xs_site` WHERE ( `id` = 1 ) LIMIT 1   [ RunTime:0.000411s ]
SQL: SHOW COLUMNS FROM `xs_links` [ RunTime:0.006613s ]
SQL: SELECT * FROM `xs_links` ORDER BY linkweight desc  [ RunTime:0.000231s ]
SQL: SELECT * FROM `xs_novel` ORDER BY tuitime desc limit 6  [ RunTime:0.000266s ]
SQL: SELECT `id`,`novel_cid`,`novelname`,`novelpy`,`novelauthor`,`update_time` FROM `xs_novel` ORDER BY update_time desc limit 15  [ RunTime:0.000263s ]
SQL: SHOW COLUMNS FROM `xs_content` [ RunTime:0.006733s ]
SQL: SELECT * FROM `xs_class`  [ RunTime:0.000352s ]
SQL: SELECT * FROM `xs_content` WHERE ( `con_nid` = 2 ) ORDER BY id desc limit 1  [ RunTime:0.000327s ]
SQL: SELECT * FROM `xs_class`  [ RunTime:0.000205s ]
SQL: SELECT * FROM `xs_content` WHERE ( `con_nid` = 1 ) ORDER BY id desc limit 1  [ RunTime:0.001036s ]
INFO: [ view_template ] --START--
INFO: Run LocationTemplate Behavior [ RunTime:0.000773s ]
INFO: [ view_template ] --END-- [ RunTime:0.000831s ]
INFO: [ view_parse ] --START--
INFO: Run ParseTemplate Behavior [ RunTime:0.018695s ]
INFO: [ view_parse ] --END-- [ RunTime:0.018778s ]
INFO: [ view_filter ] --START--
INFO: Run ContentReplace Behavior [ RunTime:0.000707s ]
INFO: Run TokenBuild Behavior [ RunTime:0.000593s ]
INFO: Run WriteHtmlCache Behavior [ RunTime:0.000434s ]
INFO: Run ShowRuntime Behavior [ RunTime:0.000516s ]
INFO: [ view_filter ] --END-- [ RunTime:0.002413s ]
INFO: [ view_end ] --START--
INFO: Run ShowPageTrace Behavior [ RunTime:0.000552s ]
INFO: [ view_end ] --END-- [ RunTime:0.000600s ]

[ 2015-06-05T16:36:46+08:00 ] ERR: (ThinkException) 无法加载模块:Public
[ 2015-06-05T16:36:46+08:00 ] ERR: (ThinkException) 无法加载模块:Favicon
[ 2015-06-05T16:36:47+08:00 ] ERR: (ThinkException) 无法加载模块:Public
[ 2015-06-05T16:38:05+08:00 ] 127.0.0.1 /
INFO: [ app_begin ] --START--
INFO: Run ReadHtmlCache Behavior [ RunTime:0.000528s ]
INFO: [ app_begin ] --END-- [ RunTime:0.000611s ]
SQL: SHOW COLUMNS FROM `xs_site` [ RunTime:0.005843s ]
SQL: SELECT * FROM `xs_site` WHERE ( `id` = 1 ) LIMIT 1   [ RunTime:0.000398s ]
SQL: SHOW COLUMNS FROM `xs_class` [ RunTime:0.004671s ]
SQL: SELECT * FROM `xs_class`  [ RunTime:0.000305s ]
SQL: SHOW COLUMNS FROM `xs_novel` [ RunTime:0.007513s ]
SQL: SELECT `novelname`,`novelauthor` FROM `xs_novel` ORDER BY rand() limit 5  [ RunTime:0.000452s ]
SQL: SELECT * FROM `xs_site` WHERE ( `id` = 1 ) LIMIT 1   [ RunTime:0.000290s ]
SQL: SHOW COLUMNS FROM `xs_links` [ RunTime:0.006278s ]
SQL: SELECT * FROM `xs_links` ORDER BY linkweight desc  [ RunTime:0.000262s ]
SQL: SELECT * FROM `xs_novel` ORDER BY tuitime desc limit 6  [ RunTime:0.000317s ]
SQL: SELECT `id`,`novel_cid`,`novelname`,`novelpy`,`novelauthor`,`update_time` FROM `xs_novel` ORDER BY update_time desc limit 15  [ RunTime:0.000220s ]
SQL: SHOW COLUMNS FROM `xs_content` [ RunTime:0.006252s ]
SQL: SELECT * FROM `xs_class`  [ RunTime:0.000299s ]
SQL: SELECT * FROM `xs_content` WHERE ( `con_nid` = 2 ) ORDER BY id desc limit 1  [ RunTime:0.000318s ]
SQL: SELECT * FROM `xs_class`  [ RunTime:0.000199s ]
SQL: SELECT * FROM `xs_content` WHERE ( `con_nid` = 1 ) ORDER BY id desc limit 1  [ RunTime:0.001310s ]
INFO: [ view_template ] --START--
INFO: Run LocationTemplate Behavior [ RunTime:0.000917s ]
INFO: [ view_template ] --END-- [ RunTime:0.000996s ]
INFO: [ view_parse ] --START--
INFO: Run ParseTemplate Behavior [ RunTime:0.016044s ]
INFO: [ view_parse ] --END-- [ RunTime:0.016121s ]
INFO: [ view_filter ] --START--
INFO: Run ContentReplace Behavior [ RunTime:0.000557s ]
INFO: Run TokenBuild Behavior [ RunTime:0.000457s ]
INFO: Run WriteHtmlCache Behavior [ RunTime:0.000359s ]
INFO: Run ShowRuntime Behavior [ RunTime:0.000503s ]
INFO: [ view_filter ] --END-- [ RunTime:0.002029s ]
INFO: [ view_end ] --START--
INFO: Run ShowPageTrace Behavior [ RunTime:0.000658s ]
INFO: [ view_end ] --END-- [ RunTime:0.000706s ]

[ 2015-06-05T16:38:05+08:00 ] ERR: (ThinkException) 无法加载模块:Public
[ 2015-06-05T16:38:05+08:00 ] ERR: (ThinkException) 无法加载模块:Favicon
[ 2015-06-05T16:38:06+08:00 ] ERR: (ThinkException) 无法加载模块:Public
[ 2015-06-05T16:38:15+08:00 ] 127.0.0.1 /
INFO: [ app_begin ] --START--
INFO: Run ReadHtmlCache Behavior [ RunTime:0.000499s ]
INFO: [ app_begin ] --END-- [ RunTime:0.000562s ]
SQL: SHOW COLUMNS FROM `xs_site` [ RunTime:0.004527s ]
SQL: SELECT * FROM `xs_site` WHERE ( `id` = 1 ) LIMIT 1   [ RunTime:0.000311s ]
SQL: SHOW COLUMNS FROM `xs_class` [ RunTime:0.004845s ]
SQL: SELECT * FROM `xs_class`  [ RunTime:0.000204s ]
SQL: SHOW COLUMNS FROM `xs_novel` [ RunTime:0.004097s ]
SQL: SELECT `novelname`,`novelauthor` FROM `xs_novel` ORDER BY rand() limit 5  [ RunTime:0.000304s ]
SQL: SELECT * FROM `xs_site` WHERE ( `id` = 1 ) LIMIT 1   [ RunTime:0.000184s ]
SQL: SHOW COLUMNS FROM `xs_links` [ RunTime:0.004193s ]
SQL: SELECT * FROM `xs_links` ORDER BY linkweight desc  [ RunTime:0.000175s ]
SQL: SELECT * FROM `xs_novel` ORDER BY tuitime desc limit 6  [ RunTime:0.000200s ]
SQL: SELECT `id`,`novel_cid`,`novelname`,`novelpy`,`novelauthor`,`update_time` FROM `xs_novel` ORDER BY update_time desc limit 15  [ RunTime:0.000144s ]
SQL: SHOW COLUMNS FROM `xs_content` [ RunTime:0.004705s ]
SQL: SELECT * FROM `xs_class`  [ RunTime:0.000227s ]
SQL: SELECT * FROM `xs_content` WHERE ( `con_nid` = 2 ) ORDER BY id desc limit 1  [ RunTime:0.000208s ]
SQL: SELECT * FROM `xs_class`  [ RunTime:0.000123s ]
SQL: SELECT * FROM `xs_content` WHERE ( `con_nid` = 1 ) ORDER BY id desc limit 1  [ RunTime:0.000903s ]
INFO: [ view_template ] --START--
INFO: Run LocationTemplate Behavior [ RunTime:0.000642s ]
INFO: [ view_template ] --END-- [ RunTime:0.000691s ]
INFO: [ view_parse ] --START--
INFO: Run ParseTemplate Behavior [ RunTime:0.012315s ]
INFO: [ view_parse ] --END-- [ RunTime:0.012378s ]
INFO: [ view_filter ] --START--
INFO: Run ContentReplace Behavior [ RunTime:0.000410s ]
INFO: Run TokenBuild Behavior [ RunTime:0.000339s ]
INFO: Run WriteHtmlCache Behavior [ RunTime:0.000272s ]
INFO: Run ShowRuntime Behavior [ RunTime:0.000383s ]
INFO: [ view_filter ] --END-- [ RunTime:0.001513s ]
INFO: [ view_end ] --START--
INFO: Run ShowPageTrace Behavior [ RunTime:0.000435s ]
INFO: [ view_end ] --END-- [ RunTime:0.000475s ]

[ 2015-06-05T16:38:15+08:00 ] ERR: (ThinkException) 无法加载模块:Public
[ 2015-06-05T16:38:15+08:00 ] ERR: (ThinkException) 无法加载模块:Favicon
[ 2015-06-05T16:38:16+08:00 ] ERR: (ThinkException) 无法加载模块:Public
[ 2015-06-05T16:38:22+08:00 ] ERR: (ThinkException) 无法加载模块:Public
[ 2015-06-05T16:39:21+08:00 ] 127.0.0.1 /
INFO: [ app_begin ] --START--
INFO: Run ReadHtmlCache Behavior [ RunTime:0.000687s ]
INFO: [ app_begin ] --END-- [ RunTime:0.000799s ]
SQL: SHOW COLUMNS FROM `xs_site` [ RunTime:0.006715s ]
SQL: SELECT * FROM `xs_site` WHERE ( `id` = 1 ) LIMIT 1   [ RunTime:0.000407s ]
SQL: SHOW COLUMNS FROM `xs_class` [ RunTime:0.006521s ]
SQL: SELECT * FROM `xs_class`  [ RunTime:0.000282s ]
SQL: SHOW COLUMNS FROM `xs_novel` [ RunTime:0.006917s ]
SQL: SELECT `novelname`,`novelauthor` FROM `xs_novel` ORDER BY rand() limit 5  [ RunTime:0.000412s ]
SQL: SELECT * FROM `xs_site` WHERE ( `id` = 1 ) LIMIT 1   [ RunTime:0.000266s ]
SQL: SHOW COLUMNS FROM `xs_links` [ RunTime:0.006062s ]
SQL: SELECT * FROM `xs_links` ORDER BY linkweight desc  [ RunTime:0.000247s ]
SQL: SELECT * FROM `xs_novel` ORDER BY tuitime desc limit 6  [ RunTime:0.000299s ]
SQL: SELECT `id`,`novel_cid`,`novelname`,`novelpy`,`novelauthor`,`update_time` FROM `xs_novel` ORDER BY update_time desc limit 15  [ RunTime:0.000216s ]
SQL: SHOW COLUMNS FROM `xs_content` [ RunTime:0.007420s ]
SQL: SELECT * FROM `xs_class`  [ RunTime:0.000297s ]
SQL: SELECT * FROM `xs_content` WHERE ( `con_nid` = 2 ) ORDER BY id desc limit 1  [ RunTime:0.000274s ]
SQL: SELECT * FROM `xs_class`  [ RunTime:0.000190s ]
SQL: SELECT * FROM `xs_content` WHERE ( `con_nid` = 1 ) ORDER BY id desc limit 1  [ RunTime:0.001048s ]
INFO: [ view_template ] --START--
INFO: Run LocationTemplate Behavior [ RunTime:0.000899s ]
INFO: [ view_template ] --END-- [ RunTime:0.000980s ]
INFO: [ view_parse ] --START--
INFO: Run ParseTemplate Behavior [ RunTime:0.016463s ]
INFO: [ view_parse ] --END-- [ RunTime:0.016551s ]
INFO: [ view_filter ] --START--
INFO: Run ContentReplace Behavior [ RunTime:0.000483s ]
INFO: Run TokenBuild Behavior [ RunTime:0.000398s ]
INFO: Run WriteHtmlCache Behavior [ RunTime:0.000315s ]
INFO: Run ShowRuntime Behavior [ RunTime:0.000456s ]
INFO: [ view_filter ] --END-- [ RunTime:0.001793s ]
INFO: [ view_end ] --START--
INFO: Run ShowPageTrace Behavior [ RunTime:0.000503s ]
INFO: [ view_end ] --END-- [ RunTime:0.000556s ]

[ 2015-06-05T16:39:21+08:00 ] ERR: (ThinkException) 无法加载模块:Public
[ 2015-06-05T16:39:22+08:00 ] ERR: (ThinkException) 无法加载模块:Favicon
[ 2015-06-05T16:39:22+08:00 ] ERR: (ThinkException) 无法加载模块:Public
[ 2015-06-05T16:39:29+08:00 ] ERR: (ThinkException) 无法加载模块:Public
[ 2015-06-05T16:40:15+08:00 ] 127.0.0.1 /
INFO: [ app_begin ] --START--
INFO: Run ReadHtmlCache Behavior [ RunTime:0.000553s ]
INFO: [ app_begin ] --END-- [ RunTime:0.000632s ]
SQL: SHOW COLUMNS FROM `xs_site` [ RunTime:0.004267s ]
SQL: SELECT * FROM `xs_site` WHERE ( `id` = 1 ) LIMIT 1   [ RunTime:0.000291s ]
SQL: SHOW COLUMNS FROM `xs_class` [ RunTime:0.004096s ]
SQL: SELECT * FROM `xs_class`  [ RunTime:0.000250s ]
SQL: SHOW COLUMNS FROM `xs_novel` [ RunTime:0.004761s ]
SQL: SELECT `novelname`,`novelauthor` FROM `xs_novel` ORDER BY rand() limit 5  [ RunTime:0.000344s ]
SQL: SELECT * FROM `xs_site` WHERE ( `id` = 1 ) LIMIT 1   [ RunTime:0.000222s ]
SQL: SHOW COLUMNS FROM `xs_links` [ RunTime:0.004109s ]
SQL: SELECT * FROM `xs_links` ORDER BY linkweight desc  [ RunTime:0.000173s ]
SQL: SELECT * FROM `xs_novel` ORDER BY tuitime desc limit 6  [ RunTime:0.000228s ]
SQL: SELECT `id`,`novel_cid`,`novelname`,`novelpy`,`novelauthor`,`update_time` FROM `xs_novel` ORDER BY update_time desc limit 15  [ RunTime:0.000175s ]
SQL: SHOW COLUMNS FROM `xs_content` [ RunTime:0.004345s ]
SQL: SELECT * FROM `xs_class`  [ RunTime:0.000276s ]
SQL: SELECT * FROM `xs_content` WHERE ( `con_nid` = 2 ) ORDER BY id desc limit 1  [ RunTime:0.000304s ]
SQL: SELECT * FROM `xs_class`  [ RunTime:0.000176s ]
SQL: SELECT * FROM `xs_content` WHERE ( `con_nid` = 1 ) ORDER BY id desc limit 1  [ RunTime:0.000925s ]
INFO: [ view_template ] --START--
INFO: Run LocationTemplate Behavior [ RunTime:0.000665s ]
INFO: [ view_template ] --END-- [ RunTime:0.000718s ]
INFO: [ view_parse ] --START--
INFO: Run ParseTemplate Behavior [ RunTime:0.012547s ]
INFO: [ view_parse ] --END-- [ RunTime:0.012610s ]
INFO: [ view_filter ] --START--
INFO: Run ContentReplace Behavior [ RunTime:0.000628s ]
INFO: Run TokenBuild Behavior [ RunTime:0.000447s ]
INFO: Run WriteHtmlCache Behavior [ RunTime:0.000333s ]
INFO: Run ShowRuntime Behavior [ RunTime:0.000451s ]
INFO: [ view_filter ] --END-- [ RunTime:0.002004s ]
INFO: [ view_end ] --START--
INFO: Run ShowPageTrace Behavior [ RunTime:0.000466s ]
INFO: [ view_end ] --END-- [ RunTime:0.000504s ]

[ 2015-06-05T16:40:15+08:00 ] ERR: (ThinkException) 无法加载模块:Public
[ 2015-06-05T16:40:15+08:00 ] ERR: (ThinkException) 无法加载模块:Favicon
[ 2015-06-05T16:40:17+08:00 ] ERR: (ThinkException) 无法加载模块:Public
[ 2015-06-05T16:41:17+08:00 ] 127.0.0.1 /
INFO: [ app_begin ] --START--
INFO: Run ReadHtmlCache Behavior [ RunTime:0.001293s ]
INFO: [ app_begin ] --END-- [ RunTime:0.001478s ]
SQL: SHOW COLUMNS FROM `xs_site` [ RunTime:0.004802s ]
SQL: SELECT * FROM `xs_site` WHERE ( `id` = 1 ) LIMIT 1   [ RunTime:0.000402s ]
SQL: SHOW COLUMNS FROM `xs_class` [ RunTime:0.004439s ]
SQL: SELECT * FROM `xs_class`  [ RunTime:0.000251s ]
SQL: SHOW COLUMNS FROM `xs_novel` [ RunTime:0.004211s ]
SQL: SELECT `novelname`,`novelauthor` FROM `xs_novel` ORDER BY rand() limit 5  [ RunTime:0.000347s ]
SQL: SELECT * FROM `xs_site` WHERE ( `id` = 1 ) LIMIT 1   [ RunTime:0.000213s ]
SQL: SHOW COLUMNS FROM `xs_links` [ RunTime:0.004199s ]
SQL: SELECT * FROM `xs_links` ORDER BY linkweight desc  [ RunTime:0.000178s ]
SQL: SELECT * FROM `xs_novel` ORDER BY tuitime desc limit 6  [ RunTime:0.000222s ]
SQL: SELECT `id`,`novel_cid`,`novelname`,`novelpy`,`novelauthor`,`update_time` FROM `xs_novel` ORDER BY update_time desc limit 15  [ RunTime:0.000213s ]
SQL: SHOW COLUMNS FROM `xs_content` [ RunTime:0.004407s ]
SQL: SELECT * FROM `xs_class`  [ RunTime:0.000203s ]
SQL: SELECT * FROM `xs_content` WHERE ( `con_nid` = 2 ) ORDER BY id desc limit 1  [ RunTime:0.000236s ]
SQL: SELECT * FROM `xs_class`  [ RunTime:0.000160s ]
SQL: SELECT * FROM `xs_content` WHERE ( `con_nid` = 1 ) ORDER BY id desc limit 1  [ RunTime:0.000902s ]
INFO: [ view_template ] --START--
INFO: Run LocationTemplate Behavior [ RunTime:0.000641s ]
INFO: [ view_template ] --END-- [ RunTime:0.000690s ]
INFO: [ view_parse ] --START--
INFO: Run ParseTemplate Behavior [ RunTime:0.013812s ]
INFO: [ view_parse ] --END-- [ RunTime:0.013884s ]
INFO: [ view_filter ] --START--
INFO: Run ContentReplace Behavior [ RunTime:0.000465s ]
INFO: Run TokenBuild Behavior [ RunTime:0.000392s ]
INFO: Run WriteHtmlCache Behavior [ RunTime:0.000336s ]
INFO: Run ShowRuntime Behavior [ RunTime:0.000418s ]
INFO: [ view_filter ] --END-- [ RunTime:0.001739s ]
INFO: [ view_end ] --START--
INFO: Run ShowPageTrace Behavior [ RunTime:0.000468s ]
INFO: [ view_end ] --END-- [ RunTime:0.000507s ]

[ 2015-06-05T16:41:17+08:00 ] ERR: (ThinkException) 无法加载模块:Public
[ 2015-06-05T16:41:17+08:00 ] ERR: (ThinkException) 无法加载模块:Favicon
[ 2015-06-05T16:41:39+08:00 ] ERR: (ThinkException) 无法加载模块:Public
