[ 2015-07-28T16:14:37+08:00 ] 127.0.0.1 /
INFO: [ app_begin ] --START--
INFO: Run ReadHtmlCache Behavior [ RunTime:0.017297s ]
INFO: [ app_begin ] --END-- [ RunTime:0.017446s ]
SQL: SHOW COLUMNS FROM `xs_site` [ RunTime:0.019409s ]
SQL: SELECT * FROM `xs_site` WHERE ( `id` = 1 ) LIMIT 1   [ RunTime:0.002175s ]
SQL: SHOW COLUMNS FROM `xs_class` [ RunTime:0.011704s ]
SQL: SELECT * FROM `xs_class`  [ RunTime:0.000516s ]
SQL: SHOW COLUMNS FROM `xs_novel` [ RunTime:0.006740s ]
SQL: SELECT `novelname`,`novelauthor` FROM `xs_novel` ORDER BY rand() limit 5  [ RunTime:0.002488s ]
SQL: SELECT * FROM `xs_site` WHERE ( `id` = 1 ) LIMIT 1   [ RunTime:0.000320s ]
SQL: SHOW COLUMNS FROM `xs_links` [ RunTime:0.007555s ]
SQL: SELECT * FROM `xs_links` ORDER BY linkweight desc  [ RunTime:0.000184s ]
SQL: SELECT * FROM `xs_novel` ORDER BY tuitime desc limit 6  [ RunTime:0.000197s ]
SQL: SELECT `id`,`novel_cid`,`novelname`,`novelpy`,`novelauthor`,`update_time` FROM `xs_novel` ORDER BY update_time desc limit 15  [ RunTime:0.000262s ]
SQL: SHOW COLUMNS FROM `xs_content` [ RunTime:0.006167s ]
SQL: SELECT * FROM `xs_class`  [ RunTime:0.000201s ]
SQL: SELECT * FROM `xs_content` WHERE ( `con_nid` = 2 ) ORDER BY id desc limit 1  [ RunTime:0.001270s ]
SQL: SELECT * FROM `xs_class`  [ RunTime:0.000200s ]
SQL: SELECT * FROM `xs_content` WHERE ( `con_nid` = 1 ) ORDER BY id desc limit 1  [ RunTime:0.038973s ]
INFO: [ view_template ] --START--
INFO: Run LocationTemplate Behavior [ RunTime:0.011624s ]
INFO: [ view_template ] --END-- [ RunTime:0.011702s ]
INFO: [ view_parse ] --START--
INFO: Run ParseTemplate Behavior [ RunTime:0.143251s ]
INFO: [ view_parse ] --END-- [ RunTime:0.143325s ]
INFO: [ view_filter ] --START--
INFO: Run ContentReplace Behavior [ RunTime:0.006870s ]
INFO: Run TokenBuild Behavior [ RunTime:0.009637s ]
INFO: Run WriteHtmlCache Behavior [ RunTime:0.000772s ]
INFO: Run ShowRuntime Behavior [ RunTime:0.000911s ]
INFO: [ view_filter ] --END-- [ RunTime:0.018393s ]
INFO: [ view_end ] --START--
INFO: Run ShowPageTrace Behavior [ RunTime:0.008534s ]
INFO: [ view_end ] --END-- [ RunTime:0.008602s ]

[ 2015-07-28T16:14:37+08:00 ] ERR: (ThinkException) 无法加载模块:Public
[ 2015-07-28T16:14:38+08:00 ] ERR: (ThinkException) 无法加载模块:Favicon
[ 2015-07-28T16:16:28+08:00 ] ERR: (ThinkException) 无法加载模块:Favicon
[ 2015-07-28T16:16:36+08:00 ] ERR: (ThinkException) 无法加载模块:Favicon
[ 2015-07-28T16:16:52+08:00 ] 127.0.0.1 /xiuzhenxiaoshuo/
INFO: [ route_check ] --START--
INFO: Run CheckRoute Behavior [ RunTime:0.000896s ]
INFO: [ route_check ] --END-- [ RunTime:0.000990s ]
INFO: [ app_begin ] --START--
INFO: Run ReadHtmlCache Behavior [ RunTime:0.000598s ]
INFO: [ app_begin ] --END-- [ RunTime:0.000645s ]
SQL: SHOW COLUMNS FROM `xs_site` [ RunTime:0.004550s ]
SQL: SELECT * FROM `xs_site` WHERE ( `id` = 1 ) LIMIT 1   [ RunTime:0.000318s ]
SQL: SHOW COLUMNS FROM `xs_class` [ RunTime:0.004405s ]
SQL: SELECT * FROM `xs_class`  [ RunTime:0.000254s ]
SQL: SHOW COLUMNS FROM `xs_novel` [ RunTime:0.004588s ]
SQL: SELECT `novelname`,`novelauthor` FROM `xs_novel` ORDER BY rand() limit 5  [ RunTime:0.000379s ]
SQL: SELECT * FROM `xs_site` WHERE ( `id` = 1 ) LIMIT 1   [ RunTime:0.000279s ]
SQL: SELECT * FROM `xs_class` WHERE ( `classpy` LIKE  "xiuzhenxiaoshuo" OR `id`='xiuzhenxiaoshuo' ) LIMIT 1   [ RunTime:0.000292s ]
SQL: SELECT COUNT(*) AS tp_count FROM `xs_novel` WHERE ( `novel_cid` = 2 ) LIMIT 1   [ RunTime:0.006395s ]
SQL: SELECT * FROM `xs_novel` WHERE ( `novel_cid` = 2 ) ORDER BY id desc LIMIT 0,9   [ RunTime:0.000539s ]
NOTIC: [2] Invalid argument supplied for foreach() D:\www\docs\xs.cn\home\Lib\Action\IndexAction.class.php 第 111 行.
NOTIC: [8] Undefined variable: tui D:\www\docs\xs.cn\home\Lib\Action\IndexAction.class.php 第 119 行.
INFO: [ view_template ] --START--
INFO: Run LocationTemplate Behavior [ RunTime:0.001668s ]
INFO: [ view_template ] --END-- [ RunTime:0.001771s ]
INFO: [ view_parse ] --START--
INFO: Run ParseTemplate Behavior [ RunTime:0.064134s ]
INFO: [ view_parse ] --END-- [ RunTime:0.064222s ]
INFO: [ view_filter ] --START--
INFO: Run ContentReplace Behavior [ RunTime:0.000512s ]
INFO: Run TokenBuild Behavior [ RunTime:0.000398s ]
INFO: Run WriteHtmlCache Behavior [ RunTime:0.000320s ]
INFO: Run ShowRuntime Behavior [ RunTime:0.000431s ]
INFO: [ view_filter ] --END-- [ RunTime:0.001770s ]
INFO: [ view_end ] --START--
INFO: Run ShowPageTrace Behavior [ RunTime:0.000487s ]
INFO: [ view_end ] --END-- [ RunTime:0.000522s ]

[ 2015-07-28T16:16:52+08:00 ] ERR: (ThinkException) 无法加载模块:Favicon
[ 2015-07-28T16:16:55+08:00 ] 127.0.0.1 /xuanhuanxiaoshuo/
INFO: [ route_check ] --START--
INFO: Run CheckRoute Behavior [ RunTime:0.000734s ]
INFO: [ route_check ] --END-- [ RunTime:0.000824s ]
INFO: [ app_begin ] --START--
INFO: Run ReadHtmlCache Behavior [ RunTime:0.000634s ]
INFO: [ app_begin ] --END-- [ RunTime:0.000691s ]
SQL: SHOW COLUMNS FROM `xs_site` [ RunTime:0.005989s ]
SQL: SELECT * FROM `xs_site` WHERE ( `id` = 1 ) LIMIT 1   [ RunTime:0.000395s ]
SQL: SHOW COLUMNS FROM `xs_class` [ RunTime:0.004863s ]
SQL: SELECT * FROM `xs_class`  [ RunTime:0.000195s ]
SQL: SHOW COLUMNS FROM `xs_novel` [ RunTime:0.003964s ]
SQL: SELECT `novelname`,`novelauthor` FROM `xs_novel` ORDER BY rand() limit 5  [ RunTime:0.000309s ]
SQL: SELECT * FROM `xs_site` WHERE ( `id` = 1 ) LIMIT 1   [ RunTime:0.000208s ]
SQL: SELECT * FROM `xs_class` WHERE ( `classpy` LIKE  "xuanhuanxiaoshuo" OR `id`='xuanhuanxiaoshuo' ) LIMIT 1   [ RunTime:0.000287s ]
SQL: SELECT COUNT(*) AS tp_count FROM `xs_novel` WHERE ( `novel_cid` = 1 ) LIMIT 1   [ RunTime:0.000564s ]
SQL: SELECT * FROM `xs_novel` WHERE ( `novel_cid` = 1 ) ORDER BY id desc LIMIT 0,9   [ RunTime:0.000455s ]
INFO: [ view_template ] --START--
INFO: Run LocationTemplate Behavior [ RunTime:0.001009s ]
INFO: [ view_template ] --END-- [ RunTime:0.001089s ]
INFO: [ view_parse ] --START--
INFO: Run ParseTemplate Behavior [ RunTime:0.020884s ]
INFO: [ view_parse ] --END-- [ RunTime:0.020964s ]
INFO: [ view_filter ] --START--
INFO: Run ContentReplace Behavior [ RunTime:0.000404s ]
INFO: Run TokenBuild Behavior [ RunTime:0.000345s ]
INFO: Run WriteHtmlCache Behavior [ RunTime:0.000286s ]
INFO: Run ShowRuntime Behavior [ RunTime:0.000382s ]
INFO: [ view_filter ] --END-- [ RunTime:0.001527s ]
INFO: [ view_end ] --START--
INFO: Run ShowPageTrace Behavior [ RunTime:0.000448s ]
INFO: [ view_end ] --END-- [ RunTime:0.000484s ]

[ 2015-07-28T16:16:55+08:00 ] ERR: (ThinkException) 无法加载模块:Favicon
[ 2015-07-28T16:16:55+08:00 ] 127.0.0.1 /
INFO: [ app_begin ] --START--
INFO: Run ReadHtmlCache Behavior [ RunTime:0.000461s ]
INFO: [ app_begin ] --END-- [ RunTime:0.000533s ]
SQL: SHOW COLUMNS FROM `xs_site` [ RunTime:0.006277s ]
SQL: SELECT * FROM `xs_site` WHERE ( `id` = 1 ) LIMIT 1   [ RunTime:0.000395s ]
SQL: SHOW COLUMNS FROM `xs_class` [ RunTime:0.006651s ]
SQL: SELECT * FROM `xs_class`  [ RunTime:0.000423s ]
SQL: SHOW COLUMNS FROM `xs_novel` [ RunTime:0.007385s ]
SQL: SELECT `novelname`,`novelauthor` FROM `xs_novel` ORDER BY rand() limit 5  [ RunTime:0.000585s ]
SQL: SELECT * FROM `xs_site` WHERE ( `id` = 1 ) LIMIT 1   [ RunTime:0.000325s ]
SQL: SHOW COLUMNS FROM `xs_links` [ RunTime:0.006821s ]
SQL: SELECT * FROM `xs_links` ORDER BY linkweight desc  [ RunTime:0.000305s ]
SQL: SELECT * FROM `xs_novel` ORDER BY tuitime desc limit 6  [ RunTime:0.000349s ]
SQL: SELECT `id`,`novel_cid`,`novelname`,`novelpy`,`novelauthor`,`update_time` FROM `xs_novel` ORDER BY update_time desc limit 15  [ RunTime:0.000240s ]
SQL: SHOW COLUMNS FROM `xs_content` [ RunTime:0.005619s ]
SQL: SELECT * FROM `xs_class`  [ RunTime:0.000215s ]
SQL: SELECT * FROM `xs_content` WHERE ( `con_nid` = 2 ) ORDER BY id desc limit 1  [ RunTime:0.000210s ]
SQL: SELECT * FROM `xs_class`  [ RunTime:0.000122s ]
SQL: SELECT * FROM `xs_content` WHERE ( `con_nid` = 1 ) ORDER BY id desc limit 1  [ RunTime:0.000806s ]
INFO: [ view_template ] --START--
INFO: Run LocationTemplate Behavior [ RunTime:0.000584s ]
INFO: [ view_template ] --END-- [ RunTime:0.000626s ]
INFO: [ view_parse ] --START--
INFO: Run ParseTemplate Behavior [ RunTime:0.023727s ]
INFO: [ view_parse ] --END-- [ RunTime:0.023791s ]
INFO: [ view_filter ] --START--
INFO: Run ContentReplace Behavior [ RunTime:0.000432s ]
INFO: Run TokenBuild Behavior [ RunTime:0.000359s ]
INFO: Run WriteHtmlCache Behavior [ RunTime:0.000270s ]
INFO: Run ShowRuntime Behavior [ RunTime:0.000384s ]
INFO: [ view_filter ] --END-- [ RunTime:0.001560s ]
INFO: [ view_end ] --START--
INFO: Run ShowPageTrace Behavior [ RunTime:0.000435s ]
INFO: [ view_end ] --END-- [ RunTime:0.000473s ]

[ 2015-07-28T16:16:55+08:00 ] ERR: (ThinkException) 无法加载模块:Favicon
[ 2015-07-28T16:17:00+08:00 ] 127.0.0.1 /search/keyword/%E8%B4%BC%E7%9C%89%E9%BC%A0%E7%9C%BC
INFO: [ route_check ] --START--
INFO: Run CheckRoute Behavior [ RunTime:0.000954s ]
INFO: [ route_check ] --END-- [ RunTime:0.001065s ]
INFO: [ app_begin ] --START--
INFO: Run ReadHtmlCache Behavior [ RunTime:0.000545s ]
INFO: [ app_begin ] --END-- [ RunTime:0.000591s ]
SQL: SHOW COLUMNS FROM `xs_site` [ RunTime:0.004451s ]
SQL: SELECT * FROM `xs_site` WHERE ( `id` = 1 ) LIMIT 1   [ RunTime:0.000332s ]
SQL: SHOW COLUMNS FROM `xs_class` [ RunTime:0.003965s ]
SQL: SELECT * FROM `xs_class`  [ RunTime:0.000214s ]
SQL: SHOW COLUMNS FROM `xs_novel` [ RunTime:0.004474s ]
SQL: SELECT `novelname`,`novelauthor` FROM `xs_novel` ORDER BY rand() limit 5  [ RunTime:0.000386s ]
SQL: SELECT * FROM `xs_site` WHERE ( `id` = 1 ) LIMIT 1   [ RunTime:0.000249s ]
SQL: SELECT * FROM `xs_novel` WHERE ( `novelname` LIKE  "%贼眉鼠眼%" OR `novelauthor` LIKE "%贼眉鼠眼%" )  [ RunTime:0.000192s ]
INFO: [ view_template ] --START--
INFO: Run LocationTemplate Behavior [ RunTime:0.000695s ]
INFO: [ view_template ] --END-- [ RunTime:0.000740s ]
INFO: [ view_parse ] --START--
NOTIC: [8] Undefined variable: classinfo D:\www\docs\xs.cn\home\Runtime\Cache\4bf87ee03d1dfe925728a240a7064ed3.php 第 25 行.
NOTIC: [8] Undefined variable: classinfo D:\www\docs\xs.cn\home\Runtime\Cache\4bf87ee03d1dfe925728a240a7064ed3.php 第 25 行.
NOTIC: [8] Undefined variable: classinfo D:\www\docs\xs.cn\home\Runtime\Cache\4bf87ee03d1dfe925728a240a7064ed3.php 第 25 行.
NOTIC: [8] Undefined variable: classinfo D:\www\docs\xs.cn\home\Runtime\Cache\4bf87ee03d1dfe925728a240a7064ed3.php 第 25 行.
NOTIC: [8] Undefined variable: classinfo D:\www\docs\xs.cn\home\Runtime\Cache\4bf87ee03d1dfe925728a240a7064ed3.php 第 25 行.
NOTIC: [8] Undefined variable: classinfo D:\www\docs\xs.cn\home\Runtime\Cache\4bf87ee03d1dfe925728a240a7064ed3.php 第 25 行.
NOTIC: [8] Undefined variable: classinfo D:\www\docs\xs.cn\home\Runtime\Cache\4bf87ee03d1dfe925728a240a7064ed3.php 第 25 行.
NOTIC: [8] Undefined variable: pageshow D:\www\docs\xs.cn\home\Runtime\Cache\4bf87ee03d1dfe925728a240a7064ed3.php 第 111 行.
INFO: Run ParseTemplate Behavior [ RunTime:0.053801s ]
INFO: [ view_parse ] --END-- [ RunTime:0.053847s ]
INFO: [ view_filter ] --START--
INFO: Run ContentReplace Behavior [ RunTime:0.000476s ]
INFO: Run TokenBuild Behavior [ RunTime:0.000472s ]
INFO: Run WriteHtmlCache Behavior [ RunTime:0.000351s ]
INFO: Run ShowRuntime Behavior [ RunTime:0.000479s ]
INFO: [ view_filter ] --END-- [ RunTime:0.001896s ]
INFO: [ view_end ] --START--
INFO: Run ShowPageTrace Behavior [ RunTime:0.000511s ]
INFO: [ view_end ] --END-- [ RunTime:0.000552s ]

[ 2015-07-28T16:17:00+08:00 ] ERR: (ThinkException) 无法加载模块:Favicon
[ 2015-07-28T16:17:03+08:00 ] ERR: (ThinkException) 无法加载模块:Favicon
[ 2015-07-28T16:17:23+08:00 ] 127.0.0.1 /index.php?g=admin
INFO: [ app_begin ] --START--
INFO: Run ReadHtmlCache Behavior [ RunTime:0.000558s ]
INFO: [ app_begin ] --END-- [ RunTime:0.000635s ]
SQL: SHOW COLUMNS FROM `xs_site` [ RunTime:0.004789s ]
SQL: SELECT * FROM `xs_site` WHERE ( `id` = 1 ) LIMIT 1   [ RunTime:0.000328s ]
SQL: SHOW COLUMNS FROM `xs_class` [ RunTime:0.004432s ]
SQL: SELECT * FROM `xs_class`  [ RunTime:0.000252s ]
SQL: SHOW COLUMNS FROM `xs_novel` [ RunTime:0.005174s ]
SQL: SELECT `novelname`,`novelauthor` FROM `xs_novel` ORDER BY rand() limit 5  [ RunTime:0.000361s ]
SQL: SELECT * FROM `xs_site` WHERE ( `id` = 1 ) LIMIT 1   [ RunTime:0.000217s ]
SQL: SHOW COLUMNS FROM `xs_links` [ RunTime:0.004448s ]
SQL: SELECT * FROM `xs_links` ORDER BY linkweight desc  [ RunTime:0.000209s ]
SQL: SELECT * FROM `xs_novel` ORDER BY tuitime desc limit 6  [ RunTime:0.000248s ]
SQL: SELECT `id`,`novel_cid`,`novelname`,`novelpy`,`novelauthor`,`update_time` FROM `xs_novel` ORDER BY update_time desc limit 15  [ RunTime:0.000200s ]
SQL: SHOW COLUMNS FROM `xs_content` [ RunTime:0.004453s ]
SQL: SELECT * FROM `xs_class`  [ RunTime:0.000238s ]
SQL: SELECT * FROM `xs_content` WHERE ( `con_nid` = 2 ) ORDER BY id desc limit 1  [ RunTime:0.000326s ]
SQL: SELECT * FROM `xs_class`  [ RunTime:0.000232s ]
SQL: SELECT * FROM `xs_content` WHERE ( `con_nid` = 1 ) ORDER BY id desc limit 1  [ RunTime:0.000889s ]
INFO: [ view_template ] --START--
INFO: Run LocationTemplate Behavior [ RunTime:0.000717s ]
INFO: [ view_template ] --END-- [ RunTime:0.000763s ]
INFO: [ view_parse ] --START--
INFO: Run ParseTemplate Behavior [ RunTime:0.013415s ]
INFO: [ view_parse ] --END-- [ RunTime:0.013476s ]
INFO: [ view_filter ] --START--
INFO: Run ContentReplace Behavior [ RunTime:0.000495s ]
INFO: Run TokenBuild Behavior [ RunTime:0.000400s ]
INFO: Run WriteHtmlCache Behavior [ RunTime:0.000321s ]
INFO: Run ShowRuntime Behavior [ RunTime:0.000447s ]
INFO: [ view_filter ] --END-- [ RunTime:0.001775s ]
INFO: [ view_end ] --START--
INFO: Run ShowPageTrace Behavior [ RunTime:0.000496s ]
INFO: [ view_end ] --END-- [ RunTime:0.000534s ]

[ 2015-07-28T16:17:23+08:00 ] ERR: (ThinkException) 无法加载模块:Public
[ 2015-07-28T16:17:23+08:00 ] ERR: (ThinkException) 无法加载模块:Favicon
[ 2015-07-28T16:17:46+08:00 ] ERR: (ThinkException) 无法加载模块:Admin
[ 2015-07-28T16:17:46+08:00 ] ERR: (ThinkException) 无法加载模块:Favicon
[ 2015-07-28T16:17:58+08:00 ] ERR: (ThinkException) 非法操作:admin
[ 2015-07-28T16:17:58+08:00 ] ERR: (ThinkException) 无法加载模块:Favicon
[ 2015-07-28T16:20:24+08:00 ] ERR: (ThinkException) 无法加载模块:Favicon
[ 2015-07-28T16:20:28+08:00 ] ERR: (ThinkException) 无法加载模块:Favicon
[ 2015-07-28T16:20:35+08:00 ] ERR: (ThinkException) 无法加载模块:Favicon
[ 2015-07-28T16:20:37+08:00 ] ERR: (ThinkException) 无法加载模块:Favicon
[ 2015-07-28T16:20:42+08:00 ] ERR: (ThinkException) 无法加载模块:Favicon
[ 2015-07-28T16:20:43+08:00 ] ERR: (ThinkException) 无法加载模块:Favicon
[ 2015-07-28T16:20:45+08:00 ] ERR: (ThinkException) 无法加载模块:Favicon
[ 2015-07-28T16:20:47+08:00 ] ERR: (ThinkException) 无法加载模块:Favicon
[ 2015-07-28T16:23:15+08:00 ] ERR: (ThinkException) 无法加载模块:Favicon
[ 2015-07-28T16:23:17+08:00 ] ERR: (ThinkException) 无法加载模块:Favicon
[ 2015-07-28T16:23:30+08:00 ] ERR: (ThinkException) 无法加载模块:Favicon
[ 2015-07-28T16:23:32+08:00 ] ERR: (ThinkException) 无法加载模块:Favicon
[ 2015-07-28T16:23:33+08:00 ] ERR: (ThinkException) 无法加载模块:Favicon
[ 2015-07-28T16:23:34+08:00 ] ERR: (ThinkException) 无法加载模块:Favicon
[ 2015-07-28T16:23:34+08:00 ] ERR: (ThinkException) 无法加载模块:Favicon
[ 2015-07-28T16:23:35+08:00 ] ERR: (ThinkException) 无法加载模块:Favicon
[ 2015-07-28T16:23:37+08:00 ] ERR: (ThinkException) 无法加载模块:Favicon
[ 2015-07-28T16:23:44+08:00 ] ERR: (ThinkException) 无法加载模块:Favicon
[ 2015-07-28T16:23:46+08:00 ] ERR: (ThinkException) 无法加载模块:Favicon
[ 2015-07-28T16:23:51+08:00 ] ERR: (ThinkException) 无法加载模块:Favicon
[ 2015-07-28T16:24:02+08:00 ] ERR: (ThinkException) 无法加载模块:Favicon
[ 2015-07-28T16:35:39+08:00 ] ERR: (ThinkException) 无法加载模块:Favicon
[ 2015-07-28T16:35:55+08:00 ] 127.0.0.1 /
INFO: [ app_begin ] --START--
INFO: Run ReadHtmlCache Behavior [ RunTime:0.000478s ]
INFO: [ app_begin ] --END-- [ RunTime:0.000557s ]
SQL: SHOW COLUMNS FROM `xs_site` [ RunTime:0.005754s ]
SQL: SELECT * FROM `xs_site` WHERE ( `id` = 1 ) LIMIT 1   [ RunTime:0.000486s ]
SQL: SHOW COLUMNS FROM `xs_class` [ RunTime:0.005075s ]
SQL: SELECT * FROM `xs_class`  [ RunTime:0.000354s ]
SQL: SHOW COLUMNS FROM `xs_novel` [ RunTime:0.006706s ]
SQL: SELECT `novelname`,`novelauthor` FROM `xs_novel` ORDER BY rand() limit 5  [ RunTime:0.001304s ]
SQL: SELECT * FROM `xs_site` WHERE ( `id` = 1 ) LIMIT 1   [ RunTime:0.000916s ]
SQL: SHOW COLUMNS FROM `xs_links` [ RunTime:0.009860s ]
SQL: SELECT * FROM `xs_links` ORDER BY linkweight desc  [ RunTime:0.000271s ]
SQL: SELECT * FROM `xs_novel` ORDER BY tuitime desc limit 6  [ RunTime:0.000263s ]
SQL: SELECT `id`,`novel_cid`,`novelname`,`novelpy`,`novelauthor`,`update_time` FROM `xs_novel` ORDER BY update_time desc limit 15  [ RunTime:0.000236s ]
SQL: SHOW COLUMNS FROM `xs_content` [ RunTime:0.004847s ]
SQL: SELECT * FROM `xs_class`  [ RunTime:0.000367s ]
SQL: SELECT * FROM `xs_content` WHERE ( `con_nid` = 2 ) ORDER BY id desc limit 1  [ RunTime:0.000705s ]
SQL: SELECT * FROM `xs_class`  [ RunTime:0.000324s ]
SQL: SELECT * FROM `xs_content` WHERE ( `con_nid` = 1 ) ORDER BY id desc limit 1  [ RunTime:0.001772s ]
INFO: [ view_template ] --START--
INFO: Run LocationTemplate Behavior [ RunTime:0.000825s ]
INFO: [ view_template ] --END-- [ RunTime:0.000887s ]
INFO: [ view_parse ] --START--
INFO: Run ParseTemplate Behavior [ RunTime:0.014981s ]
INFO: [ view_parse ] --END-- [ RunTime:0.015081s ]
INFO: [ view_filter ] --START--
INFO: Run ContentReplace Behavior [ RunTime:0.000720s ]
INFO: Run TokenBuild Behavior [ RunTime:0.000440s ]
INFO: Run WriteHtmlCache Behavior [ RunTime:0.000504s ]
INFO: Run ShowRuntime Behavior [ RunTime:0.000757s ]
INFO: [ view_filter ] --END-- [ RunTime:0.002629s ]
INFO: [ view_end ] --START--
INFO: Run ShowPageTrace Behavior [ RunTime:0.000879s ]
INFO: [ view_end ] --END-- [ RunTime:0.000960s ]

[ 2015-07-28T16:35:55+08:00 ] ERR: (ThinkException) 无法加载模块:Public
[ 2015-07-28T16:35:55+08:00 ] ERR: (ThinkException) 无法加载模块:Favicon
[ 2015-07-28T16:36:05+08:00 ] ERR: (ThinkException) 无法加载模块:Favicon
[ 2015-07-28T16:36:09+08:00 ] ERR: (ThinkException) 无法加载模块:Favicon
[ 2015-07-28T16:37:02+08:00 ] ERR: (ThinkException) 无法加载模块:User-login
[ 2015-07-28T16:37:03+08:00 ] ERR: (ThinkException) 无法加载模块:Favicon
[ 2015-07-28T16:37:05+08:00 ] 127.0.0.1 /
INFO: [ app_begin ] --START--
INFO: Run ReadHtmlCache Behavior [ RunTime:0.001050s ]
INFO: [ app_begin ] --END-- [ RunTime:0.001199s ]
SQL: SHOW COLUMNS FROM `xs_site` [ RunTime:0.005980s ]
SQL: SELECT * FROM `xs_site` WHERE ( `id` = 1 ) LIMIT 1   [ RunTime:0.000935s ]
SQL: SHOW COLUMNS FROM `xs_class` [ RunTime:0.009532s ]
SQL: SELECT * FROM `xs_class`  [ RunTime:0.000292s ]
SQL: SHOW COLUMNS FROM `xs_novel` [ RunTime:0.004289s ]
SQL: SELECT `novelname`,`novelauthor` FROM `xs_novel` ORDER BY rand() limit 5  [ RunTime:0.000314s ]
SQL: SELECT * FROM `xs_site` WHERE ( `id` = 1 ) LIMIT 1   [ RunTime:0.000186s ]
SQL: SHOW COLUMNS FROM `xs_links` [ RunTime:0.004042s ]
SQL: SELECT * FROM `xs_links` ORDER BY linkweight desc  [ RunTime:0.000252s ]
SQL: SELECT * FROM `xs_novel` ORDER BY tuitime desc limit 6  [ RunTime:0.000241s ]
SQL: SELECT `id`,`novel_cid`,`novelname`,`novelpy`,`novelauthor`,`update_time` FROM `xs_novel` ORDER BY update_time desc limit 15  [ RunTime:0.000196s ]
SQL: SHOW COLUMNS FROM `xs_content` [ RunTime:0.004701s ]
SQL: SELECT * FROM `xs_class`  [ RunTime:0.000191s ]
SQL: SELECT * FROM `xs_content` WHERE ( `con_nid` = 2 ) ORDER BY id desc limit 1  [ RunTime:0.000203s ]
SQL: SELECT * FROM `xs_class`  [ RunTime:0.000148s ]
SQL: SELECT * FROM `xs_content` WHERE ( `con_nid` = 1 ) ORDER BY id desc limit 1  [ RunTime:0.000804s ]
INFO: [ view_template ] --START--
INFO: Run LocationTemplate Behavior [ RunTime:0.000585s ]
INFO: [ view_template ] --END-- [ RunTime:0.000629s ]
INFO: [ view_parse ] --START--
INFO: Run ParseTemplate Behavior [ RunTime:0.012567s ]
INFO: [ view_parse ] --END-- [ RunTime:0.012634s ]
INFO: [ view_filter ] --START--
INFO: Run ContentReplace Behavior [ RunTime:0.000440s ]
INFO: Run TokenBuild Behavior [ RunTime:0.000422s ]
INFO: Run WriteHtmlCache Behavior [ RunTime:0.000281s ]
INFO: Run ShowRuntime Behavior [ RunTime:0.000400s ]
INFO: [ view_filter ] --END-- [ RunTime:0.001659s ]
INFO: [ view_end ] --START--
INFO: Run ShowPageTrace Behavior [ RunTime:0.000439s ]
INFO: [ view_end ] --END-- [ RunTime:0.000478s ]

[ 2015-07-28T16:37:05+08:00 ] ERR: (ThinkException) 无法加载模块:Public
[ 2015-07-28T16:37:06+08:00 ] ERR: (ThinkException) 无法加载模块:Favicon
[ 2015-07-28T16:47:34+08:00 ] ERR: (ThinkException) 无法加载模块:Public
[ 2015-07-28T16:47:40+08:00 ] 127.0.0.1 /book/zhenguanxianren/
INFO: [ route_check ] --START--
INFO: Run CheckRoute Behavior [ RunTime:0.000733s ]
INFO: [ route_check ] --END-- [ RunTime:0.000822s ]
INFO: [ app_begin ] --START--
INFO: Run ReadHtmlCache Behavior [ RunTime:0.000611s ]
INFO: [ app_begin ] --END-- [ RunTime:0.000669s ]
SQL: SHOW COLUMNS FROM `xs_site` [ RunTime:0.005051s ]
SQL: SELECT * FROM `xs_site` WHERE ( `id` = 1 ) LIMIT 1   [ RunTime:0.001416s ]
SQL: SHOW COLUMNS FROM `xs_class` [ RunTime:0.006081s ]
SQL: SELECT * FROM `xs_class`  [ RunTime:0.000294s ]
SQL: SHOW COLUMNS FROM `xs_novel` [ RunTime:0.004575s ]
SQL: SELECT `novelname`,`novelauthor` FROM `xs_novel` ORDER BY rand() limit 5  [ RunTime:0.000319s ]
SQL: SELECT * FROM `xs_site` WHERE ( `id` = 1 ) LIMIT 1   [ RunTime:0.000187s ]
SQL: SELECT * FROM `xs_novel` WHERE ( `novelpy` LIKE  "zhenguanxianren" OR `id`='zhenguanxianren' ) LIMIT 1   [ RunTime:0.000187s ]
SQL: SELECT * FROM `xs_class` WHERE ( `id` = 3 ) LIMIT 1   [ RunTime:0.000137s ]
SQL: SHOW COLUMNS FROM `xs_vol` [ RunTime:0.004761s ]
SQL: SELECT * FROM `xs_vol` WHERE ( `vol_nid` = 2 )  [ RunTime:0.000239s ]
SQL: SHOW COLUMNS FROM `xs_content` [ RunTime:0.004531s ]
SQL: SELECT `id`,`con_name`,`con_namepy` FROM `xs_content` WHERE ( con_nid=2 ) ORDER BY id desc limit 9  [ RunTime:0.000316s ]
SQL: SELECT `id`,`con_name`,`con_namepy` FROM `xs_content` WHERE ( `con_vid` = 2 ) AND ( `con_nid` = 2 )  [ RunTime:0.001850s ]
INFO: [ view_template ] --START--
INFO: Run LocationTemplate Behavior [ RunTime:0.000705s ]
INFO: [ view_template ] --END-- [ RunTime:0.000767s ]
INFO: [ view_parse ] --START--
INFO: Run ParseTemplate Behavior [ RunTime:0.086860s ]
INFO: [ view_parse ] --END-- [ RunTime:0.086946s ]
INFO: [ view_filter ] --START--
INFO: Run ContentReplace Behavior [ RunTime:0.001027s ]
INFO: Run TokenBuild Behavior [ RunTime:0.000764s ]
INFO: Run WriteHtmlCache Behavior [ RunTime:0.000577s ]
INFO: Run ShowRuntime Behavior [ RunTime:0.000774s ]
INFO: [ view_filter ] --END-- [ RunTime:0.003350s ]
INFO: [ view_end ] --START--
INFO: Run ShowPageTrace Behavior [ RunTime:0.000730s ]
INFO: [ view_end ] --END-- [ RunTime:0.000784s ]

[ 2015-07-28T16:47:41+08:00 ] ERR: (ThinkException) 无法加载模块:Favicon
[ 2015-07-28T16:47:42+08:00 ] ERR: (ThinkException) 无法加载模块:Public
[ 2015-07-28T16:47:49+08:00 ] 127.0.0.1 /
INFO: [ app_begin ] --START--
INFO: Run ReadHtmlCache Behavior [ RunTime:0.000854s ]
INFO: [ app_begin ] --END-- [ RunTime:0.000940s ]
SQL: SHOW COLUMNS FROM `xs_site` [ RunTime:0.005761s ]
SQL: SELECT * FROM `xs_site` WHERE ( `id` = 1 ) LIMIT 1   [ RunTime:0.000326s ]
SQL: SHOW COLUMNS FROM `xs_class` [ RunTime:0.005952s ]
SQL: SELECT * FROM `xs_class`  [ RunTime:0.000372s ]
SQL: SHOW COLUMNS FROM `xs_novel` [ RunTime:0.006924s ]
SQL: SELECT `novelname`,`novelauthor` FROM `xs_novel` ORDER BY rand() limit 5  [ RunTime:0.000946s ]
SQL: SELECT * FROM `xs_site` WHERE ( `id` = 1 ) LIMIT 1   [ RunTime:0.000755s ]
SQL: SHOW COLUMNS FROM `xs_links` [ RunTime:0.006936s ]
SQL: SELECT * FROM `xs_links` ORDER BY linkweight desc  [ RunTime:0.000216s ]
SQL: SELECT * FROM `xs_novel` ORDER BY tuitime desc limit 6  [ RunTime:0.000379s ]
SQL: SELECT `id`,`novel_cid`,`novelname`,`novelpy`,`novelauthor`,`update_time` FROM `xs_novel` ORDER BY update_time desc limit 15  [ RunTime:0.000476s ]
SQL: SHOW COLUMNS FROM `xs_content` [ RunTime:0.005125s ]
SQL: SELECT * FROM `xs_class`  [ RunTime:0.000202s ]
SQL: SELECT * FROM `xs_content` WHERE ( `con_nid` = 2 ) ORDER BY id desc limit 1  [ RunTime:0.000226s ]
SQL: SELECT * FROM `xs_class`  [ RunTime:0.000127s ]
SQL: SELECT * FROM `xs_content` WHERE ( `con_nid` = 1 ) ORDER BY id desc limit 1  [ RunTime:0.000872s ]
INFO: [ view_template ] --START--
INFO: Run LocationTemplate Behavior [ RunTime:0.000610s ]
INFO: [ view_template ] --END-- [ RunTime:0.000658s ]
INFO: [ view_parse ] --START--
INFO: Run ParseTemplate Behavior [ RunTime:0.013812s ]
INFO: [ view_parse ] --END-- [ RunTime:0.013874s ]
INFO: [ view_filter ] --START--
INFO: Run ContentReplace Behavior [ RunTime:0.000420s ]
INFO: Run TokenBuild Behavior [ RunTime:0.000345s ]
INFO: Run WriteHtmlCache Behavior [ RunTime:0.000281s ]
INFO: Run ShowRuntime Behavior [ RunTime:0.000379s ]
INFO: [ view_filter ] --END-- [ RunTime:0.001537s ]
INFO: [ view_end ] --START--
INFO: Run ShowPageTrace Behavior [ RunTime:0.000432s ]
INFO: [ view_end ] --END-- [ RunTime:0.000469s ]

[ 2015-07-28T16:47:49+08:00 ] ERR: (ThinkException) 无法加载模块:Public
[ 2015-07-28T16:47:49+08:00 ] ERR: (ThinkException) 无法加载模块:Favicon
[ 2015-07-28T16:47:54+08:00 ] 127.0.0.1 /
INFO: [ app_begin ] --START--
INFO: Run ReadHtmlCache Behavior [ RunTime:0.000876s ]
INFO: [ app_begin ] --END-- [ RunTime:0.001041s ]
SQL: SHOW COLUMNS FROM `xs_site` [ RunTime:0.012699s ]
SQL: SELECT * FROM `xs_site` WHERE ( `id` = 1 ) LIMIT 1   [ RunTime:0.000550s ]
SQL: SHOW COLUMNS FROM `xs_class` [ RunTime:0.006011s ]
SQL: SELECT * FROM `xs_class`  [ RunTime:0.000199s ]
SQL: SHOW COLUMNS FROM `xs_novel` [ RunTime:0.004541s ]
SQL: SELECT `novelname`,`novelauthor` FROM `xs_novel` ORDER BY rand() limit 5  [ RunTime:0.001418s ]
SQL: SELECT * FROM `xs_site` WHERE ( `id` = 1 ) LIMIT 1   [ RunTime:0.000282s ]
SQL: SHOW COLUMNS FROM `xs_links` [ RunTime:0.005908s ]
SQL: SELECT * FROM `xs_links` ORDER BY linkweight desc  [ RunTime:0.000169s ]
SQL: SELECT * FROM `xs_novel` ORDER BY tuitime desc limit 6  [ RunTime:0.000190s ]
SQL: SELECT `id`,`novel_cid`,`novelname`,`novelpy`,`novelauthor`,`update_time` FROM `xs_novel` ORDER BY update_time desc limit 15  [ RunTime:0.000138s ]
SQL: SHOW COLUMNS FROM `xs_content` [ RunTime:0.004293s ]
SQL: SELECT * FROM `xs_class`  [ RunTime:0.000204s ]
SQL: SELECT * FROM `xs_content` WHERE ( `con_nid` = 2 ) ORDER BY id desc limit 1  [ RunTime:0.000206s ]
SQL: SELECT * FROM `xs_class`  [ RunTime:0.000119s ]
SQL: SELECT * FROM `xs_content` WHERE ( `con_nid` = 1 ) ORDER BY id desc limit 1  [ RunTime:0.000781s ]
INFO: [ view_template ] --START--
INFO: Run LocationTemplate Behavior [ RunTime:0.000690s ]
INFO: [ view_template ] --END-- [ RunTime:0.000754s ]
INFO: [ view_parse ] --START--
INFO: Run ParseTemplate Behavior [ RunTime:0.015670s ]
INFO: [ view_parse ] --END-- [ RunTime:0.015740s ]
INFO: [ view_filter ] --START--
INFO: Run ContentReplace Behavior [ RunTime:0.000466s ]
INFO: Run TokenBuild Behavior [ RunTime:0.000386s ]
INFO: Run WriteHtmlCache Behavior [ RunTime:0.000449s ]
INFO: Run ShowRuntime Behavior [ RunTime:0.000683s ]
INFO: [ view_filter ] --END-- [ RunTime:0.002158s ]
INFO: [ view_end ] --START--
INFO: Run ShowPageTrace Behavior [ RunTime:0.000551s ]
INFO: [ view_end ] --END-- [ RunTime:0.000596s ]

[ 2015-07-28T16:47:55+08:00 ] ERR: (ThinkException) 无法加载模块:Public
[ 2015-07-28T16:47:55+08:00 ] ERR: (ThinkException) 无法加载模块:Favicon
[ 2015-07-28T16:51:14+08:00 ] ERR: (ThinkException) 无法加载模块:Favicon
