[ 2016-02-18T17:47:46+08:00 ] 127.0.0.1 /
INFO: [ app_begin ] --START--
INFO: Run ReadHtmlCache Behavior [ RunTime:0.001080s ]
INFO: [ app_begin ] --END-- [ RunTime:0.001199s ]
SQL: SHOW COLUMNS FROM `xs_site` [ RunTime:0.008378s ]
SQL: SELECT * FROM `xs_site` WHERE ( `id` = 1 ) LIMIT 1   [ RunTime:0.005309s ]
SQL: SHOW COLUMNS FROM `xs_class` [ RunTime:0.006182s ]
SQL: SELECT * FROM `xs_class`  [ RunTime:0.002735s ]
SQL: SHOW COLUMNS FROM `xs_novel` [ RunTime:0.007527s ]
SQL: SELECT `novelname`,`novelauthor` FROM `xs_novel` ORDER BY rand() limit 5  [ RunTime:0.000867s ]
SQL: SELECT * FROM `xs_site` WHERE ( `id` = 1 ) LIMIT 1   [ RunTime:0.000390s ]
SQL: SHOW COLUMNS FROM `xs_links` [ RunTime:0.006185s ]
SQL: SELECT * FROM `xs_links` ORDER BY linkweight desc  [ RunTime:0.005015s ]
SQL: SELECT * FROM `xs_novel` ORDER BY tuitime desc limit 6  [ RunTime:0.000844s ]
SQL: SELECT `id`,`novel_cid`,`novelname`,`novelpy`,`novelauthor`,`update_time` FROM `xs_novel` ORDER BY update_time desc limit 15  [ RunTime:0.000512s ]
SQL: SHOW COLUMNS FROM `xs_content` [ RunTime:0.006255s ]
SQL: SELECT * FROM `xs_class`  [ RunTime:0.001377s ]
SQL: SELECT * FROM `xs_content` WHERE ( `con_nid` = 2 ) ORDER BY id desc limit 1  [ RunTime:0.000635s ]
SQL: SELECT * FROM `xs_class`  [ RunTime:0.000663s ]
SQL: SELECT * FROM `xs_content` WHERE ( `con_nid` = 1 ) ORDER BY id desc limit 1  [ RunTime:0.005643s ]
INFO: [ view_template ] --START--
INFO: Run LocationTemplate Behavior [ RunTime:0.001240s ]
INFO: [ view_template ] --END-- [ RunTime:0.001331s ]
INFO: [ view_parse ] --START--
INFO: Run ParseTemplate Behavior [ RunTime:0.023042s ]
INFO: [ view_parse ] --END-- [ RunTime:0.023151s ]
INFO: [ view_filter ] --START--
INFO: Run ContentReplace Behavior [ RunTime:0.001138s ]
INFO: Run TokenBuild Behavior [ RunTime:0.000920s ]
INFO: Run WriteHtmlCache Behavior [ RunTime:0.000791s ]
INFO: Run ShowRuntime Behavior [ RunTime:0.001178s ]
INFO: [ view_filter ] --END-- [ RunTime:0.004320s ]
INFO: [ view_end ] --START--
INFO: Run ShowPageTrace Behavior [ RunTime:0.001267s ]
INFO: [ view_end ] --END-- [ RunTime:0.001356s ]

[ 2016-02-18T17:47:47+08:00 ] ERR: (ThinkException) 无法加载模块:Public
[ 2016-02-18T17:47:48+08:00 ] ERR: (ThinkException) 无法加载模块:Favicon
[ 2016-02-18T17:47:50+08:00 ] 127.0.0.1 /xiuzhenxiaoshuo/
INFO: [ route_check ] --START--
INFO: Run CheckRoute Behavior [ RunTime:0.001346s ]
INFO: [ route_check ] --END-- [ RunTime:0.001480s ]
INFO: [ app_begin ] --START--
INFO: Run ReadHtmlCache Behavior [ RunTime:0.000968s ]
INFO: [ app_begin ] --END-- [ RunTime:0.001071s ]
SQL: SHOW COLUMNS FROM `xs_site` [ RunTime:0.007345s ]
SQL: SELECT * FROM `xs_site` WHERE ( `id` = 1 ) LIMIT 1   [ RunTime:0.000504s ]
SQL: SHOW COLUMNS FROM `xs_class` [ RunTime:0.006717s ]
SQL: SELECT * FROM `xs_class`  [ RunTime:0.000387s ]
SQL: SHOW COLUMNS FROM `xs_novel` [ RunTime:0.006299s ]
SQL: SELECT `novelname`,`novelauthor` FROM `xs_novel` ORDER BY rand() limit 5  [ RunTime:0.000655s ]
SQL: SELECT * FROM `xs_site` WHERE ( `id` = 1 ) LIMIT 1   [ RunTime:0.000424s ]
SQL: SELECT * FROM `xs_class` WHERE ( `classpy` LIKE  "xiuzhenxiaoshuo" OR `id`='xiuzhenxiaoshuo' ) LIMIT 1   [ RunTime:0.000384s ]
SQL: SELECT COUNT(*) AS tp_count FROM `xs_novel` WHERE ( `novel_cid` = 2 ) LIMIT 1   [ RunTime:0.000502s ]
SQL: SELECT * FROM `xs_novel` WHERE ( `novel_cid` = 2 ) ORDER BY id desc LIMIT 0,9   [ RunTime:0.000453s ]
NOTIC: [2] Invalid argument supplied for foreach() D:\www\docs\xs.cn\home\Lib\Action\IndexAction.class.php 第 111 行.
NOTIC: [8] Undefined variable: tui D:\www\docs\xs.cn\home\Lib\Action\IndexAction.class.php 第 119 行.
INFO: [ view_template ] --START--
INFO: Run LocationTemplate Behavior [ RunTime:0.001256s ]
INFO: [ view_template ] --END-- [ RunTime:0.001338s ]
INFO: [ view_parse ] --START--
INFO: Run ParseTemplate Behavior [ RunTime:0.018301s ]
INFO: [ view_parse ] --END-- [ RunTime:0.018400s ]
INFO: [ view_filter ] --START--
INFO: Run ContentReplace Behavior [ RunTime:0.000626s ]
INFO: Run TokenBuild Behavior [ RunTime:0.000545s ]
INFO: Run WriteHtmlCache Behavior [ RunTime:0.000420s ]
INFO: Run ShowRuntime Behavior [ RunTime:0.000678s ]
INFO: [ view_filter ] --END-- [ RunTime:0.002468s ]
INFO: [ view_end ] --START--
INFO: Run ShowPageTrace Behavior [ RunTime:0.000915s ]
INFO: [ view_end ] --END-- [ RunTime:0.000987s ]

[ 2016-02-18T17:47:51+08:00 ] ERR: (ThinkException) 无法加载模块:Favicon
[ 2016-02-18T17:47:51+08:00 ] 127.0.0.1 /xuanhuanxiaoshuo/
INFO: [ route_check ] --START--
INFO: Run CheckRoute Behavior [ RunTime:0.000660s ]
INFO: [ route_check ] --END-- [ RunTime:0.000743s ]
INFO: [ app_begin ] --START--
INFO: Run ReadHtmlCache Behavior [ RunTime:0.000534s ]
INFO: [ app_begin ] --END-- [ RunTime:0.000596s ]
SQL: SHOW COLUMNS FROM `xs_site` [ RunTime:0.006541s ]
SQL: SELECT * FROM `xs_site` WHERE ( `id` = 1 ) LIMIT 1   [ RunTime:0.000396s ]
SQL: SHOW COLUMNS FROM `xs_class` [ RunTime:0.004100s ]
SQL: SELECT * FROM `xs_class`  [ RunTime:0.000838s ]
SQL: SHOW COLUMNS FROM `xs_novel` [ RunTime:0.003997s ]
SQL: SELECT `novelname`,`novelauthor` FROM `xs_novel` ORDER BY rand() limit 5  [ RunTime:0.000753s ]
SQL: SELECT * FROM `xs_site` WHERE ( `id` = 1 ) LIMIT 1   [ RunTime:0.000889s ]
SQL: SELECT * FROM `xs_class` WHERE ( `classpy` LIKE  "xuanhuanxiaoshuo" OR `id`='xuanhuanxiaoshuo' ) LIMIT 1   [ RunTime:0.000412s ]
SQL: SELECT COUNT(*) AS tp_count FROM `xs_novel` WHERE ( `novel_cid` = 1 ) LIMIT 1   [ RunTime:0.000356s ]
SQL: SELECT * FROM `xs_novel` WHERE ( `novel_cid` = 1 ) ORDER BY id desc LIMIT 0,9   [ RunTime:0.000575s ]
INFO: [ view_template ] --START--
INFO: Run LocationTemplate Behavior [ RunTime:0.000886s ]
INFO: [ view_template ] --END-- [ RunTime:0.000939s ]
INFO: [ view_parse ] --START--
INFO: Run ParseTemplate Behavior [ RunTime:0.013240s ]
INFO: [ view_parse ] --END-- [ RunTime:0.013326s ]
INFO: [ view_filter ] --START--
INFO: Run ContentReplace Behavior [ RunTime:0.000693s ]
INFO: Run TokenBuild Behavior [ RunTime:0.000426s ]
INFO: Run WriteHtmlCache Behavior [ RunTime:0.000296s ]
INFO: Run ShowRuntime Behavior [ RunTime:0.000400s ]
INFO: [ view_filter ] --END-- [ RunTime:0.001965s ]
INFO: [ view_end ] --START--
INFO: Run ShowPageTrace Behavior [ RunTime:0.000717s ]
INFO: [ view_end ] --END-- [ RunTime:0.000766s ]

[ 2016-02-18T17:47:52+08:00 ] ERR: (ThinkException) 无法加载模块:Favicon
[ 2016-02-18T17:47:54+08:00 ] 127.0.0.1 /dushixiaoshuo/
INFO: [ route_check ] --START--
INFO: Run CheckRoute Behavior [ RunTime:0.000939s ]
INFO: [ route_check ] --END-- [ RunTime:0.001064s ]
INFO: [ app_begin ] --START--
INFO: Run ReadHtmlCache Behavior [ RunTime:0.000744s ]
INFO: [ app_begin ] --END-- [ RunTime:0.000833s ]
SQL: SHOW COLUMNS FROM `xs_site` [ RunTime:0.007665s ]
SQL: SELECT * FROM `xs_site` WHERE ( `id` = 1 ) LIMIT 1   [ RunTime:0.000642s ]
SQL: SHOW COLUMNS FROM `xs_class` [ RunTime:0.006823s ]
SQL: SELECT * FROM `xs_class`  [ RunTime:0.000956s ]
SQL: SHOW COLUMNS FROM `xs_novel` [ RunTime:0.006247s ]
SQL: SELECT `novelname`,`novelauthor` FROM `xs_novel` ORDER BY rand() limit 5  [ RunTime:0.000515s ]
SQL: SELECT * FROM `xs_site` WHERE ( `id` = 1 ) LIMIT 1   [ RunTime:0.000378s ]
SQL: SELECT * FROM `xs_class` WHERE ( `classpy` LIKE  "dushixiaoshuo" OR `id`='dushixiaoshuo' ) LIMIT 1   [ RunTime:0.000334s ]
SQL: SELECT COUNT(*) AS tp_count FROM `xs_novel` WHERE ( `novel_cid` = 3 ) LIMIT 1   [ RunTime:0.000378s ]
SQL: SELECT * FROM `xs_novel` WHERE ( `novel_cid` = 3 ) ORDER BY id desc LIMIT 0,9   [ RunTime:0.000404s ]
INFO: [ view_template ] --START--
INFO: Run LocationTemplate Behavior [ RunTime:0.000940s ]
INFO: [ view_template ] --END-- [ RunTime:0.001017s ]
INFO: [ view_parse ] --START--
INFO: Run ParseTemplate Behavior [ RunTime:0.017411s ]
INFO: [ view_parse ] --END-- [ RunTime:0.017511s ]
INFO: [ view_filter ] --START--
INFO: Run ContentReplace Behavior [ RunTime:0.000657s ]
INFO: Run TokenBuild Behavior [ RunTime:0.000622s ]
INFO: Run WriteHtmlCache Behavior [ RunTime:0.000494s ]
INFO: Run ShowRuntime Behavior [ RunTime:0.000676s ]
INFO: [ view_filter ] --END-- [ RunTime:0.002677s ]
INFO: [ view_end ] --START--
INFO: Run ShowPageTrace Behavior [ RunTime:0.000817s ]
INFO: [ view_end ] --END-- [ RunTime:0.000892s ]

[ 2016-02-18T17:47:54+08:00 ] ERR: (ThinkException) 无法加载模块:Favicon
[ 2016-02-18T17:47:55+08:00 ] 127.0.0.1 /chuanyuexiaoshuo/
INFO: [ route_check ] --START--
INFO: Run CheckRoute Behavior [ RunTime:0.000944s ]
INFO: [ route_check ] --END-- [ RunTime:0.001093s ]
INFO: [ app_begin ] --START--
INFO: Run ReadHtmlCache Behavior [ RunTime:0.003192s ]
INFO: [ app_begin ] --END-- [ RunTime:0.003282s ]
SQL: SHOW COLUMNS FROM `xs_site` [ RunTime:0.006378s ]
SQL: SELECT * FROM `xs_site` WHERE ( `id` = 1 ) LIMIT 1   [ RunTime:0.000477s ]
SQL: SHOW COLUMNS FROM `xs_class` [ RunTime:0.007371s ]
SQL: SELECT * FROM `xs_class`  [ RunTime:0.014308s ]
SQL: SHOW COLUMNS FROM `xs_novel` [ RunTime:0.018156s ]
SQL: SELECT `novelname`,`novelauthor` FROM `xs_novel` ORDER BY rand() limit 5  [ RunTime:0.013230s ]
SQL: SELECT * FROM `xs_site` WHERE ( `id` = 1 ) LIMIT 1   [ RunTime:0.000451s ]
SQL: SELECT * FROM `xs_class` WHERE ( `classpy` LIKE  "chuanyuexiaoshuo" OR `id`='chuanyuexiaoshuo' ) LIMIT 1   [ RunTime:0.000336s ]
SQL: SELECT COUNT(*) AS tp_count FROM `xs_novel` WHERE ( `novel_cid` = 4 ) LIMIT 1   [ RunTime:0.000519s ]
SQL: SELECT * FROM `xs_novel` WHERE ( `novel_cid` = 4 ) ORDER BY id desc LIMIT 0,9   [ RunTime:0.000448s ]
NOTIC: [2] Invalid argument supplied for foreach() D:\www\docs\xs.cn\home\Lib\Action\IndexAction.class.php 第 111 行.
NOTIC: [8] Undefined variable: tui D:\www\docs\xs.cn\home\Lib\Action\IndexAction.class.php 第 119 行.
INFO: [ view_template ] --START--
INFO: Run LocationTemplate Behavior [ RunTime:0.000909s ]
INFO: [ view_template ] --END-- [ RunTime:0.000997s ]
INFO: [ view_parse ] --START--
INFO: Run ParseTemplate Behavior [ RunTime:0.028551s ]
INFO: [ view_parse ] --END-- [ RunTime:0.028674s ]
INFO: [ view_filter ] --START--
INFO: Run ContentReplace Behavior [ RunTime:0.000842s ]
INFO: Run TokenBuild Behavior [ RunTime:0.000724s ]
INFO: Run WriteHtmlCache Behavior [ RunTime:0.000553s ]
INFO: Run ShowRuntime Behavior [ RunTime:0.000913s ]
INFO: [ view_filter ] --END-- [ RunTime:0.003306s ]
INFO: [ view_end ] --START--
INFO: Run ShowPageTrace Behavior [ RunTime:0.000973s ]
INFO: [ view_end ] --END-- [ RunTime:0.001062s ]

[ 2016-02-18T17:47:55+08:00 ] ERR: (ThinkException) 无法加载模块:Favicon
[ 2016-02-18T17:47:56+08:00 ] 127.0.0.1 /wangyouxiaoshuo/
INFO: [ route_check ] --START--
INFO: Run CheckRoute Behavior [ RunTime:0.001005s ]
INFO: [ route_check ] --END-- [ RunTime:0.001123s ]
INFO: [ app_begin ] --START--
INFO: Run ReadHtmlCache Behavior [ RunTime:0.000783s ]
INFO: [ app_begin ] --END-- [ RunTime:0.000868s ]
SQL: SHOW COLUMNS FROM `xs_site` [ RunTime:0.033274s ]
SQL: SELECT * FROM `xs_site` WHERE ( `id` = 1 ) LIMIT 1   [ RunTime:0.004669s ]
SQL: SHOW COLUMNS FROM `xs_class` [ RunTime:0.074276s ]
SQL: SELECT * FROM `xs_class`  [ RunTime:0.024528s ]
SQL: SHOW COLUMNS FROM `xs_novel` [ RunTime:0.035480s ]
SQL: SELECT `novelname`,`novelauthor` FROM `xs_novel` ORDER BY rand() limit 5  [ RunTime:0.017729s ]
SQL: SELECT * FROM `xs_site` WHERE ( `id` = 1 ) LIMIT 1   [ RunTime:0.003000s ]
SQL: SELECT * FROM `xs_class` WHERE ( `classpy` LIKE  "wangyouxiaoshuo" OR `id`='wangyouxiaoshuo' ) LIMIT 1   [ RunTime:0.003681s ]
SQL: SELECT COUNT(*) AS tp_count FROM `xs_novel` WHERE ( `novel_cid` = 5 ) LIMIT 1   [ RunTime:0.000522s ]
SQL: SELECT * FROM `xs_novel` WHERE ( `novel_cid` = 5 ) ORDER BY id desc LIMIT 0,9   [ RunTime:0.000482s ]
NOTIC: [2] Invalid argument supplied for foreach() D:\www\docs\xs.cn\home\Lib\Action\IndexAction.class.php 第 111 行.
NOTIC: [8] Undefined variable: tui D:\www\docs\xs.cn\home\Lib\Action\IndexAction.class.php 第 119 行.
INFO: [ view_template ] --START--
INFO: Run LocationTemplate Behavior [ RunTime:0.001048s ]
INFO: [ view_template ] --END-- [ RunTime:0.001132s ]
INFO: [ view_parse ] --START--
INFO: Run ParseTemplate Behavior [ RunTime:0.017148s ]
INFO: [ view_parse ] --END-- [ RunTime:0.017249s ]
INFO: [ view_filter ] --START--
INFO: Run ContentReplace Behavior [ RunTime:0.001789s ]
INFO: Run TokenBuild Behavior [ RunTime:0.001921s ]
INFO: Run WriteHtmlCache Behavior [ RunTime:0.000697s ]
INFO: Run ShowRuntime Behavior [ RunTime:0.000768s ]
INFO: [ view_filter ] --END-- [ RunTime:0.005509s ]
INFO: [ view_end ] --START--
INFO: Run ShowPageTrace Behavior [ RunTime:0.001360s ]
INFO: [ view_end ] --END-- [ RunTime:0.001440s ]

[ 2016-02-18T17:47:57+08:00 ] ERR: (ThinkException) 无法加载模块:Favicon
[ 2016-02-18T17:47:58+08:00 ] 127.0.0.1 /chuanyuexiaoshuo/
INFO: [ route_check ] --START--
INFO: Run CheckRoute Behavior [ RunTime:0.000887s ]
INFO: [ route_check ] --END-- [ RunTime:0.001020s ]
INFO: [ app_begin ] --START--
INFO: Run ReadHtmlCache Behavior [ RunTime:0.001476s ]
INFO: [ app_begin ] --END-- [ RunTime:0.001650s ]
SQL: SHOW COLUMNS FROM `xs_site` [ RunTime:0.006266s ]
SQL: SELECT * FROM `xs_site` WHERE ( `id` = 1 ) LIMIT 1   [ RunTime:0.002815s ]
SQL: SHOW COLUMNS FROM `xs_class` [ RunTime:0.006046s ]
SQL: SELECT * FROM `xs_class`  [ RunTime:0.000383s ]
SQL: SHOW COLUMNS FROM `xs_novel` [ RunTime:0.006910s ]
SQL: SELECT `novelname`,`novelauthor` FROM `xs_novel` ORDER BY rand() limit 5  [ RunTime:0.000920s ]
SQL: SELECT * FROM `xs_site` WHERE ( `id` = 1 ) LIMIT 1   [ RunTime:0.000638s ]
SQL: SELECT * FROM `xs_class` WHERE ( `classpy` LIKE  "chuanyuexiaoshuo" OR `id`='chuanyuexiaoshuo' ) LIMIT 1   [ RunTime:0.000468s ]
SQL: SELECT COUNT(*) AS tp_count FROM `xs_novel` WHERE ( `novel_cid` = 4 ) LIMIT 1   [ RunTime:0.000442s ]
SQL: SELECT * FROM `xs_novel` WHERE ( `novel_cid` = 4 ) ORDER BY id desc LIMIT 0,9   [ RunTime:0.000748s ]
NOTIC: [2] Invalid argument supplied for foreach() D:\www\docs\xs.cn\home\Lib\Action\IndexAction.class.php 第 111 行.
NOTIC: [8] Undefined variable: tui D:\www\docs\xs.cn\home\Lib\Action\IndexAction.class.php 第 119 行.
INFO: [ view_template ] --START--
INFO: Run LocationTemplate Behavior [ RunTime:0.000717s ]
INFO: [ view_template ] --END-- [ RunTime:0.000797s ]
INFO: [ view_parse ] --START--
INFO: Run ParseTemplate Behavior [ RunTime:0.017968s ]
INFO: [ view_parse ] --END-- [ RunTime:0.018077s ]
INFO: [ view_filter ] --START--
INFO: Run ContentReplace Behavior [ RunTime:0.000627s ]
INFO: Run TokenBuild Behavior [ RunTime:0.000524s ]
INFO: Run WriteHtmlCache Behavior [ RunTime:0.000395s ]
INFO: Run ShowRuntime Behavior [ RunTime:0.000743s ]
INFO: [ view_filter ] --END-- [ RunTime:0.002521s ]
INFO: [ view_end ] --START--
INFO: Run ShowPageTrace Behavior [ RunTime:0.000824s ]
INFO: [ view_end ] --END-- [ RunTime:0.000898s ]

[ 2016-02-18T17:47:58+08:00 ] ERR: (ThinkException) 无法加载模块:Favicon
[ 2016-02-18T17:47:59+08:00 ] 127.0.0.1 /dushixiaoshuo/
INFO: [ route_check ] --START--
INFO: Run CheckRoute Behavior [ RunTime:0.001006s ]
INFO: [ route_check ] --END-- [ RunTime:0.001127s ]
INFO: [ app_begin ] --START--
INFO: Run ReadHtmlCache Behavior [ RunTime:0.000804s ]
INFO: [ app_begin ] --END-- [ RunTime:0.000921s ]
SQL: SHOW COLUMNS FROM `xs_site` [ RunTime:0.007950s ]
SQL: SELECT * FROM `xs_site` WHERE ( `id` = 1 ) LIMIT 1   [ RunTime:0.000616s ]
SQL: SHOW COLUMNS FROM `xs_class` [ RunTime:0.006989s ]
SQL: SELECT * FROM `xs_class`  [ RunTime:0.000331s ]
SQL: SHOW COLUMNS FROM `xs_novel` [ RunTime:0.006483s ]
SQL: SELECT `novelname`,`novelauthor` FROM `xs_novel` ORDER BY rand() limit 5  [ RunTime:0.000516s ]
SQL: SELECT * FROM `xs_site` WHERE ( `id` = 1 ) LIMIT 1   [ RunTime:0.000332s ]
SQL: SELECT * FROM `xs_class` WHERE ( `classpy` LIKE  "dushixiaoshuo" OR `id`='dushixiaoshuo' ) LIMIT 1   [ RunTime:0.000349s ]
SQL: SELECT COUNT(*) AS tp_count FROM `xs_novel` WHERE ( `novel_cid` = 3 ) LIMIT 1   [ RunTime:0.000503s ]
SQL: SELECT * FROM `xs_novel` WHERE ( `novel_cid` = 3 ) ORDER BY id desc LIMIT 0,9   [ RunTime:0.000394s ]
INFO: [ view_template ] --START--
INFO: Run LocationTemplate Behavior [ RunTime:0.001135s ]
INFO: [ view_template ] --END-- [ RunTime:0.001230s ]
INFO: [ view_parse ] --START--
INFO: Run ParseTemplate Behavior [ RunTime:0.017697s ]
INFO: [ view_parse ] --END-- [ RunTime:0.017791s ]
INFO: [ view_filter ] --START--
INFO: Run ContentReplace Behavior [ RunTime:0.000987s ]
INFO: Run TokenBuild Behavior [ RunTime:0.000672s ]
INFO: Run WriteHtmlCache Behavior [ RunTime:0.000538s ]
INFO: Run ShowRuntime Behavior [ RunTime:0.000656s ]
INFO: [ view_filter ] --END-- [ RunTime:0.003097s ]
INFO: [ view_end ] --START--
INFO: Run ShowPageTrace Behavior [ RunTime:0.000837s ]
INFO: [ view_end ] --END-- [ RunTime:0.000905s ]

[ 2016-02-18T17:47:59+08:00 ] ERR: (ThinkException) 无法加载模块:Favicon
[ 2016-02-18T17:48:07+08:00 ] 127.0.0.1 /xiuzhenxiaoshuo/
INFO: [ route_check ] --START--
INFO: Run CheckRoute Behavior [ RunTime:0.000576s ]
INFO: [ route_check ] --END-- [ RunTime:0.000676s ]
INFO: [ app_begin ] --START--
INFO: Run ReadHtmlCache Behavior [ RunTime:0.000970s ]
INFO: [ app_begin ] --END-- [ RunTime:0.001069s ]
SQL: SHOW COLUMNS FROM `xs_site` [ RunTime:0.004139s ]
SQL: SELECT * FROM `xs_site` WHERE ( `id` = 1 ) LIMIT 1   [ RunTime:0.000429s ]
SQL: SHOW COLUMNS FROM `xs_class` [ RunTime:0.003943s ]
SQL: SELECT * FROM `xs_class`  [ RunTime:0.000827s ]
SQL: SHOW COLUMNS FROM `xs_novel` [ RunTime:0.005148s ]
SQL: SELECT `novelname`,`novelauthor` FROM `xs_novel` ORDER BY rand() limit 5  [ RunTime:0.000495s ]
SQL: SELECT * FROM `xs_site` WHERE ( `id` = 1 ) LIMIT 1   [ RunTime:0.000282s ]
SQL: SELECT * FROM `xs_class` WHERE ( `classpy` LIKE  "xiuzhenxiaoshuo" OR `id`='xiuzhenxiaoshuo' ) LIMIT 1   [ RunTime:0.000253s ]
SQL: SELECT COUNT(*) AS tp_count FROM `xs_novel` WHERE ( `novel_cid` = 2 ) LIMIT 1   [ RunTime:0.000365s ]
SQL: SELECT * FROM `xs_novel` WHERE ( `novel_cid` = 2 ) ORDER BY id desc LIMIT 0,9   [ RunTime:0.000351s ]
NOTIC: [2] Invalid argument supplied for foreach() D:\www\docs\xs.cn\home\Lib\Action\IndexAction.class.php 第 111 行.
NOTIC: [8] Undefined variable: tui D:\www\docs\xs.cn\home\Lib\Action\IndexAction.class.php 第 119 行.
INFO: [ view_template ] --START--
INFO: Run LocationTemplate Behavior [ RunTime:0.001109s ]
INFO: [ view_template ] --END-- [ RunTime:0.001190s ]
INFO: [ view_parse ] --START--
INFO: Run ParseTemplate Behavior [ RunTime:0.011049s ]
INFO: [ view_parse ] --END-- [ RunTime:0.011122s ]
INFO: [ view_filter ] --START--
INFO: Run ContentReplace Behavior [ RunTime:0.000433s ]
INFO: Run TokenBuild Behavior [ RunTime:0.000337s ]
INFO: Run WriteHtmlCache Behavior [ RunTime:0.000259s ]
INFO: Run ShowRuntime Behavior [ RunTime:0.000470s ]
INFO: [ view_filter ] --END-- [ RunTime:0.001612s ]
INFO: [ view_end ] --START--
INFO: Run ShowPageTrace Behavior [ RunTime:0.000449s ]
INFO: [ view_end ] --END-- [ RunTime:0.000485s ]

[ 2016-02-18T17:48:07+08:00 ] ERR: (ThinkException) 无法加载模块:Favicon
[ 2016-02-18T17:48:15+08:00 ] 127.0.0.1 /
INFO: [ app_begin ] --START--
INFO: Run ReadHtmlCache Behavior [ RunTime:0.000413s ]
INFO: [ app_begin ] --END-- [ RunTime:0.000481s ]
SQL: SHOW COLUMNS FROM `xs_site` [ RunTime:0.004563s ]
SQL: SELECT * FROM `xs_site` WHERE ( `id` = 1 ) LIMIT 1   [ RunTime:0.000359s ]
SQL: SHOW COLUMNS FROM `xs_class` [ RunTime:0.003663s ]
SQL: SELECT * FROM `xs_class`  [ RunTime:0.000271s ]
SQL: SHOW COLUMNS FROM `xs_novel` [ RunTime:0.003937s ]
SQL: SELECT `novelname`,`novelauthor` FROM `xs_novel` ORDER BY rand() limit 5  [ RunTime:0.000462s ]
SQL: SELECT * FROM `xs_site` WHERE ( `id` = 1 ) LIMIT 1   [ RunTime:0.000283s ]
SQL: SHOW COLUMNS FROM `xs_links` [ RunTime:0.003748s ]
SQL: SELECT * FROM `xs_links` ORDER BY linkweight desc  [ RunTime:0.000220s ]
SQL: SELECT * FROM `xs_novel` ORDER BY tuitime desc limit 6  [ RunTime:0.000264s ]
SQL: SELECT `id`,`novel_cid`,`novelname`,`novelpy`,`novelauthor`,`update_time` FROM `xs_novel` ORDER BY update_time desc limit 15  [ RunTime:0.000209s ]
SQL: SHOW COLUMNS FROM `xs_content` [ RunTime:0.003827s ]
SQL: SELECT * FROM `xs_class`  [ RunTime:0.002707s ]
SQL: SELECT * FROM `xs_content` WHERE ( `con_nid` = 2 ) ORDER BY id desc limit 1  [ RunTime:0.002571s ]
SQL: SELECT * FROM `xs_class`  [ RunTime:0.000416s ]
SQL: SELECT * FROM `xs_content` WHERE ( `con_nid` = 1 ) ORDER BY id desc limit 1  [ RunTime:0.001660s ]
INFO: [ view_template ] --START--
INFO: Run LocationTemplate Behavior [ RunTime:0.000737s ]
INFO: [ view_template ] --END-- [ RunTime:0.000811s ]
INFO: [ view_parse ] --START--
INFO: Run ParseTemplate Behavior [ RunTime:0.012388s ]
INFO: [ view_parse ] --END-- [ RunTime:0.012484s ]
INFO: [ view_filter ] --START--
INFO: Run ContentReplace Behavior [ RunTime:0.000522s ]
INFO: Run TokenBuild Behavior [ RunTime:0.000331s ]
INFO: Run WriteHtmlCache Behavior [ RunTime:0.000253s ]
INFO: Run ShowRuntime Behavior [ RunTime:0.000429s ]
INFO: [ view_filter ] --END-- [ RunTime:0.001658s ]
INFO: [ view_end ] --START--
INFO: Run ShowPageTrace Behavior [ RunTime:0.000418s ]
INFO: [ view_end ] --END-- [ RunTime:0.000457s ]

[ 2016-02-18T17:48:15+08:00 ] ERR: (ThinkException) 无法加载模块:Favicon
