[ 2016-02-01T14:56:58+08:00 ] 127.0.0.1 /
INFO: [ app_begin ] --START--
INFO: Run ReadHtmlCache Behavior [ RunTime:0.022191s ]
INFO: [ app_begin ] --END-- [ RunTime:0.022387s ]
SQL: SHOW COLUMNS FROM `xs_site` [ RunTime:0.013006s ]
SQL: SELECT * FROM `xs_site` WHERE ( `id` = 1 ) LIMIT 1   [ RunTime:0.001987s ]
SQL: SHOW COLUMNS FROM `xs_class` [ RunTime:0.011654s ]
SQL: SELECT * FROM `xs_class`  [ RunTime:0.000989s ]
SQL: SHOW COLUMNS FROM `xs_novel` [ RunTime:0.007851s ]
SQL: SELECT `novelname`,`novelauthor` FROM `xs_novel` ORDER BY rand() limit 5  [ RunTime:0.003058s ]
SQL: SELECT * FROM `xs_site` WHERE ( `id` = 1 ) LIMIT 1   [ RunTime:0.000553s ]
SQL: SHOW COLUMNS FROM `xs_links` [ RunTime:0.005149s ]
SQL: SELECT * FROM `xs_links` ORDER BY linkweight desc  [ RunTime:0.000205s ]
SQL: SELECT * FROM `xs_novel` ORDER BY tuitime desc limit 6  [ RunTime:0.000258s ]
SQL: SELECT `id`,`novel_cid`,`novelname`,`novelpy`,`novelauthor`,`update_time` FROM `xs_novel` ORDER BY update_time desc limit 15  [ RunTime:0.000348s ]
SQL: SHOW COLUMNS FROM `xs_content` [ RunTime:0.004717s ]
SQL: SELECT * FROM `xs_class`  [ RunTime:0.000244s ]
SQL: SELECT * FROM `xs_content` WHERE ( `con_nid` = 2 ) ORDER BY id desc limit 1  [ RunTime:0.000988s ]
SQL: SELECT * FROM `xs_class`  [ RunTime:0.000153s ]
SQL: SELECT * FROM `xs_content` WHERE ( `con_nid` = 1 ) ORDER BY id desc limit 1  [ RunTime:0.042855s ]
INFO: [ view_template ] --START--
INFO: Run LocationTemplate Behavior [ RunTime:0.001389s ]
INFO: [ view_template ] --END-- [ RunTime:0.001472s ]
INFO: [ view_parse ] --START--
INFO: Run ParseTemplate Behavior [ RunTime:0.126557s ]
INFO: [ view_parse ] --END-- [ RunTime:0.126632s ]
INFO: [ view_filter ] --START--
INFO: Run ContentReplace Behavior [ RunTime:0.006714s ]
INFO: Run TokenBuild Behavior [ RunTime:0.009636s ]
INFO: Run WriteHtmlCache Behavior [ RunTime:0.000790s ]
INFO: Run ShowRuntime Behavior [ RunTime:0.001030s ]
INFO: [ view_filter ] --END-- [ RunTime:0.018316s ]
INFO: [ view_end ] --START--
INFO: Run ShowPageTrace Behavior [ RunTime:0.000959s ]
INFO: [ view_end ] --END-- [ RunTime:0.001002s ]

[ 2016-02-01T14:56:58+08:00 ] ERR: (ThinkException) 无法加载模块:Public
[ 2016-02-01T14:56:59+08:00 ] ERR: (ThinkException) 无法加载模块:Favicon
[ 2016-02-01T14:57:19+08:00 ] 127.0.0.1 /book/zhenguanxianren/
INFO: [ route_check ] --START--
INFO: Run CheckRoute Behavior [ RunTime:0.000654s ]
INFO: [ route_check ] --END-- [ RunTime:0.000723s ]
INFO: [ app_begin ] --START--
INFO: Run ReadHtmlCache Behavior [ RunTime:0.000654s ]
INFO: [ app_begin ] --END-- [ RunTime:0.000702s ]
SQL: SHOW COLUMNS FROM `xs_site` [ RunTime:0.004690s ]
SQL: SELECT * FROM `xs_site` WHERE ( `id` = 1 ) LIMIT 1   [ RunTime:0.000425s ]
SQL: SHOW COLUMNS FROM `xs_class` [ RunTime:0.005652s ]
SQL: SELECT * FROM `xs_class`  [ RunTime:0.000334s ]
SQL: SHOW COLUMNS FROM `xs_novel` [ RunTime:0.004840s ]
SQL: SELECT `novelname`,`novelauthor` FROM `xs_novel` ORDER BY rand() limit 5  [ RunTime:0.000433s ]
SQL: SELECT * FROM `xs_site` WHERE ( `id` = 1 ) LIMIT 1   [ RunTime:0.000225s ]
SQL: SELECT * FROM `xs_novel` WHERE ( `novelpy` LIKE  "zhenguanxianren" OR `id`='zhenguanxianren' ) LIMIT 1   [ RunTime:0.005614s ]
SQL: SELECT * FROM `xs_class` WHERE ( `id` = 3 ) LIMIT 1   [ RunTime:0.000160s ]
SQL: SHOW COLUMNS FROM `xs_vol` [ RunTime:0.004718s ]
SQL: SELECT * FROM `xs_vol` WHERE ( `vol_nid` = 2 )  [ RunTime:0.000449s ]
SQL: SHOW COLUMNS FROM `xs_content` [ RunTime:0.004943s ]
SQL: SELECT `id`,`con_name`,`con_namepy` FROM `xs_content` WHERE ( con_nid=2 ) ORDER BY id desc limit 9  [ RunTime:0.000454s ]
SQL: SELECT `id`,`con_name`,`con_namepy` FROM `xs_content` WHERE ( `con_vid` = 2 ) AND ( `con_nid` = 2 )  [ RunTime:0.020245s ]
INFO: [ view_template ] --START--
INFO: Run LocationTemplate Behavior [ RunTime:0.001062s ]
INFO: [ view_template ] --END-- [ RunTime:0.001123s ]
INFO: [ view_parse ] --START--
INFO: Run ParseTemplate Behavior [ RunTime:0.059602s ]
INFO: [ view_parse ] --END-- [ RunTime:0.059663s ]
INFO: [ view_filter ] --START--
INFO: Run ContentReplace Behavior [ RunTime:0.000668s ]
INFO: Run TokenBuild Behavior [ RunTime:0.000502s ]
INFO: Run WriteHtmlCache Behavior [ RunTime:0.000436s ]
INFO: Run ShowRuntime Behavior [ RunTime:0.000513s ]
INFO: [ view_filter ] --END-- [ RunTime:0.002229s ]
INFO: [ view_end ] --START--
INFO: Run ShowPageTrace Behavior [ RunTime:0.000535s ]
INFO: [ view_end ] --END-- [ RunTime:0.000570s ]

[ 2016-02-01T14:57:20+08:00 ] ERR: (ThinkException) 无法加载模块:Favicon
[ 2016-02-01T14:57:24+08:00 ] ERR: (ThinkException) 无法加载模块:Public
[ 2016-02-01T14:57:38+08:00 ] ERR: (ThinkException) 无法加载模块:Favicon
[ 2016-02-01T14:58:01+08:00 ] ERR: (ThinkException) 无法加载模块:Favicon
[ 2016-02-01T14:58:05+08:00 ] 127.0.0.1 /
INFO: [ app_begin ] --START--
INFO: Run ReadHtmlCache Behavior [ RunTime:0.000733s ]
INFO: [ app_begin ] --END-- [ RunTime:0.000823s ]
SQL: SHOW COLUMNS FROM `xs_site` [ RunTime:0.004800s ]
SQL: SELECT * FROM `xs_site` WHERE ( `id` = 1 ) LIMIT 1   [ RunTime:0.000519s ]
SQL: SHOW COLUMNS FROM `xs_class` [ RunTime:0.004814s ]
SQL: SELECT * FROM `xs_class`  [ RunTime:0.000229s ]
SQL: SHOW COLUMNS FROM `xs_novel` [ RunTime:0.005298s ]
SQL: SELECT `novelname`,`novelauthor` FROM `xs_novel` ORDER BY rand() limit 5  [ RunTime:0.000400s ]
SQL: SELECT * FROM `xs_site` WHERE ( `id` = 1 ) LIMIT 1   [ RunTime:0.000246s ]
SQL: SHOW COLUMNS FROM `xs_links` [ RunTime:0.004516s ]
SQL: SELECT * FROM `xs_links` ORDER BY linkweight desc  [ RunTime:0.000200s ]
SQL: SELECT * FROM `xs_novel` ORDER BY tuitime desc limit 6  [ RunTime:0.000218s ]
SQL: SELECT `id`,`novel_cid`,`novelname`,`novelpy`,`novelauthor`,`update_time` FROM `xs_novel` ORDER BY update_time desc limit 15  [ RunTime:0.000164s ]
SQL: SHOW COLUMNS FROM `xs_content` [ RunTime:0.004378s ]
SQL: SELECT * FROM `xs_class`  [ RunTime:0.000243s ]
SQL: SELECT * FROM `xs_content` WHERE ( `con_nid` = 2 ) ORDER BY id desc limit 1  [ RunTime:0.000232s ]
SQL: SELECT * FROM `xs_class`  [ RunTime:0.000151s ]
SQL: SELECT * FROM `xs_content` WHERE ( `con_nid` = 1 ) ORDER BY id desc limit 1  [ RunTime:0.000885s ]
INFO: [ view_template ] --START--
INFO: Run LocationTemplate Behavior [ RunTime:0.000733s ]
INFO: [ view_template ] --END-- [ RunTime:0.000778s ]
INFO: [ view_parse ] --START--
INFO: Run ParseTemplate Behavior [ RunTime:0.013399s ]
INFO: [ view_parse ] --END-- [ RunTime:0.013490s ]
INFO: [ view_filter ] --START--
INFO: Run ContentReplace Behavior [ RunTime:0.001245s ]
INFO: Run TokenBuild Behavior [ RunTime:0.000750s ]
INFO: Run WriteHtmlCache Behavior [ RunTime:0.000426s ]
INFO: Run ShowRuntime Behavior [ RunTime:0.000550s ]
INFO: [ view_filter ] --END-- [ RunTime:0.003151s ]
INFO: [ view_end ] --START--
INFO: Run ShowPageTrace Behavior [ RunTime:0.000542s ]
INFO: [ view_end ] --END-- [ RunTime:0.000583s ]

[ 2016-02-01T14:58:05+08:00 ] ERR: (ThinkException) 无法加载模块:Favicon
[ 2016-02-01T14:58:11+08:00 ] ERR: (ThinkException) 无法加载模块:Favicon
[ 2016-02-01T14:58:13+08:00 ] ERR: (ThinkException) 无法加载模块:Favicon
[ 2016-02-01T14:58:18+08:00 ] ERR: (ThinkException) 无法加载模块:Favicon
[ 2016-02-01T14:58:26+08:00 ] ERR: (ThinkException) 无法加载模块:Favicon
[ 2016-02-01T14:58:28+08:00 ] ERR: (ThinkException) 无法加载模块:Favicon
[ 2016-02-01T14:58:52+08:00 ] ERR: (ThinkException) 无法加载模块:Favicon
[ 2016-02-01T14:58:56+08:00 ] ERR: (ThinkException) 无法加载模块:Favicon
[ 2016-02-01T14:59:00+08:00 ] ERR: (ThinkException) 无法加载模块:Favicon
[ 2016-02-01T14:59:18+08:00 ] ERR: (ThinkException) 无法加载模块:Favicon
[ 2016-02-01T14:59:21+08:00 ] ERR: (ThinkException) 无法加载模块:Favicon
[ 2016-02-01T14:59:24+08:00 ] ERR: (ThinkException) 无法加载模块:Favicon
[ 2016-02-01T14:59:27+08:00 ] ERR: (ThinkException) 无法加载模块:Favicon
[ 2016-02-01T14:59:34+08:00 ] ERR: (ThinkException) 无法加载模块:Favicon
[ 2016-02-01T14:59:37+08:00 ] ERR: (ThinkException) 无法加载模块:Favicon
[ 2016-02-01T14:59:43+08:00 ] ERR: (ThinkException) 无法加载模块:Favicon
[ 2016-02-01T15:00:08+08:00 ] ERR: (ThinkException) 无法加载模块:Favicon
