[ 2016-02-17T10:17:08+08:00 ] 127.0.0.1 /
INFO: [ app_begin ] --START--
INFO: Run ReadHtmlCache Behavior [ RunTime:0.008409s ]
INFO: [ app_begin ] --END-- [ RunTime:0.018430s ]
SQL: SHOW COLUMNS FROM `xs_site` [ RunTime:0.026689s ]
SQL: SELECT * FROM `xs_site` WHERE ( `id` = 1 ) LIMIT 1   [ RunTime:0.002387s ]
SQL: SHOW COLUMNS FROM `xs_class` [ RunTime:0.016309s ]
SQL: SELECT * FROM `xs_class`  [ RunTime:0.000855s ]
SQL: SHOW COLUMNS FROM `xs_novel` [ RunTime:0.011542s ]
SQL: SELECT `novelname`,`novelauthor` FROM `xs_novel` ORDER BY rand() limit 5  [ RunTime:0.002685s ]
SQL: SELECT * FROM `xs_site` WHERE ( `id` = 1 ) LIMIT 1   [ RunTime:0.000310s ]
SQL: SHOW COLUMNS FROM `xs_links` [ RunTime:0.009413s ]
SQL: SELECT * FROM `xs_links` ORDER BY linkweight desc  [ RunTime:0.000267s ]
SQL: SELECT * FROM `xs_novel` ORDER BY tuitime desc limit 6  [ RunTime:0.000339s ]
SQL: SELECT `id`,`novel_cid`,`novelname`,`novelpy`,`novelauthor`,`update_time` FROM `xs_novel` ORDER BY update_time desc limit 15  [ RunTime:0.000348s ]
SQL: SHOW COLUMNS FROM `xs_content` [ RunTime:0.006519s ]
SQL: SELECT * FROM `xs_class`  [ RunTime:0.000261s ]
SQL: SELECT * FROM `xs_content` WHERE ( `con_nid` = 2 ) ORDER BY id desc limit 1  [ RunTime:0.001903s ]
SQL: SELECT * FROM `xs_class`  [ RunTime:0.000169s ]
SQL: SELECT * FROM `xs_content` WHERE ( `con_nid` = 1 ) ORDER BY id desc limit 1  [ RunTime:0.042392s ]
INFO: [ view_template ] --START--
INFO: Run LocationTemplate Behavior [ RunTime:0.001758s ]
INFO: [ view_template ] --END-- [ RunTime:0.001831s ]
INFO: [ view_parse ] --START--
INFO: Run ParseTemplate Behavior [ RunTime:0.131942s ]
INFO: [ view_parse ] --END-- [ RunTime:0.132018s ]
INFO: [ view_filter ] --START--
INFO: Run ContentReplace Behavior [ RunTime:0.006857s ]
INFO: Run TokenBuild Behavior [ RunTime:0.009459s ]
INFO: Run WriteHtmlCache Behavior [ RunTime:0.000838s ]
INFO: Run ShowRuntime Behavior [ RunTime:0.000700s ]
INFO: [ view_filter ] --END-- [ RunTime:0.018016s ]
INFO: [ view_end ] --START--
INFO: Run ShowPageTrace Behavior [ RunTime:0.000913s ]
INFO: [ view_end ] --END-- [ RunTime:0.000981s ]

[ 2016-02-17T10:17:08+08:00 ] ERR: (ThinkException) 无法加载模块:Public
[ 2016-02-17T10:17:09+08:00 ] ERR: (ThinkException) 无法加载模块:Favicon
[ 2016-02-17T10:17:14+08:00 ] 127.0.0.1 /xuanhuanxiaoshuo/
INFO: [ route_check ] --START--
INFO: Run CheckRoute Behavior [ RunTime:0.001150s ]
INFO: [ route_check ] --END-- [ RunTime:0.001283s ]
INFO: [ app_begin ] --START--
INFO: Run ReadHtmlCache Behavior [ RunTime:0.000706s ]
INFO: [ app_begin ] --END-- [ RunTime:0.000780s ]
SQL: SHOW COLUMNS FROM `xs_site` [ RunTime:0.006421s ]
SQL: SELECT * FROM `xs_site` WHERE ( `id` = 1 ) LIMIT 1   [ RunTime:0.000334s ]
SQL: SHOW COLUMNS FROM `xs_class` [ RunTime:0.006376s ]
SQL: SELECT * FROM `xs_class`  [ RunTime:0.000366s ]
SQL: SHOW COLUMNS FROM `xs_novel` [ RunTime:0.005792s ]
SQL: SELECT `novelname`,`novelauthor` FROM `xs_novel` ORDER BY rand() limit 5  [ RunTime:0.000430s ]
SQL: SELECT * FROM `xs_site` WHERE ( `id` = 1 ) LIMIT 1   [ RunTime:0.000217s ]
SQL: SELECT * FROM `xs_class` WHERE ( `classpy` LIKE  "xuanhuanxiaoshuo" OR `id`='xuanhuanxiaoshuo' ) LIMIT 1   [ RunTime:0.004762s ]
SQL: SELECT COUNT(*) AS tp_count FROM `xs_novel` WHERE ( `novel_cid` = 1 ) LIMIT 1   [ RunTime:0.002178s ]
SQL: SELECT * FROM `xs_novel` WHERE ( `novel_cid` = 1 ) ORDER BY id desc LIMIT 0,9   [ RunTime:0.000251s ]
INFO: [ view_template ] --START--
INFO: Run LocationTemplate Behavior [ RunTime:0.018278s ]
INFO: [ view_template ] --END-- [ RunTime:0.018357s ]
INFO: [ view_parse ] --START--
INFO: Run ParseTemplate Behavior [ RunTime:0.039461s ]
INFO: [ view_parse ] --END-- [ RunTime:0.039531s ]
INFO: [ view_filter ] --START--
INFO: Run ContentReplace Behavior [ RunTime:0.000448s ]
INFO: Run TokenBuild Behavior [ RunTime:0.000380s ]
INFO: Run WriteHtmlCache Behavior [ RunTime:0.000296s ]
INFO: Run ShowRuntime Behavior [ RunTime:0.000398s ]
INFO: [ view_filter ] --END-- [ RunTime:0.001633s ]
INFO: [ view_end ] --START--
INFO: Run ShowPageTrace Behavior [ RunTime:0.000471s ]
INFO: [ view_end ] --END-- [ RunTime:0.000506s ]

[ 2016-02-17T10:17:14+08:00 ] ERR: (ThinkException) 无法加载模块:Favicon
[ 2016-02-17T10:17:20+08:00 ] 127.0.0.1 /
INFO: [ app_begin ] --START--
INFO: Run ReadHtmlCache Behavior [ RunTime:0.000410s ]
INFO: [ app_begin ] --END-- [ RunTime:0.000477s ]
SQL: SHOW COLUMNS FROM `xs_site` [ RunTime:0.006001s ]
SQL: SELECT * FROM `xs_site` WHERE ( `id` = 1 ) LIMIT 1   [ RunTime:0.000462s ]
SQL: SHOW COLUMNS FROM `xs_class` [ RunTime:0.006948s ]
SQL: SELECT * FROM `xs_class`  [ RunTime:0.000374s ]
SQL: SHOW COLUMNS FROM `xs_novel` [ RunTime:0.006055s ]
SQL: SELECT `novelname`,`novelauthor` FROM `xs_novel` ORDER BY rand() limit 5  [ RunTime:0.000689s ]
SQL: SELECT * FROM `xs_site` WHERE ( `id` = 1 ) LIMIT 1   [ RunTime:0.000548s ]
SQL: SHOW COLUMNS FROM `xs_links` [ RunTime:0.005092s ]
SQL: SELECT * FROM `xs_links` ORDER BY linkweight desc  [ RunTime:0.000208s ]
SQL: SELECT * FROM `xs_novel` ORDER BY tuitime desc limit 6  [ RunTime:0.000218s ]
SQL: SELECT `id`,`novel_cid`,`novelname`,`novelpy`,`novelauthor`,`update_time` FROM `xs_novel` ORDER BY update_time desc limit 15  [ RunTime:0.000160s ]
SQL: SHOW COLUMNS FROM `xs_content` [ RunTime:0.004942s ]
SQL: SELECT * FROM `xs_class`  [ RunTime:0.000245s ]
SQL: SELECT * FROM `xs_content` WHERE ( `con_nid` = 2 ) ORDER BY id desc limit 1  [ RunTime:0.000237s ]
SQL: SELECT * FROM `xs_class`  [ RunTime:0.000146s ]
SQL: SELECT * FROM `xs_content` WHERE ( `con_nid` = 1 ) ORDER BY id desc limit 1  [ RunTime:0.000851s ]
INFO: [ view_template ] --START--
INFO: Run LocationTemplate Behavior [ RunTime:0.000517s ]
INFO: [ view_template ] --END-- [ RunTime:0.000561s ]
INFO: [ view_parse ] --START--
INFO: Run ParseTemplate Behavior [ RunTime:0.013230s ]
INFO: [ view_parse ] --END-- [ RunTime:0.013295s ]
INFO: [ view_filter ] --START--
INFO: Run ContentReplace Behavior [ RunTime:0.000454s ]
INFO: Run TokenBuild Behavior [ RunTime:0.000625s ]
INFO: Run WriteHtmlCache Behavior [ RunTime:0.000764s ]
INFO: Run ShowRuntime Behavior [ RunTime:0.000661s ]
INFO: [ view_filter ] --END-- [ RunTime:0.002691s ]
INFO: [ view_end ] --START--
INFO: Run ShowPageTrace Behavior [ RunTime:0.000493s ]
INFO: [ view_end ] --END-- [ RunTime:0.000536s ]

[ 2016-02-17T10:17:20+08:00 ] ERR: (ThinkException) 无法加载模块:Favicon
